<?xml version="1.0" encoding="UTF-8"?>
<!-- Generated by org.testng.reporters.JUnitXMLReporter -->
<testsuite ignored="10" hostname="IN-L2504" failures="0" tests="1" name="Default test" time="0.018" errors="0" timestamp="24 Feb 2021 02:47:45 GMT">
  <testcase classname="com.org.Util.BaseClass" name="@BeforeSuite beforeSuite" time="0.0">
    <failure type="org.testng.TestNGException" message="
Parameter &amp;apos;Environment&amp;apos; is required by BeforeSuite on method beforeSuite but has not been marked @Optional or defined
in C:\Users\rshrivastav\AppData\Local\Temp\testng-eclipse--1016808740\testng-customsuite.xml">
      <![CDATA[org.testng.TestNGException: 
Parameter 'Environment' is required by BeforeSuite on method beforeSuite but has not been marked @Optional or defined
in C:\Users\rshrivastav\AppData\Local\Temp\testng-eclipse--1016808740\testng-customsuite.xml
at org.testng.internal.Parameters.createParams(Parameters.java:290)
at org.testng.internal.Parameters.createParametersForMethod(Parameters.java:359)
at org.testng.internal.Parameters.createParameters(Parameters.java:620)
at org.testng.internal.Parameters.createConfigurationParameters(Parameters.java:190)
at org.testng.internal.Invoker.invokeConfigurations(Invoker.java:209)
at org.testng.internal.Invoker.invokeConfigurations(Invoker.java:142)
at org.testng.SuiteRunner.privateRun(SuiteRunner.java:401)
at org.testng.SuiteRunner.run(SuiteRunner.java:364)
at org.testng.SuiteRunnerWorker.runSuite(SuiteRunnerWorker.java:52)
at org.testng.SuiteRunnerWorker.run(SuiteRunnerWorker.java:84)
at org.testng.TestNG.runSuitesSequentially(TestNG.java:1208)
at org.testng.TestNG.runSuitesLocally(TestNG.java:1137)
at org.testng.TestNG.runSuites(TestNG.java:1049)
at org.testng.TestNG.run(TestNG.java:1017)
at org.testng.remote.AbstractRemoteTestNG.run(AbstractRemoteTestNG.java:115)
at org.testng.remote.RemoteTestNG.initAndRun(RemoteTestNG.java:251)
at org.testng.remote.RemoteTestNG.main(RemoteTestNG.java:77)
]]>
    </failure>
  </testcase> <!-- @BeforeSuite beforeSuite -->
  <testcase classname="com.org.WebAppAutomation.PurchaseProduct" name="changeColorOfProductIfOptionsAvailable" time="0.0">
    <skipped/>
  </testcase> <!-- changeColorOfProductIfOptionsAvailable -->
  <testcase classname="com.org.WebAppAutomation.PurchaseProduct" name="selectSizeOfProduct" time="0.0">
    <ignored/>
  </testcase> <!-- selectSizeOfProduct -->
  <testcase classname="com.org.WebAppAutomation.PurchaseProduct" name="proceedToCheckOut" time="0.0">
    <ignored/>
  </testcase> <!-- proceedToCheckOut -->
  <testcase classname="com.org.WebAppAutomation.PurchaseProduct" name="changeQuantityOfProduct" time="0.0">
    <ignored/>
  </testcase> <!-- changeQuantityOfProduct -->
  <testcase classname="com.org.WebAppAutomation.PurchaseProduct" name="selectProductWithSpecificPrice" time="0.0">
    <ignored/>
  </testcase> <!-- selectProductWithSpecificPrice -->
  <testcase classname="com.org.WebAppAutomation.PurchaseProduct" name="reviewAndProceedToCheckOutProduct" time="0.0">
    <ignored/>
  </testcase> <!-- reviewAndProceedToCheckOutProduct -->
  <testcase classname="com.org.WebAppAutomation.PurchaseProduct" name="verifyLandingPage" time="0.0">
    <ignored/>
  </testcase> <!-- verifyLandingPage -->
  <testcase classname="com.org.WebAppAutomation.PurchaseProduct" name="loginToPortal" time="0.0">
    <ignored/>
  </testcase> <!-- loginToPortal -->
  <testcase classname="com.org.WebAppAutomation.PurchaseProduct" name="updateOrAddAddress" time="0.0">
    <ignored/>
  </testcase> <!-- updateOrAddAddress -->
  <testcase classname="com.org.WebAppAutomation.PurchaseProduct" name="SelectCategory" time="0.0">
    <ignored/>
  </testcase> <!-- SelectCategory -->
  <testcase classname="com.org.WebAppAutomation.PurchaseProduct" name="submitTheProduct" time="0.0">
    <ignored/>
  </testcase> <!-- submitTheProduct -->
</testsuite> <!-- Default test -->
