<html>
<head>
<title>TestNG:  Cash Flow Summary</title>
<link href="../testng.css" rel="stylesheet" type="text/css" />
<link href="../my-testng.css" rel="stylesheet" type="text/css" />

<style type="text/css">
.log { display: none;} 
.stack-trace { display: none;} 
</style>
<script type="text/javascript">
<!--
function flip(e) {
  current = e.style.display;
  if (current == 'block') {
    e.style.display = 'none';
    return 0;
  }
  else {
    e.style.display = 'block';
    return 1;
  }
}

function toggleBox(szDivId, elem, msg1, msg2)
{
  var res = -1;  if (document.getElementById) {
    res = flip(document.getElementById(szDivId));
  }
  else if (document.all) {
    // this is the way old msie versions work
    res = flip(document.all[szDivId]);
  }
  if(elem) {
    if(res == 0) elem.innerHTML = msg1; else elem.innerHTML = msg2;
  }

}

function toggleAllBoxes() {
  if (document.getElementsByTagName) {
    d = document.getElementsByTagName('div');
    for (i = 0; i < d.length; i++) {
      if (d[i].className == 'log') {
        flip(d[i]);
      }
    }
  }
}

// -->
</script>

</head>
<body>
<h2 align='center'>Cash Flow Summary</h2><table border='1' align="center">
<tr>
<td>Tests passed/Failed/Skipped:</td><td>3/16/0</td>
</tr><tr>
<td>Started on:</td><td>Wed May 19 01:58:13 IST 2021</td>
</tr>
<tr><td>Total time:</td><td>1332 seconds (1332715 ms)</td>
</tr><tr>
<td>Included groups:</td><td></td>
</tr><tr>
<td>Excluded groups:</td><td></td>
</tr>
</table><p/>
<small><i>(Hover the method name to see the test class name)</i></small><p/>
<table width='100%' border='1' class='invocation-failed'>
<tr><td colspan='4' align='center'><b>FAILED TESTS</b></td></tr>
<tr><td><b>Test method</b></td>
<td width="30%"><b>Exception</b></td>
<td width="10%"><b>Time (seconds)</b></td>
<td><b>Instance</b></td>
</tr>
<tr>
<td title='com.yodlee.app.yodleeApi.Insights.Notifications.V2.TestGetInsightsForCashFlowSummary.testGetNotificationsForCashFlowSummary()'><b>testGetNotificationsForCashFlowSummary</b><br>Test class: com.yodlee.app.yodleeApi.Insights.Notifications.V2.TestGetInsightsForCashFlowSummary<br>Parameters: AT-CFS03, Validate CashFlowSummary Insight when cobrand is  Subscribed and User is Subscribed, CASH_FLOW_SUMMARY, FALSE, BANK, SCHEDULE, 16441, , , , 1, account, , , , , 4, TRUE, TRUE, TRUE, CashFlowSummary.json, , MONTHLY, , , , , Account, 201, TRUE</td>
<td><div><pre>java.lang.AssertionError: TEST FAILED
	at com.yodlee.app.yodleeApi.Insights.Notifications.V2.TestGetInsightsForCashFlowSummary.testGetNotificationsForCashFlowSummary(TestGetInsightsForCashFlowSummary.java:298)
	at java.util.concurrent.ThreadPoolExecutor.runWorker(Unknown Source)
	at java.util.concurrent.ThreadPoolExecutor$Worker.run(Unknown Source)
	at java.lang.Thread.run(Unknown Source)
... Removed 11 stack frames</pre></div><a href='#' onClick='toggleBox("stack-trace1480566842", this, "Click to show all stack frames", "Click to hide stack frames")'>Click to show all stack frames</a>
<div class='stack-trace' id='stack-trace1480566842'><pre>java.lang.AssertionError: TEST FAILED
	at org.testng.Assert.fail(Assert.java:94)
	at com.yodlee.app.yodleeApi.Insights.Notifications.V2.TestGetInsightsForCashFlowSummary.testGetNotificationsForCashFlowSummary(TestGetInsightsForCashFlowSummary.java:298)
	at sun.reflect.NativeMethodAccessorImpl.invoke0(Native Method)
	at sun.reflect.NativeMethodAccessorImpl.invoke(Unknown Source)
	at sun.reflect.DelegatingMethodAccessorImpl.invoke(Unknown Source)
	at java.lang.reflect.Method.invoke(Unknown Source)
	at org.testng.internal.MethodInvocationHelper.invokeMethod(MethodInvocationHelper.java:104)
	at org.testng.internal.Invoker.invokeMethod(Invoker.java:645)
	at org.testng.internal.Invoker.invokeTestMethod(Invoker.java:851)
	at org.testng.internal.Invoker.invokeTestMethods(Invoker.java:1177)
	at org.testng.internal.TestMethodWorker.invokeTestMethods(TestMethodWorker.java:129)
	at org.testng.internal.TestMethodWorker.run(TestMethodWorker.java:112)
	at java.util.concurrent.ThreadPoolExecutor.runWorker(Unknown Source)
	at java.util.concurrent.ThreadPoolExecutor$Worker.run(Unknown Source)
	at java.lang.Thread.run(Unknown Source)
</pre></div></td>
<td>61</td>
<td>com.yodlee.app.yodleeApi.Insights.Notifications.V2.TestGetInsightsForCashFlowSummary@5f9b2141</td></tr>
<tr>
<td title='com.yodlee.app.yodleeApi.Insights.Notifications.V2.TestGetInsightsForCashFlowSummary.testGetNotificationsForCashFlowSummary()'><b>testGetNotificationsForCashFlowSummary</b><br>Test class: com.yodlee.app.yodleeApi.Insights.Notifications.V2.TestGetInsightsForCashFlowSummary<br>Parameters: AT-CFS04, Validate CashFlowSummary Insight when cobrand is subscribed  for different threshold user overides cobrand threshold, CASH_FLOW_SUMMARY, FALSE, BANK, SCHEDULE, 16441, , , , 1, account, , , , , 4, TRUE, TRUE, TRUE, CashFlowSummary.json, THREE_MONTHS, DAILY, , , , , Account, 201, TRUE</td>
<td><div><pre>java.lang.AssertionError: TEST FAILED
	at com.yodlee.app.yodleeApi.Insights.Notifications.V2.TestGetInsightsForCashFlowSummary.testGetNotificationsForCashFlowSummary(TestGetInsightsForCashFlowSummary.java:298)
	at java.util.concurrent.ThreadPoolExecutor.runWorker(Unknown Source)
	at java.util.concurrent.ThreadPoolExecutor$Worker.run(Unknown Source)
	at java.lang.Thread.run(Unknown Source)
... Removed 11 stack frames</pre></div><a href='#' onClick='toggleBox("stack-trace426165521", this, "Click to show all stack frames", "Click to hide stack frames")'>Click to show all stack frames</a>
<div class='stack-trace' id='stack-trace426165521'><pre>java.lang.AssertionError: TEST FAILED
	at org.testng.Assert.fail(Assert.java:94)
	at com.yodlee.app.yodleeApi.Insights.Notifications.V2.TestGetInsightsForCashFlowSummary.testGetNotificationsForCashFlowSummary(TestGetInsightsForCashFlowSummary.java:298)
	at sun.reflect.NativeMethodAccessorImpl.invoke0(Native Method)
	at sun.reflect.NativeMethodAccessorImpl.invoke(Unknown Source)
	at sun.reflect.DelegatingMethodAccessorImpl.invoke(Unknown Source)
	at java.lang.reflect.Method.invoke(Unknown Source)
	at org.testng.internal.MethodInvocationHelper.invokeMethod(MethodInvocationHelper.java:104)
	at org.testng.internal.Invoker.invokeMethod(Invoker.java:645)
	at org.testng.internal.Invoker.invokeTestMethod(Invoker.java:851)
	at org.testng.internal.Invoker.invokeTestMethods(Invoker.java:1177)
	at org.testng.internal.TestMethodWorker.invokeTestMethods(TestMethodWorker.java:129)
	at org.testng.internal.TestMethodWorker.run(TestMethodWorker.java:112)
	at java.util.concurrent.ThreadPoolExecutor.runWorker(Unknown Source)
	at java.util.concurrent.ThreadPoolExecutor$Worker.run(Unknown Source)
	at java.lang.Thread.run(Unknown Source)
</pre></div></td>
<td>61</td>
<td>com.yodlee.app.yodleeApi.Insights.Notifications.V2.TestGetInsightsForCashFlowSummary@5f9b2141</td></tr>
<tr>
<td title='com.yodlee.app.yodleeApi.Insights.Notifications.V2.TestGetInsightsForCashFlowSummary.testGetNotificationsForCashFlowSummary()'><b>testGetNotificationsForCashFlowSummary</b><br>Test class: com.yodlee.app.yodleeApi.Insights.Notifications.V2.TestGetInsightsForCashFlowSummary<br>Parameters: AT-CFS05, Validate CashFlowSummary Insight when cobrand is subscribed and User is also Subscribed threshold as different, CASH_FLOW_SUMMARY, FALSE, BANK, SCHEDULE, 16441, , , , 1, account, , , , , 4, TRUE, TRUE, TRUE, CashFlowSummary.json, THREE_MONTHS, WEEKLY, , , , , Account, 201, TRUE</td>
<td><div><pre>java.lang.AssertionError: TEST FAILED
	at com.yodlee.app.yodleeApi.Insights.Notifications.V2.TestGetInsightsForCashFlowSummary.testGetNotificationsForCashFlowSummary(TestGetInsightsForCashFlowSummary.java:298)
	at java.util.concurrent.ThreadPoolExecutor.runWorker(Unknown Source)
	at java.util.concurrent.ThreadPoolExecutor$Worker.run(Unknown Source)
	at java.lang.Thread.run(Unknown Source)
... Removed 11 stack frames</pre></div><a href='#' onClick='toggleBox("stack-trace1659102928", this, "Click to show all stack frames", "Click to hide stack frames")'>Click to show all stack frames</a>
<div class='stack-trace' id='stack-trace1659102928'><pre>java.lang.AssertionError: TEST FAILED
	at org.testng.Assert.fail(Assert.java:94)
	at com.yodlee.app.yodleeApi.Insights.Notifications.V2.TestGetInsightsForCashFlowSummary.testGetNotificationsForCashFlowSummary(TestGetInsightsForCashFlowSummary.java:298)
	at sun.reflect.NativeMethodAccessorImpl.invoke0(Native Method)
	at sun.reflect.NativeMethodAccessorImpl.invoke(Unknown Source)
	at sun.reflect.DelegatingMethodAccessorImpl.invoke(Unknown Source)
	at java.lang.reflect.Method.invoke(Unknown Source)
	at org.testng.internal.MethodInvocationHelper.invokeMethod(MethodInvocationHelper.java:104)
	at org.testng.internal.Invoker.invokeMethod(Invoker.java:645)
	at org.testng.internal.Invoker.invokeTestMethod(Invoker.java:851)
	at org.testng.internal.Invoker.invokeTestMethods(Invoker.java:1177)
	at org.testng.internal.TestMethodWorker.invokeTestMethods(TestMethodWorker.java:129)
	at org.testng.internal.TestMethodWorker.run(TestMethodWorker.java:112)
	at java.util.concurrent.ThreadPoolExecutor.runWorker(Unknown Source)
	at java.util.concurrent.ThreadPoolExecutor$Worker.run(Unknown Source)
	at java.lang.Thread.run(Unknown Source)
</pre></div></td>
<td>61</td>
<td>com.yodlee.app.yodleeApi.Insights.Notifications.V2.TestGetInsightsForCashFlowSummary@5f9b2141</td></tr>
<tr>
<td title='com.yodlee.app.yodleeApi.Insights.Notifications.V2.TestGetInsightsForCashFlowSummary.testGetNotificationsForCashFlowSummary()'><b>testGetNotificationsForCashFlowSummary</b><br>Test class: com.yodlee.app.yodleeApi.Insights.Notifications.V2.TestGetInsightsForCashFlowSummary<br>Parameters: AT-CFS06, Validate CashFlowSummary Insight when user changes threshold value to 10 Percent using PATCH, CASH_FLOW_SUMMARY, FALSE, BANK, SCHEDULE, 16441, , , , 1, account, , , , , 4, TRUE, TRUE, TRUE, CashFlowSummary.json, THREE_MONTHS, , , , , , Account, 201, TRUE</td>
<td><div><pre>java.lang.AssertionError: TEST FAILED
	at com.yodlee.app.yodleeApi.Insights.Notifications.V2.TestGetInsightsForCashFlowSummary.testGetNotificationsForCashFlowSummary(TestGetInsightsForCashFlowSummary.java:298)
	at java.util.concurrent.ThreadPoolExecutor.runWorker(Unknown Source)
	at java.util.concurrent.ThreadPoolExecutor$Worker.run(Unknown Source)
	at java.lang.Thread.run(Unknown Source)
... Removed 11 stack frames</pre></div><a href='#' onClick='toggleBox("stack-trace1074244985", this, "Click to show all stack frames", "Click to hide stack frames")'>Click to show all stack frames</a>
<div class='stack-trace' id='stack-trace1074244985'><pre>java.lang.AssertionError: TEST FAILED
	at org.testng.Assert.fail(Assert.java:94)
	at com.yodlee.app.yodleeApi.Insights.Notifications.V2.TestGetInsightsForCashFlowSummary.testGetNotificationsForCashFlowSummary(TestGetInsightsForCashFlowSummary.java:298)
	at sun.reflect.NativeMethodAccessorImpl.invoke0(Native Method)
	at sun.reflect.NativeMethodAccessorImpl.invoke(Unknown Source)
	at sun.reflect.DelegatingMethodAccessorImpl.invoke(Unknown Source)
	at java.lang.reflect.Method.invoke(Unknown Source)
	at org.testng.internal.MethodInvocationHelper.invokeMethod(MethodInvocationHelper.java:104)
	at org.testng.internal.Invoker.invokeMethod(Invoker.java:645)
	at org.testng.internal.Invoker.invokeTestMethod(Invoker.java:851)
	at org.testng.internal.Invoker.invokeTestMethods(Invoker.java:1177)
	at org.testng.internal.TestMethodWorker.invokeTestMethods(TestMethodWorker.java:129)
	at org.testng.internal.TestMethodWorker.run(TestMethodWorker.java:112)
	at java.util.concurrent.ThreadPoolExecutor.runWorker(Unknown Source)
	at java.util.concurrent.ThreadPoolExecutor$Worker.run(Unknown Source)
	at java.lang.Thread.run(Unknown Source)
</pre></div></td>
<td>61</td>
<td>com.yodlee.app.yodleeApi.Insights.Notifications.V2.TestGetInsightsForCashFlowSummary@5f9b2141</td></tr>
<tr>
<td title='com.yodlee.app.yodleeApi.Insights.Notifications.V2.TestGetInsightsForCashFlowSummary.testGetNotificationsForCashFlowSummary()'><b>testGetNotificationsForCashFlowSummary</b><br>Test class: com.yodlee.app.yodleeApi.Insights.Notifications.V2.TestGetInsightsForCashFlowSummary<br>Parameters: AT-CFS07, Validate CashFlowSummary Insight when user changes threshold value to original threshold using PATCH, CASH_FLOW_SUMMARY, FALSE, BANK, SCHEDULE, 16441, , , , 1, account, , , , , 4, TRUE, TRUE, TRUE, CashFlowSummary.json, ONE_YEAR, MONTHLY, , , , , Account, 201, TRUE</td>
<td><div><pre>java.lang.AssertionError: TEST FAILED
	at com.yodlee.app.yodleeApi.Insights.Notifications.V2.TestGetInsightsForCashFlowSummary.testGetNotificationsForCashFlowSummary(TestGetInsightsForCashFlowSummary.java:298)
	at java.util.concurrent.ThreadPoolExecutor.runWorker(Unknown Source)
	at java.util.concurrent.ThreadPoolExecutor$Worker.run(Unknown Source)
	at java.lang.Thread.run(Unknown Source)
... Removed 11 stack frames</pre></div><a href='#' onClick='toggleBox("stack-trace628396552", this, "Click to show all stack frames", "Click to hide stack frames")'>Click to show all stack frames</a>
<div class='stack-trace' id='stack-trace628396552'><pre>java.lang.AssertionError: TEST FAILED
	at org.testng.Assert.fail(Assert.java:94)
	at com.yodlee.app.yodleeApi.Insights.Notifications.V2.TestGetInsightsForCashFlowSummary.testGetNotificationsForCashFlowSummary(TestGetInsightsForCashFlowSummary.java:298)
	at sun.reflect.NativeMethodAccessorImpl.invoke0(Native Method)
	at sun.reflect.NativeMethodAccessorImpl.invoke(Unknown Source)
	at sun.reflect.DelegatingMethodAccessorImpl.invoke(Unknown Source)
	at java.lang.reflect.Method.invoke(Unknown Source)
	at org.testng.internal.MethodInvocationHelper.invokeMethod(MethodInvocationHelper.java:104)
	at org.testng.internal.Invoker.invokeMethod(Invoker.java:645)
	at org.testng.internal.Invoker.invokeTestMethod(Invoker.java:851)
	at org.testng.internal.Invoker.invokeTestMethods(Invoker.java:1177)
	at org.testng.internal.TestMethodWorker.invokeTestMethods(TestMethodWorker.java:129)
	at org.testng.internal.TestMethodWorker.run(TestMethodWorker.java:112)
	at java.util.concurrent.ThreadPoolExecutor.runWorker(Unknown Source)
	at java.util.concurrent.ThreadPoolExecutor$Worker.run(Unknown Source)
	at java.lang.Thread.run(Unknown Source)
</pre></div></td>
<td>61</td>
<td>com.yodlee.app.yodleeApi.Insights.Notifications.V2.TestGetInsightsForCashFlowSummary@5f9b2141</td></tr>
<tr>
<td title='com.yodlee.app.yodleeApi.Insights.Notifications.V2.TestGetInsightsForCashFlowSummary.testGetNotificationsForCashFlowSummary()'><b>testGetNotificationsForCashFlowSummary</b><br>Test class: com.yodlee.app.yodleeApi.Insights.Notifications.V2.TestGetInsightsForCashFlowSummary<br>Parameters: AT-CFS08, Validate CashFlowSummary Insight when user patch Threshold only AMOUNt and Duration, CASH_FLOW_SUMMARY, FALSE, BANK, SCHEDULE, 16441, , , , 1, account, , , , , 4, TRUE, TRUE, TRUE, CashFlowSummary.json, ONE_YEAR, DAILY, , , , , Account, 201, TRUE</td>
<td><div><pre>java.lang.AssertionError: TEST FAILED
	at com.yodlee.app.yodleeApi.Insights.Notifications.V2.TestGetInsightsForCashFlowSummary.testGetNotificationsForCashFlowSummary(TestGetInsightsForCashFlowSummary.java:298)
	at java.util.concurrent.ThreadPoolExecutor.runWorker(Unknown Source)
	at java.util.concurrent.ThreadPoolExecutor$Worker.run(Unknown Source)
	at java.lang.Thread.run(Unknown Source)
... Removed 11 stack frames</pre></div><a href='#' onClick='toggleBox("stack-trace1190610754", this, "Click to show all stack frames", "Click to hide stack frames")'>Click to show all stack frames</a>
<div class='stack-trace' id='stack-trace1190610754'><pre>java.lang.AssertionError: TEST FAILED
	at org.testng.Assert.fail(Assert.java:94)
	at com.yodlee.app.yodleeApi.Insights.Notifications.V2.TestGetInsightsForCashFlowSummary.testGetNotificationsForCashFlowSummary(TestGetInsightsForCashFlowSummary.java:298)
	at sun.reflect.NativeMethodAccessorImpl.invoke0(Native Method)
	at sun.reflect.NativeMethodAccessorImpl.invoke(Unknown Source)
	at sun.reflect.DelegatingMethodAccessorImpl.invoke(Unknown Source)
	at java.lang.reflect.Method.invoke(Unknown Source)
	at org.testng.internal.MethodInvocationHelper.invokeMethod(MethodInvocationHelper.java:104)
	at org.testng.internal.Invoker.invokeMethod(Invoker.java:645)
	at org.testng.internal.Invoker.invokeTestMethod(Invoker.java:851)
	at org.testng.internal.Invoker.invokeTestMethods(Invoker.java:1177)
	at org.testng.internal.TestMethodWorker.invokeTestMethods(TestMethodWorker.java:129)
	at org.testng.internal.TestMethodWorker.run(TestMethodWorker.java:112)
	at java.util.concurrent.ThreadPoolExecutor.runWorker(Unknown Source)
	at java.util.concurrent.ThreadPoolExecutor$Worker.run(Unknown Source)
	at java.lang.Thread.run(Unknown Source)
</pre></div></td>
<td>62</td>
<td>com.yodlee.app.yodleeApi.Insights.Notifications.V2.TestGetInsightsForCashFlowSummary@5f9b2141</td></tr>
<tr>
<td title='com.yodlee.app.yodleeApi.Insights.Notifications.V2.TestGetInsightsForCashFlowSummary.testGetNotificationsForCashFlowSummary()'><b>testGetNotificationsForCashFlowSummary</b><br>Test class: com.yodlee.app.yodleeApi.Insights.Notifications.V2.TestGetInsightsForCashFlowSummary<br>Parameters: AT-CFS09, Validate CashFlowSummary Insight when Threshold is patched and with user Subscriptions as false, CASH_FLOW_SUMMARY, FALSE, BANK, SCHEDULE, 16441, , , , 1, account, , , , , 4, TRUE, TRUE, TRUE, CashFlowSummary.json, ONE_YEAR, WEEKLY, , , , , Account, 201, TRUE</td>
<td><div><pre>java.lang.AssertionError: TEST FAILED
	at com.yodlee.app.yodleeApi.Insights.Notifications.V2.TestGetInsightsForCashFlowSummary.testGetNotificationsForCashFlowSummary(TestGetInsightsForCashFlowSummary.java:298)
	at java.util.concurrent.ThreadPoolExecutor.runWorker(Unknown Source)
	at java.util.concurrent.ThreadPoolExecutor$Worker.run(Unknown Source)
	at java.lang.Thread.run(Unknown Source)
... Removed 11 stack frames</pre></div><a href='#' onClick='toggleBox("stack-trace995777453", this, "Click to show all stack frames", "Click to hide stack frames")'>Click to show all stack frames</a>
<div class='stack-trace' id='stack-trace995777453'><pre>java.lang.AssertionError: TEST FAILED
	at org.testng.Assert.fail(Assert.java:94)
	at com.yodlee.app.yodleeApi.Insights.Notifications.V2.TestGetInsightsForCashFlowSummary.testGetNotificationsForCashFlowSummary(TestGetInsightsForCashFlowSummary.java:298)
	at sun.reflect.NativeMethodAccessorImpl.invoke0(Native Method)
	at sun.reflect.NativeMethodAccessorImpl.invoke(Unknown Source)
	at sun.reflect.DelegatingMethodAccessorImpl.invoke(Unknown Source)
	at java.lang.reflect.Method.invoke(Unknown Source)
	at org.testng.internal.MethodInvocationHelper.invokeMethod(MethodInvocationHelper.java:104)
	at org.testng.internal.Invoker.invokeMethod(Invoker.java:645)
	at org.testng.internal.Invoker.invokeTestMethod(Invoker.java:851)
	at org.testng.internal.Invoker.invokeTestMethods(Invoker.java:1177)
	at org.testng.internal.TestMethodWorker.invokeTestMethods(TestMethodWorker.java:129)
	at org.testng.internal.TestMethodWorker.run(TestMethodWorker.java:112)
	at java.util.concurrent.ThreadPoolExecutor.runWorker(Unknown Source)
	at java.util.concurrent.ThreadPoolExecutor$Worker.run(Unknown Source)
	at java.lang.Thread.run(Unknown Source)
</pre></div></td>
<td>61</td>
<td>com.yodlee.app.yodleeApi.Insights.Notifications.V2.TestGetInsightsForCashFlowSummary@5f9b2141</td></tr>
<tr>
<td title='com.yodlee.app.yodleeApi.Insights.Notifications.V2.TestGetInsightsForCashFlowSummary.testGetNotificationsForCashFlowSummary()'><b>testGetNotificationsForCashFlowSummary</b><br>Test class: com.yodlee.app.yodleeApi.Insights.Notifications.V2.TestGetInsightsForCashFlowSummary<br>Parameters: AT-CFS10, Validate CashFlowSummary Insight when default thresholdand diff duration Patched using user Patch, CASH_FLOW_SUMMARY, FALSE, BANK, SCHEDULE, 16441, , , , 1, account, , , , , 4, TRUE, TRUE, TRUE, CashFlowSummary.json, SIX_MONTHS, MONTHLY, , , , , Account, 201, TRUE</td>
<td><div><pre>java.lang.AssertionError: TEST FAILED
	at com.yodlee.app.yodleeApi.Insights.Notifications.V2.TestGetInsightsForCashFlowSummary.testGetNotificationsForCashFlowSummary(TestGetInsightsForCashFlowSummary.java:298)
	at java.util.concurrent.ThreadPoolExecutor.runWorker(Unknown Source)
	at java.util.concurrent.ThreadPoolExecutor$Worker.run(Unknown Source)
	at java.lang.Thread.run(Unknown Source)
... Removed 11 stack frames</pre></div><a href='#' onClick='toggleBox("stack-trace821146017", this, "Click to show all stack frames", "Click to hide stack frames")'>Click to show all stack frames</a>
<div class='stack-trace' id='stack-trace821146017'><pre>java.lang.AssertionError: TEST FAILED
	at org.testng.Assert.fail(Assert.java:94)
	at com.yodlee.app.yodleeApi.Insights.Notifications.V2.TestGetInsightsForCashFlowSummary.testGetNotificationsForCashFlowSummary(TestGetInsightsForCashFlowSummary.java:298)
	at sun.reflect.NativeMethodAccessorImpl.invoke0(Native Method)
	at sun.reflect.NativeMethodAccessorImpl.invoke(Unknown Source)
	at sun.reflect.DelegatingMethodAccessorImpl.invoke(Unknown Source)
	at java.lang.reflect.Method.invoke(Unknown Source)
	at org.testng.internal.MethodInvocationHelper.invokeMethod(MethodInvocationHelper.java:104)
	at org.testng.internal.Invoker.invokeMethod(Invoker.java:645)
	at org.testng.internal.Invoker.invokeTestMethod(Invoker.java:851)
	at org.testng.internal.Invoker.invokeTestMethods(Invoker.java:1177)
	at org.testng.internal.TestMethodWorker.invokeTestMethods(TestMethodWorker.java:129)
	at org.testng.internal.TestMethodWorker.run(TestMethodWorker.java:112)
	at java.util.concurrent.ThreadPoolExecutor.runWorker(Unknown Source)
	at java.util.concurrent.ThreadPoolExecutor$Worker.run(Unknown Source)
	at java.lang.Thread.run(Unknown Source)
</pre></div></td>
<td>61</td>
<td>com.yodlee.app.yodleeApi.Insights.Notifications.V2.TestGetInsightsForCashFlowSummary@5f9b2141</td></tr>
<tr>
<td title='com.yodlee.app.yodleeApi.Insights.Notifications.V2.TestGetInsightsForCashFlowSummary.testGetNotificationsForCashFlowSummary()'><b>testGetNotificationsForCashFlowSummary</b><br>Test class: com.yodlee.app.yodleeApi.Insights.Notifications.V2.TestGetInsightsForCashFlowSummary<br>Parameters: AT-CFS11, Validate CashFlowSummary Insight when user patch Threshold only AMOUNt and Duration, CASH_FLOW_SUMMARY, FALSE, BANK, SCHEDULE, 16441, , , , 1, account, , , , , 4, TRUE, TRUE, TRUE, CashFlowSummary.json, SIX_MONTHS, DAILY, , , , , Account, 201, TRUE</td>
<td><div><pre>java.lang.AssertionError: TEST FAILED
	at com.yodlee.app.yodleeApi.Insights.Notifications.V2.TestGetInsightsForCashFlowSummary.testGetNotificationsForCashFlowSummary(TestGetInsightsForCashFlowSummary.java:298)
	at java.util.concurrent.ThreadPoolExecutor.runWorker(Unknown Source)
	at java.util.concurrent.ThreadPoolExecutor$Worker.run(Unknown Source)
	at java.lang.Thread.run(Unknown Source)
... Removed 11 stack frames</pre></div><a href='#' onClick='toggleBox("stack-trace1358449039", this, "Click to show all stack frames", "Click to hide stack frames")'>Click to show all stack frames</a>
<div class='stack-trace' id='stack-trace1358449039'><pre>java.lang.AssertionError: TEST FAILED
	at org.testng.Assert.fail(Assert.java:94)
	at com.yodlee.app.yodleeApi.Insights.Notifications.V2.TestGetInsightsForCashFlowSummary.testGetNotificationsForCashFlowSummary(TestGetInsightsForCashFlowSummary.java:298)
	at sun.reflect.NativeMethodAccessorImpl.invoke0(Native Method)
	at sun.reflect.NativeMethodAccessorImpl.invoke(Unknown Source)
	at sun.reflect.DelegatingMethodAccessorImpl.invoke(Unknown Source)
	at java.lang.reflect.Method.invoke(Unknown Source)
	at org.testng.internal.MethodInvocationHelper.invokeMethod(MethodInvocationHelper.java:104)
	at org.testng.internal.Invoker.invokeMethod(Invoker.java:645)
	at org.testng.internal.Invoker.invokeTestMethod(Invoker.java:851)
	at org.testng.internal.Invoker.invokeTestMethods(Invoker.java:1177)
	at org.testng.internal.TestMethodWorker.invokeTestMethods(TestMethodWorker.java:129)
	at org.testng.internal.TestMethodWorker.run(TestMethodWorker.java:112)
	at java.util.concurrent.ThreadPoolExecutor.runWorker(Unknown Source)
	at java.util.concurrent.ThreadPoolExecutor$Worker.run(Unknown Source)
	at java.lang.Thread.run(Unknown Source)
</pre></div></td>
<td>61</td>
<td>com.yodlee.app.yodleeApi.Insights.Notifications.V2.TestGetInsightsForCashFlowSummary@5f9b2141</td></tr>
<tr>
<td title='com.yodlee.app.yodleeApi.Insights.Notifications.V2.TestGetInsightsForCashFlowSummary.testGetNotificationsForCashFlowSummary()'><b>testGetNotificationsForCashFlowSummary</b><br>Test class: com.yodlee.app.yodleeApi.Insights.Notifications.V2.TestGetInsightsForCashFlowSummary<br>Parameters: AT-CFS12, Validate CashFlowSummary Insight when Threshold is patched and with user Subscriptions as false, CASH_FLOW_SUMMARY, FALSE, BANK, SCHEDULE, 16441, , , , 1, account, , , , , 4, TRUE, TRUE, TRUE, CashFlowSummary.json, SIX_MONTHS, WEEKLY, , , , , Account, 201, TRUE</td>
<td><div><pre>java.lang.AssertionError: TEST FAILED
	at com.yodlee.app.yodleeApi.Insights.Notifications.V2.TestGetInsightsForCashFlowSummary.testGetNotificationsForCashFlowSummary(TestGetInsightsForCashFlowSummary.java:298)
	at java.util.concurrent.ThreadPoolExecutor.runWorker(Unknown Source)
	at java.util.concurrent.ThreadPoolExecutor$Worker.run(Unknown Source)
	at java.lang.Thread.run(Unknown Source)
... Removed 11 stack frames</pre></div><a href='#' onClick='toggleBox("stack-trace1371445055", this, "Click to show all stack frames", "Click to hide stack frames")'>Click to show all stack frames</a>
<div class='stack-trace' id='stack-trace1371445055'><pre>java.lang.AssertionError: TEST FAILED
	at org.testng.Assert.fail(Assert.java:94)
	at com.yodlee.app.yodleeApi.Insights.Notifications.V2.TestGetInsightsForCashFlowSummary.testGetNotificationsForCashFlowSummary(TestGetInsightsForCashFlowSummary.java:298)
	at sun.reflect.NativeMethodAccessorImpl.invoke0(Native Method)
	at sun.reflect.NativeMethodAccessorImpl.invoke(Unknown Source)
	at sun.reflect.DelegatingMethodAccessorImpl.invoke(Unknown Source)
	at java.lang.reflect.Method.invoke(Unknown Source)
	at org.testng.internal.MethodInvocationHelper.invokeMethod(MethodInvocationHelper.java:104)
	at org.testng.internal.Invoker.invokeMethod(Invoker.java:645)
	at org.testng.internal.Invoker.invokeTestMethod(Invoker.java:851)
	at org.testng.internal.Invoker.invokeTestMethods(Invoker.java:1177)
	at org.testng.internal.TestMethodWorker.invokeTestMethods(TestMethodWorker.java:129)
	at org.testng.internal.TestMethodWorker.run(TestMethodWorker.java:112)
	at java.util.concurrent.ThreadPoolExecutor.runWorker(Unknown Source)
	at java.util.concurrent.ThreadPoolExecutor$Worker.run(Unknown Source)
	at java.lang.Thread.run(Unknown Source)
</pre></div></td>
<td>61</td>
<td>com.yodlee.app.yodleeApi.Insights.Notifications.V2.TestGetInsightsForCashFlowSummary@5f9b2141</td></tr>
<tr>
<td title='com.yodlee.app.yodleeApi.Insights.Notifications.V2.TestGetInsightsForCashFlowSummary.testGetNotificationsForCashFlowSummary()'><b>testGetNotificationsForCashFlowSummary</b><br>Test class: com.yodlee.app.yodleeApi.Insights.Notifications.V2.TestGetInsightsForCashFlowSummary<br>Parameters: AT-CFS13, Validate CashFlowSummary Insight when user changes threshold value to original threshold using PATCH, CASH_FLOW_SUMMARY, FALSE, BANK, SCHEDULE, 16441, , , , 1, account, , , , , 4, TRUE, TRUE, TRUE, CashFlowSummary_ThisMonth.json, THIS_MONTH, MONTHLY, , , , , Account, 201, TRUE</td>
<td><div><pre>java.lang.AssertionError: TEST FAILED
	at com.yodlee.app.yodleeApi.Insights.Notifications.V2.TestGetInsightsForCashFlowSummary.testGetNotificationsForCashFlowSummary(TestGetInsightsForCashFlowSummary.java:298)
	at java.util.concurrent.ThreadPoolExecutor.runWorker(Unknown Source)
	at java.util.concurrent.ThreadPoolExecutor$Worker.run(Unknown Source)
	at java.lang.Thread.run(Unknown Source)
... Removed 11 stack frames</pre></div><a href='#' onClick='toggleBox("stack-trace783582622", this, "Click to show all stack frames", "Click to hide stack frames")'>Click to show all stack frames</a>
<div class='stack-trace' id='stack-trace783582622'><pre>java.lang.AssertionError: TEST FAILED
	at org.testng.Assert.fail(Assert.java:94)
	at com.yodlee.app.yodleeApi.Insights.Notifications.V2.TestGetInsightsForCashFlowSummary.testGetNotificationsForCashFlowSummary(TestGetInsightsForCashFlowSummary.java:298)
	at sun.reflect.NativeMethodAccessorImpl.invoke0(Native Method)
	at sun.reflect.NativeMethodAccessorImpl.invoke(Unknown Source)
	at sun.reflect.DelegatingMethodAccessorImpl.invoke(Unknown Source)
	at java.lang.reflect.Method.invoke(Unknown Source)
	at org.testng.internal.MethodInvocationHelper.invokeMethod(MethodInvocationHelper.java:104)
	at org.testng.internal.Invoker.invokeMethod(Invoker.java:645)
	at org.testng.internal.Invoker.invokeTestMethod(Invoker.java:851)
	at org.testng.internal.Invoker.invokeTestMethods(Invoker.java:1177)
	at org.testng.internal.TestMethodWorker.invokeTestMethods(TestMethodWorker.java:129)
	at org.testng.internal.TestMethodWorker.run(TestMethodWorker.java:112)
	at java.util.concurrent.ThreadPoolExecutor.runWorker(Unknown Source)
	at java.util.concurrent.ThreadPoolExecutor$Worker.run(Unknown Source)
	at java.lang.Thread.run(Unknown Source)
</pre></div></td>
<td>61</td>
<td>com.yodlee.app.yodleeApi.Insights.Notifications.V2.TestGetInsightsForCashFlowSummary@5f9b2141</td></tr>
<tr>
<td title='com.yodlee.app.yodleeApi.Insights.Notifications.V2.TestGetInsightsForCashFlowSummary.testGetNotificationsForCashFlowSummary()'><b>testGetNotificationsForCashFlowSummary</b><br>Test class: com.yodlee.app.yodleeApi.Insights.Notifications.V2.TestGetInsightsForCashFlowSummary<br>Parameters: AT-CFS14, Validate CashFlowSummary Insight when user patch Threshold only AMOUNt and Duration, CASH_FLOW_SUMMARY, FALSE, BANK, SCHEDULE, 16441, , , , 1, account, , , , , 4, TRUE, TRUE, TRUE, CashFlowSummary_ThisMonth.json, THIS_MONTH, DAILY, , , , , Account, 201, TRUE</td>
<td><div><pre>java.lang.AssertionError: TEST FAILED
	at com.yodlee.app.yodleeApi.Insights.Notifications.V2.TestGetInsightsForCashFlowSummary.testGetNotificationsForCashFlowSummary(TestGetInsightsForCashFlowSummary.java:298)
	at java.util.concurrent.ThreadPoolExecutor.runWorker(Unknown Source)
	at java.util.concurrent.ThreadPoolExecutor$Worker.run(Unknown Source)
	at java.lang.Thread.run(Unknown Source)
... Removed 11 stack frames</pre></div><a href='#' onClick='toggleBox("stack-trace1352229277", this, "Click to show all stack frames", "Click to hide stack frames")'>Click to show all stack frames</a>
<div class='stack-trace' id='stack-trace1352229277'><pre>java.lang.AssertionError: TEST FAILED
	at org.testng.Assert.fail(Assert.java:94)
	at com.yodlee.app.yodleeApi.Insights.Notifications.V2.TestGetInsightsForCashFlowSummary.testGetNotificationsForCashFlowSummary(TestGetInsightsForCashFlowSummary.java:298)
	at sun.reflect.NativeMethodAccessorImpl.invoke0(Native Method)
	at sun.reflect.NativeMethodAccessorImpl.invoke(Unknown Source)
	at sun.reflect.DelegatingMethodAccessorImpl.invoke(Unknown Source)
	at java.lang.reflect.Method.invoke(Unknown Source)
	at org.testng.internal.MethodInvocationHelper.invokeMethod(MethodInvocationHelper.java:104)
	at org.testng.internal.Invoker.invokeMethod(Invoker.java:645)
	at org.testng.internal.Invoker.invokeTestMethod(Invoker.java:851)
	at org.testng.internal.Invoker.invokeTestMethods(Invoker.java:1177)
	at org.testng.internal.TestMethodWorker.invokeTestMethods(TestMethodWorker.java:129)
	at org.testng.internal.TestMethodWorker.run(TestMethodWorker.java:112)
	at java.util.concurrent.ThreadPoolExecutor.runWorker(Unknown Source)
	at java.util.concurrent.ThreadPoolExecutor$Worker.run(Unknown Source)
	at java.lang.Thread.run(Unknown Source)
</pre></div></td>
<td>61</td>
<td>com.yodlee.app.yodleeApi.Insights.Notifications.V2.TestGetInsightsForCashFlowSummary@5f9b2141</td></tr>
<tr>
<td title='com.yodlee.app.yodleeApi.Insights.Notifications.V2.TestGetInsightsForCashFlowSummary.testGetNotificationsForCashFlowSummary()'><b>testGetNotificationsForCashFlowSummary</b><br>Test class: com.yodlee.app.yodleeApi.Insights.Notifications.V2.TestGetInsightsForCashFlowSummary<br>Parameters: AT-CFS15, Validate CashFlowSummary Insight when Threshold is patched and with user Subscriptions as false, CASH_FLOW_SUMMARY, FALSE, BANK, SCHEDULE, 16441, , , , 1, account, , , , , 4, TRUE, TRUE, TRUE, CashFlowSummary_ThisMonth.json, THIS_MONTH, WEEKLY, , , , , Account, 201, TRUE</td>
<td><div><pre>java.lang.AssertionError: TEST FAILED
	at com.yodlee.app.yodleeApi.Insights.Notifications.V2.TestGetInsightsForCashFlowSummary.testGetNotificationsForCashFlowSummary(TestGetInsightsForCashFlowSummary.java:298)
	at java.util.concurrent.ThreadPoolExecutor.runWorker(Unknown Source)
	at java.util.concurrent.ThreadPoolExecutor$Worker.run(Unknown Source)
	at java.lang.Thread.run(Unknown Source)
... Removed 11 stack frames</pre></div><a href='#' onClick='toggleBox("stack-trace1964929245", this, "Click to show all stack frames", "Click to hide stack frames")'>Click to show all stack frames</a>
<div class='stack-trace' id='stack-trace1964929245'><pre>java.lang.AssertionError: TEST FAILED
	at org.testng.Assert.fail(Assert.java:94)
	at com.yodlee.app.yodleeApi.Insights.Notifications.V2.TestGetInsightsForCashFlowSummary.testGetNotificationsForCashFlowSummary(TestGetInsightsForCashFlowSummary.java:298)
	at sun.reflect.NativeMethodAccessorImpl.invoke0(Native Method)
	at sun.reflect.NativeMethodAccessorImpl.invoke(Unknown Source)
	at sun.reflect.DelegatingMethodAccessorImpl.invoke(Unknown Source)
	at java.lang.reflect.Method.invoke(Unknown Source)
	at org.testng.internal.MethodInvocationHelper.invokeMethod(MethodInvocationHelper.java:104)
	at org.testng.internal.Invoker.invokeMethod(Invoker.java:645)
	at org.testng.internal.Invoker.invokeTestMethod(Invoker.java:851)
	at org.testng.internal.Invoker.invokeTestMethods(Invoker.java:1177)
	at org.testng.internal.TestMethodWorker.invokeTestMethods(TestMethodWorker.java:129)
	at org.testng.internal.TestMethodWorker.run(TestMethodWorker.java:112)
	at java.util.concurrent.ThreadPoolExecutor.runWorker(Unknown Source)
	at java.util.concurrent.ThreadPoolExecutor$Worker.run(Unknown Source)
	at java.lang.Thread.run(Unknown Source)
</pre></div></td>
<td>61</td>
<td>com.yodlee.app.yodleeApi.Insights.Notifications.V2.TestGetInsightsForCashFlowSummary@5f9b2141</td></tr>
<tr>
<td title='com.yodlee.app.yodleeApi.Insights.Notifications.V2.TestGetInsightsForCashFlowSummary.testGetNotificationsForCashFlowSummary()'><b>testGetNotificationsForCashFlowSummary</b><br>Test class: com.yodlee.app.yodleeApi.Insights.Notifications.V2.TestGetInsightsForCashFlowSummary<br>Parameters: AT-CFS16, Validate CashFlowSummary Insight when default thresholdand diff duration Patched using user Patch, CASH_FLOW_SUMMARY, FALSE, BANK, SCHEDULE, 16441, , , , 1, account, , , , , 4, TRUE, TRUE, TRUE, CashFlowSummary_ThisMonth.json, LAST_MONTH, MONTHLY, , , , , Account, 201, TRUE</td>
<td><div><pre>java.lang.AssertionError: TEST FAILED
	at com.yodlee.app.yodleeApi.Insights.Notifications.V2.TestGetInsightsForCashFlowSummary.testGetNotificationsForCashFlowSummary(TestGetInsightsForCashFlowSummary.java:298)
	at java.util.concurrent.ThreadPoolExecutor.runWorker(Unknown Source)
	at java.util.concurrent.ThreadPoolExecutor$Worker.run(Unknown Source)
	at java.lang.Thread.run(Unknown Source)
... Removed 11 stack frames</pre></div><a href='#' onClick='toggleBox("stack-trace2052294869", this, "Click to show all stack frames", "Click to hide stack frames")'>Click to show all stack frames</a>
<div class='stack-trace' id='stack-trace2052294869'><pre>java.lang.AssertionError: TEST FAILED
	at org.testng.Assert.fail(Assert.java:94)
	at com.yodlee.app.yodleeApi.Insights.Notifications.V2.TestGetInsightsForCashFlowSummary.testGetNotificationsForCashFlowSummary(TestGetInsightsForCashFlowSummary.java:298)
	at sun.reflect.NativeMethodAccessorImpl.invoke0(Native Method)
	at sun.reflect.NativeMethodAccessorImpl.invoke(Unknown Source)
	at sun.reflect.DelegatingMethodAccessorImpl.invoke(Unknown Source)
	at java.lang.reflect.Method.invoke(Unknown Source)
	at org.testng.internal.MethodInvocationHelper.invokeMethod(MethodInvocationHelper.java:104)
	at org.testng.internal.Invoker.invokeMethod(Invoker.java:645)
	at org.testng.internal.Invoker.invokeTestMethod(Invoker.java:851)
	at org.testng.internal.Invoker.invokeTestMethods(Invoker.java:1177)
	at org.testng.internal.TestMethodWorker.invokeTestMethods(TestMethodWorker.java:129)
	at org.testng.internal.TestMethodWorker.run(TestMethodWorker.java:112)
	at java.util.concurrent.ThreadPoolExecutor.runWorker(Unknown Source)
	at java.util.concurrent.ThreadPoolExecutor$Worker.run(Unknown Source)
	at java.lang.Thread.run(Unknown Source)
</pre></div></td>
<td>61</td>
<td>com.yodlee.app.yodleeApi.Insights.Notifications.V2.TestGetInsightsForCashFlowSummary@5f9b2141</td></tr>
<tr>
<td title='com.yodlee.app.yodleeApi.Insights.Notifications.V2.TestGetInsightsForCashFlowSummary.testGetNotificationsForCashFlowSummary()'><b>testGetNotificationsForCashFlowSummary</b><br>Test class: com.yodlee.app.yodleeApi.Insights.Notifications.V2.TestGetInsightsForCashFlowSummary<br>Parameters: AT-CFS17, Validate CashFlowSummary Insight when user patch Threshold only AMOUNt and Duration, CASH_FLOW_SUMMARY, FALSE, BANK, SCHEDULE, 16441, , , , 1, account, , , , , 4, TRUE, TRUE, TRUE, CashFlowSummary_ThisMonth.json, LAST_MONTH, DAILY, , , , , Account, 201, TRUE</td>
<td><div><pre>java.lang.AssertionError: TEST FAILED
	at com.yodlee.app.yodleeApi.Insights.Notifications.V2.TestGetInsightsForCashFlowSummary.testGetNotificationsForCashFlowSummary(TestGetInsightsForCashFlowSummary.java:298)
	at java.util.concurrent.ThreadPoolExecutor.runWorker(Unknown Source)
	at java.util.concurrent.ThreadPoolExecutor$Worker.run(Unknown Source)
	at java.lang.Thread.run(Unknown Source)
... Removed 10 stack frames</pre></div><a href='#' onClick='toggleBox("stack-trace902856952", this, "Click to show all stack frames", "Click to hide stack frames")'>Click to show all stack frames</a>
<div class='stack-trace' id='stack-trace902856952'><pre>java.lang.AssertionError: TEST FAILED
	at org.testng.Assert.fail(Assert.java:94)
	at com.yodlee.app.yodleeApi.Insights.Notifications.V2.TestGetInsightsForCashFlowSummary.testGetNotificationsForCashFlowSummary(TestGetInsightsForCashFlowSummary.java:298)
	at sun.reflect.GeneratedMethodAccessor269.invoke(Unknown Source)
	at sun.reflect.DelegatingMethodAccessorImpl.invoke(Unknown Source)
	at java.lang.reflect.Method.invoke(Unknown Source)
	at org.testng.internal.MethodInvocationHelper.invokeMethod(MethodInvocationHelper.java:104)
	at org.testng.internal.Invoker.invokeMethod(Invoker.java:645)
	at org.testng.internal.Invoker.invokeTestMethod(Invoker.java:851)
	at org.testng.internal.Invoker.invokeTestMethods(Invoker.java:1177)
	at org.testng.internal.TestMethodWorker.invokeTestMethods(TestMethodWorker.java:129)
	at org.testng.internal.TestMethodWorker.run(TestMethodWorker.java:112)
	at java.util.concurrent.ThreadPoolExecutor.runWorker(Unknown Source)
	at java.util.concurrent.ThreadPoolExecutor$Worker.run(Unknown Source)
	at java.lang.Thread.run(Unknown Source)
</pre></div></td>
<td>61</td>
<td>com.yodlee.app.yodleeApi.Insights.Notifications.V2.TestGetInsightsForCashFlowSummary@5f9b2141</td></tr>
<tr>
<td title='com.yodlee.app.yodleeApi.Insights.Notifications.V2.TestGetInsightsForCashFlowSummary.testGetNotificationsForCashFlowSummary()'><b>testGetNotificationsForCashFlowSummary</b><br>Test class: com.yodlee.app.yodleeApi.Insights.Notifications.V2.TestGetInsightsForCashFlowSummary<br>Parameters: AT-CFS18, Validate CashFlowSummary Insight when Threshold is patched and with user Subscriptions as false, CASH_FLOW_SUMMARY, FALSE, BANK, SCHEDULE, 16441, , , , 1, account, , , , , 4, TRUE, TRUE, TRUE, CashFlowSummary_ThisMonth.json, LAST_MONTH, WEEKLY, , , , , Account, 201, TRUE</td>
<td><div><pre>java.lang.AssertionError: TEST FAILED
	at com.yodlee.app.yodleeApi.Insights.Notifications.V2.TestGetInsightsForCashFlowSummary.testGetNotificationsForCashFlowSummary(TestGetInsightsForCashFlowSummary.java:298)
	at java.util.concurrent.ThreadPoolExecutor.runWorker(Unknown Source)
	at java.util.concurrent.ThreadPoolExecutor$Worker.run(Unknown Source)
	at java.lang.Thread.run(Unknown Source)
... Removed 10 stack frames</pre></div><a href='#' onClick='toggleBox("stack-trace982383188", this, "Click to show all stack frames", "Click to hide stack frames")'>Click to show all stack frames</a>
<div class='stack-trace' id='stack-trace982383188'><pre>java.lang.AssertionError: TEST FAILED
	at org.testng.Assert.fail(Assert.java:94)
	at com.yodlee.app.yodleeApi.Insights.Notifications.V2.TestGetInsightsForCashFlowSummary.testGetNotificationsForCashFlowSummary(TestGetInsightsForCashFlowSummary.java:298)
	at sun.reflect.GeneratedMethodAccessor269.invoke(Unknown Source)
	at sun.reflect.DelegatingMethodAccessorImpl.invoke(Unknown Source)
	at java.lang.reflect.Method.invoke(Unknown Source)
	at org.testng.internal.MethodInvocationHelper.invokeMethod(MethodInvocationHelper.java:104)
	at org.testng.internal.Invoker.invokeMethod(Invoker.java:645)
	at org.testng.internal.Invoker.invokeTestMethod(Invoker.java:851)
	at org.testng.internal.Invoker.invokeTestMethods(Invoker.java:1177)
	at org.testng.internal.TestMethodWorker.invokeTestMethods(TestMethodWorker.java:129)
	at org.testng.internal.TestMethodWorker.run(TestMethodWorker.java:112)
	at java.util.concurrent.ThreadPoolExecutor.runWorker(Unknown Source)
	at java.util.concurrent.ThreadPoolExecutor$Worker.run(Unknown Source)
	at java.lang.Thread.run(Unknown Source)
</pre></div></td>
<td>61</td>
<td>com.yodlee.app.yodleeApi.Insights.Notifications.V2.TestGetInsightsForCashFlowSummary@5f9b2141</td></tr>
</table><p>
<table width='100%' border='1' class='invocation-passed'>
<tr><td colspan='4' align='center'><b>PASSED TESTS</b></td></tr>
<tr><td><b>Test method</b></td>
<td width="30%"><b>Exception</b></td>
<td width="10%"><b>Time (seconds)</b></td>
<td><b>Instance</b></td>
</tr>
<tr>
<td title='com.yodlee.app.yodleeApi.Insights.Notifications.V2.TestGetInsightsForCashFlowSummary.testGetNotificationsForCashFlowSummary()'><b>testGetNotificationsForCashFlowSummary</b><br>Test class: com.yodlee.app.yodleeApi.Insights.Notifications.V2.TestGetInsightsForCashFlowSummary<br>Parameters: AT-CFS01, Validate CashFlowSummary Insight when cobrand is not Subscribed, CASH_FLOW_SUMMARY, FALSE, BANK, SCHEDULE, 16441, InsightPDV.bank15, bank15, , 1, account, , , , , 0, TRUE, FALSE, , CashFlowSummary.json, , , , , , , Account, 201, TRUE</td>
<td></td>
<td>142</td>
<td>com.yodlee.app.yodleeApi.Insights.Notifications.V2.TestGetInsightsForCashFlowSummary@5f9b2141</td></tr>
<tr>
<td title='com.yodlee.app.yodleeApi.Insights.Notifications.V2.TestGetInsightsForCashFlowSummary.testGetNotificationsForCashFlowSummary()'><b>testGetNotificationsForCashFlowSummary</b><br>Test class: com.yodlee.app.yodleeApi.Insights.Notifications.V2.TestGetInsightsForCashFlowSummary<br>Parameters: AT-CFS02, Validate CashFlowSummary Insight when cobrand is  Subscribed and User is not Subscribed, CASH_FLOW_SUMMARY, FALSE, BANK, SCHEDULE, 16441, , , , 1, account, , , , , 0, TRUE, TRUE, FALSE, CashFlowSummary.json, , , , , , , Account, 201, TRUE</td>
<td></td>
<td>91</td>
<td>com.yodlee.app.yodleeApi.Insights.Notifications.V2.TestGetInsightsForCashFlowSummary@5f9b2141</td></tr>
<tr>
<td title='com.yodlee.app.yodleeApi.Insights.Notifications.V2.TestGetInsightsForCashFlowSummary.testGetNotificationsForCashFlowSummary()'><b>testGetNotificationsForCashFlowSummary</b><br>Test class: com.yodlee.app.yodleeApi.Insights.Notifications.V2.TestGetInsightsForCashFlowSummary<br>Parameters: AT-CFS19, Reset Settings to default values for CashFlow Summary, CASH_FLOW_SUMMARY, FALSE, BANK, SCHEDULE, 16441, , , , 1, account, , , , , 0, TRUE, FALSE, , , THREE_MONTHS, MONTHLY, , , , , Account, 201, TRUE</td>
<td></td>
<td>91</td>
<td>com.yodlee.app.yodleeApi.Insights.Notifications.V2.TestGetInsightsForCashFlowSummary@5f9b2141</td></tr>
</table><p>
</body>
</html>