<html>
<head>
<title>TestNG:  GET Feeds - Change In Property Value</title>
<link href="../testng.css" rel="stylesheet" type="text/css" />
<link href="../my-testng.css" rel="stylesheet" type="text/css" />

<style type="text/css">
.log { display: none;} 
.stack-trace { display: none;} 
</style>
<script type="text/javascript">
<!--
function flip(e) {
  current = e.style.display;
  if (current == 'block') {
    e.style.display = 'none';
    return 0;
  }
  else {
    e.style.display = 'block';
    return 1;
  }
}

function toggleBox(szDivId, elem, msg1, msg2)
{
  var res = -1;  if (document.getElementById) {
    res = flip(document.getElementById(szDivId));
  }
  else if (document.all) {
    // this is the way old msie versions work
    res = flip(document.all[szDivId]);
  }
  if(elem) {
    if(res == 0) elem.innerHTML = msg1; else elem.innerHTML = msg2;
  }

}

function toggleAllBoxes() {
  if (document.getElementsByTagName) {
    d = document.getElementsByTagName('div');
    for (i = 0; i < d.length; i++) {
      if (d[i].className == 'log') {
        flip(d[i]);
      }
    }
  }
}

// -->
</script>

</head>
<body>
<h2 align='center'>GET Feeds - Change In Property Value</h2><table border='1' align="center">
<tr>
<td>Tests passed/Failed/Skipped:</td><td>4/5/0</td>
</tr><tr>
<td>Started on:</td><td>Tue Jun 15 01:53:23 IST 2021</td>
</tr>
<tr><td>Total time:</td><td>859 seconds (859910 ms)</td>
</tr><tr>
<td>Included groups:</td><td></td>
</tr><tr>
<td>Excluded groups:</td><td></td>
</tr>
</table><p/>
<small><i>(Hover the method name to see the test class name)</i></small><p/>
<table width='100%' border='1' class='invocation-failed'>
<tr><td colspan='4' align='center'><b>FAILED TESTS</b></td></tr>
<tr><td><b>Test method</b></td>
<td width="30%"><b>Exception</b></td>
<td width="10%"><b>Time (seconds)</b></td>
<td><b>Instance</b></td>
</tr>
<tr>
<td title='com.yodlee.app.yodleeApi.Insights.Notifications.V2.TestGetInsightsForPropertyValueChange.testGetNotificationsForChangeInPropertyValueChange()'><b>testGetNotificationsForChangeInPropertyValueChange</b><br>Test class: com.yodlee.app.yodleeApi.Insights.Notifications.V2.TestGetInsightsForPropertyValueChange<br>Parameters: AT-PVC05, Validate PropertyValueChange Insight when cobrand is not Subscribed  : No Insight Should be Generated, CHANGE_IN_PROPERTYVALUE, FALSE, REALESTATE, SCHEDULE, , 16441, , , , 1, account, CHANGE,500,AMOUNT CHANGE,3,PERCENT, , , , 1, TRUE, TRUE, TRUE, ChangeInNetworth.json, , WEEKLY, 1000, 65, 4-Apr-21, 100, 10, 20-May-21, Account, 201, TRUE</td>
<td><div><pre>java.lang.AssertionError: There is no CHANGE_IN_PROPERTYVALUE insight generated in the given scheduled time
	at com.yodlee.app.yodleeApi.Insights.Notifications.V2.TestGetInsightsForPropertyValueChange.testGetNotificationsForChangeInPropertyValueChange(TestGetInsightsForPropertyValueChange.java:287)
	at java.util.concurrent.ThreadPoolExecutor.runWorker(Unknown Source)
	at java.util.concurrent.ThreadPoolExecutor$Worker.run(Unknown Source)
	at java.lang.Thread.run(Unknown Source)
... Removed 11 stack frames</pre></div><a href='#' onClick='toggleBox("stack-trace397350618", this, "Click to show all stack frames", "Click to hide stack frames")'>Click to show all stack frames</a>
<div class='stack-trace' id='stack-trace397350618'><pre>java.lang.AssertionError: There is no CHANGE_IN_PROPERTYVALUE insight generated in the given scheduled time
	at org.testng.Assert.fail(Assert.java:94)
	at com.yodlee.app.yodleeApi.Insights.Notifications.V2.TestGetInsightsForPropertyValueChange.testGetNotificationsForChangeInPropertyValueChange(TestGetInsightsForPropertyValueChange.java:287)
	at sun.reflect.NativeMethodAccessorImpl.invoke0(Native Method)
	at sun.reflect.NativeMethodAccessorImpl.invoke(Unknown Source)
	at sun.reflect.DelegatingMethodAccessorImpl.invoke(Unknown Source)
	at java.lang.reflect.Method.invoke(Unknown Source)
	at org.testng.internal.MethodInvocationHelper.invokeMethod(MethodInvocationHelper.java:104)
	at org.testng.internal.Invoker.invokeMethod(Invoker.java:645)
	at org.testng.internal.Invoker.invokeTestMethod(Invoker.java:851)
	at org.testng.internal.Invoker.invokeTestMethods(Invoker.java:1177)
	at org.testng.internal.TestMethodWorker.invokeTestMethods(TestMethodWorker.java:129)
	at org.testng.internal.TestMethodWorker.run(TestMethodWorker.java:112)
	at java.util.concurrent.ThreadPoolExecutor.runWorker(Unknown Source)
	at java.util.concurrent.ThreadPoolExecutor$Worker.run(Unknown Source)
	at java.lang.Thread.run(Unknown Source)
</pre></div></td>
<td>66</td>
<td>com.yodlee.app.yodleeApi.Insights.Notifications.V2.TestGetInsightsForPropertyValueChange@63a12c68</td></tr>
<tr>
<td title='com.yodlee.app.yodleeApi.Insights.Notifications.V2.TestGetInsightsForPropertyValueChange.testGetNotificationsForChangeInPropertyValueChange()'><b>testGetNotificationsForChangeInPropertyValueChange</b><br>Test class: com.yodlee.app.yodleeApi.Insights.Notifications.V2.TestGetInsightsForPropertyValueChange<br>Parameters: AT-PVC06, Validate PropertyValueChange Insight when cobrand is not Subscribed  : No Insight Should be Generated, CHANGE_IN_PROPERTYVALUE, FALSE, REALESTATE, SCHEDULE, , 16441, , , , 1, account, CHANGE,500,AMOUNT CHANGE,3,PERCENT, , , , 1, TRUE, TRUE, TRUE, ChangeInNetworth.json, , MONTHLY, 1000, 65, 4-Apr-21, 100, 35, 20-May-21, Account, 201, TRUE</td>
<td><div><pre>java.lang.AssertionError: There is no CHANGE_IN_PROPERTYVALUE insight generated in the given scheduled time
	at com.yodlee.app.yodleeApi.Insights.Notifications.V2.TestGetInsightsForPropertyValueChange.testGetNotificationsForChangeInPropertyValueChange(TestGetInsightsForPropertyValueChange.java:287)
	at java.util.concurrent.ThreadPoolExecutor.runWorker(Unknown Source)
	at java.util.concurrent.ThreadPoolExecutor$Worker.run(Unknown Source)
	at java.lang.Thread.run(Unknown Source)
... Removed 11 stack frames</pre></div><a href='#' onClick='toggleBox("stack-trace1524188700", this, "Click to show all stack frames", "Click to hide stack frames")'>Click to show all stack frames</a>
<div class='stack-trace' id='stack-trace1524188700'><pre>java.lang.AssertionError: There is no CHANGE_IN_PROPERTYVALUE insight generated in the given scheduled time
	at org.testng.Assert.fail(Assert.java:94)
	at com.yodlee.app.yodleeApi.Insights.Notifications.V2.TestGetInsightsForPropertyValueChange.testGetNotificationsForChangeInPropertyValueChange(TestGetInsightsForPropertyValueChange.java:287)
	at sun.reflect.NativeMethodAccessorImpl.invoke0(Native Method)
	at sun.reflect.NativeMethodAccessorImpl.invoke(Unknown Source)
	at sun.reflect.DelegatingMethodAccessorImpl.invoke(Unknown Source)
	at java.lang.reflect.Method.invoke(Unknown Source)
	at org.testng.internal.MethodInvocationHelper.invokeMethod(MethodInvocationHelper.java:104)
	at org.testng.internal.Invoker.invokeMethod(Invoker.java:645)
	at org.testng.internal.Invoker.invokeTestMethod(Invoker.java:851)
	at org.testng.internal.Invoker.invokeTestMethods(Invoker.java:1177)
	at org.testng.internal.TestMethodWorker.invokeTestMethods(TestMethodWorker.java:129)
	at org.testng.internal.TestMethodWorker.run(TestMethodWorker.java:112)
	at java.util.concurrent.ThreadPoolExecutor.runWorker(Unknown Source)
	at java.util.concurrent.ThreadPoolExecutor$Worker.run(Unknown Source)
	at java.lang.Thread.run(Unknown Source)
</pre></div></td>
<td>66</td>
<td>com.yodlee.app.yodleeApi.Insights.Notifications.V2.TestGetInsightsForPropertyValueChange@63a12c68</td></tr>
<tr>
<td title='com.yodlee.app.yodleeApi.Insights.Notifications.V2.TestGetInsightsForPropertyValueChange.testGetNotificationsForChangeInPropertyValueChange()'><b>testGetNotificationsForChangeInPropertyValueChange</b><br>Test class: com.yodlee.app.yodleeApi.Insights.Notifications.V2.TestGetInsightsForPropertyValueChange<br>Parameters: AT-PVC07, Validate PropertyValueChange Insight when cobrand is not Subscribed  : No Insight Should be Generated, CHANGE_IN_PROPERTYVALUE, FALSE, REALESTATE, SCHEDULE, Manual, 16441, , , , 1, account, CHANGE,500,AMOUNT CHANGE,3,PERCENT, , , , 1, TRUE, TRUE, TRUE, ChangeInNetworth.json, , WEEKLY, 1000, 65, 4-Apr-21, 100, 10, 20-May-21, Account, 201, TRUE</td>
<td><div><pre>java.lang.AssertionError: There is no CHANGE_IN_PROPERTYVALUE insight generated in the given scheduled time
	at com.yodlee.app.yodleeApi.Insights.Notifications.V2.TestGetInsightsForPropertyValueChange.testGetNotificationsForChangeInPropertyValueChange(TestGetInsightsForPropertyValueChange.java:287)
	at java.util.concurrent.ThreadPoolExecutor.runWorker(Unknown Source)
	at java.util.concurrent.ThreadPoolExecutor$Worker.run(Unknown Source)
	at java.lang.Thread.run(Unknown Source)
... Removed 11 stack frames</pre></div><a href='#' onClick='toggleBox("stack-trace453149608", this, "Click to show all stack frames", "Click to hide stack frames")'>Click to show all stack frames</a>
<div class='stack-trace' id='stack-trace453149608'><pre>java.lang.AssertionError: There is no CHANGE_IN_PROPERTYVALUE insight generated in the given scheduled time
	at org.testng.Assert.fail(Assert.java:94)
	at com.yodlee.app.yodleeApi.Insights.Notifications.V2.TestGetInsightsForPropertyValueChange.testGetNotificationsForChangeInPropertyValueChange(TestGetInsightsForPropertyValueChange.java:287)
	at sun.reflect.NativeMethodAccessorImpl.invoke0(Native Method)
	at sun.reflect.NativeMethodAccessorImpl.invoke(Unknown Source)
	at sun.reflect.DelegatingMethodAccessorImpl.invoke(Unknown Source)
	at java.lang.reflect.Method.invoke(Unknown Source)
	at org.testng.internal.MethodInvocationHelper.invokeMethod(MethodInvocationHelper.java:104)
	at org.testng.internal.Invoker.invokeMethod(Invoker.java:645)
	at org.testng.internal.Invoker.invokeTestMethod(Invoker.java:851)
	at org.testng.internal.Invoker.invokeTestMethods(Invoker.java:1177)
	at org.testng.internal.TestMethodWorker.invokeTestMethods(TestMethodWorker.java:129)
	at org.testng.internal.TestMethodWorker.run(TestMethodWorker.java:112)
	at java.util.concurrent.ThreadPoolExecutor.runWorker(Unknown Source)
	at java.util.concurrent.ThreadPoolExecutor$Worker.run(Unknown Source)
	at java.lang.Thread.run(Unknown Source)
</pre></div></td>
<td>118</td>
<td>com.yodlee.app.yodleeApi.Insights.Notifications.V2.TestGetInsightsForPropertyValueChange@63a12c68</td></tr>
<tr>
<td title='com.yodlee.app.yodleeApi.Insights.Notifications.V2.TestGetInsightsForPropertyValueChange.testGetNotificationsForChangeInPropertyValueChange()'><b>testGetNotificationsForChangeInPropertyValueChange</b><br>Test class: com.yodlee.app.yodleeApi.Insights.Notifications.V2.TestGetInsightsForPropertyValueChange<br>Parameters: AT-PVC08, Validate PropertyValueChange Insight when cobrand is not Subscribed  : No Insight Should be Generated, CHANGE_IN_PROPERTYVALUE, FALSE, REALESTATE, SCHEDULE, , 16441, , , , 1, account, CHANGE,500,AMOUNT CHANGE,3,PERCENT, , , , 1, TRUE, TRUE, TRUE, ChangeInNetworth.json, , WEEKLY, 1000, 65, 4-Apr-21, 100, 10, 20-May-21, Account, 201, TRUE</td>
<td><div><pre>java.lang.AssertionError: There is no CHANGE_IN_PROPERTYVALUE insight generated in the given scheduled time
	at com.yodlee.app.yodleeApi.Insights.Notifications.V2.TestGetInsightsForPropertyValueChange.testGetNotificationsForChangeInPropertyValueChange(TestGetInsightsForPropertyValueChange.java:287)
	at java.util.concurrent.ThreadPoolExecutor.runWorker(Unknown Source)
	at java.util.concurrent.ThreadPoolExecutor$Worker.run(Unknown Source)
	at java.lang.Thread.run(Unknown Source)
... Removed 11 stack frames</pre></div><a href='#' onClick='toggleBox("stack-trace698790347", this, "Click to show all stack frames", "Click to hide stack frames")'>Click to show all stack frames</a>
<div class='stack-trace' id='stack-trace698790347'><pre>java.lang.AssertionError: There is no CHANGE_IN_PROPERTYVALUE insight generated in the given scheduled time
	at org.testng.Assert.fail(Assert.java:94)
	at com.yodlee.app.yodleeApi.Insights.Notifications.V2.TestGetInsightsForPropertyValueChange.testGetNotificationsForChangeInPropertyValueChange(TestGetInsightsForPropertyValueChange.java:287)
	at sun.reflect.NativeMethodAccessorImpl.invoke0(Native Method)
	at sun.reflect.NativeMethodAccessorImpl.invoke(Unknown Source)
	at sun.reflect.DelegatingMethodAccessorImpl.invoke(Unknown Source)
	at java.lang.reflect.Method.invoke(Unknown Source)
	at org.testng.internal.MethodInvocationHelper.invokeMethod(MethodInvocationHelper.java:104)
	at org.testng.internal.Invoker.invokeMethod(Invoker.java:645)
	at org.testng.internal.Invoker.invokeTestMethod(Invoker.java:851)
	at org.testng.internal.Invoker.invokeTestMethods(Invoker.java:1177)
	at org.testng.internal.TestMethodWorker.invokeTestMethods(TestMethodWorker.java:129)
	at org.testng.internal.TestMethodWorker.run(TestMethodWorker.java:112)
	at java.util.concurrent.ThreadPoolExecutor.runWorker(Unknown Source)
	at java.util.concurrent.ThreadPoolExecutor$Worker.run(Unknown Source)
	at java.lang.Thread.run(Unknown Source)
</pre></div></td>
<td>70</td>
<td>com.yodlee.app.yodleeApi.Insights.Notifications.V2.TestGetInsightsForPropertyValueChange@63a12c68</td></tr>
<tr>
<td title='com.yodlee.app.yodleeApi.Insights.Notifications.V2.TestGetInsightsForPropertyValueChange.testGetNotificationsForChangeInPropertyValueChange()'><b>testGetNotificationsForChangeInPropertyValueChange</b><br>Test class: com.yodlee.app.yodleeApi.Insights.Notifications.V2.TestGetInsightsForPropertyValueChange</td>
<td><div><pre>org.testng.internal.reflect.MethodMatcherException: 
Data provider mismatch
Method: testGetNotificationsForChangeInPropertyValueChange([Parameter{index=0, type=java.lang.String, declaredAnnotations=[]}, Parameter{index=1, type=java.lang.String, declaredAnnotations=[]}, Parameter{index=2, type=java.lang.String, declaredAnnotations=[]}, Parameter{index=3, type=java.lang.String, declaredAnnotations=[]}, Parameter{index=4, type=java.lang.String, declaredAnnotations=[]}, Parameter{index=5, type=java.lang.String, declaredAnnotations=[]}, Parameter{index=6, type=java.lang.String, declaredAnnotations=[]}, Parameter{index=7, type=long, declaredAnnotations=[]}, Parameter{index=8, type=java.lang.String, declaredAnnotations=[]}, Parameter{index=9, type=java.lang.String, declaredAnnotations=[]}, Parameter{index=10, type=java.lang.String, declaredAnnotations=[]}, Parameter{index=11, type=java.lang.String, declaredAnnotations=[]}, Parameter{index=12, type=java.lang.String, declaredAnnotations=[]}, Parameter{index=13, type=java.lang.String, declaredAnnotations=[]}, Parameter{index=14, type=java.lang.String, declaredAnnotations=[]}, Parameter{index=15, type=java.lang.String, declaredAnnotations=[]}, Parameter{index=16, type=java.lang.String, declaredAnnotations=[]}, Parameter{index=17, type=java.lang.String, declaredAnnotations=[]}, Parameter{index=18, type=java.lang.String, declaredAnnotations=[]}, Parameter{index=19, type=java.lang.String, declaredAnnotations=[]}, Parameter{index=20, type=java.lang.String, declaredAnnotations=[]}, Parameter{index=21, type=java.lang.String, declaredAnnotations=[]}, Parameter{index=22, type=java.lang.String, declaredAnnotations=[]}, Parameter{index=23, type=java.lang.String, declaredAnnotations=[]}, Parameter{index=24, type=java.lang.String, declaredAnnotations=[]}, Parameter{index=25, type=int, declaredAnnotations=[]}, Parameter{index=26, type=java.lang.String, declaredAnnotations=[]}, Parameter{index=27, type=java.lang.String, declaredAnnotations=[]}, Parameter{index=28, type=int, declaredAnnotations=[]}, Parameter{index=29, type=java.lang.String, declaredAnnotations=[]}, Parameter{index=30, type=java.lang.String, declaredAnnotations=[]}, Parameter{index=31, type=java.lang.String, declaredAnnotations=[]}, Parameter{index=32, type=java.lang.String, declaredAnnotations=[]}])
Arguments: [(java.lang.String),(java.lang.String),(java.lang.String),(java.lang.String),(java.lang.String),(java.lang.String),(java.lang.String),null,(java.lang.String),(java.lang.String),(java.lang.String),(java.lang.String),(java.lang.String),(java.lang.String),(java.lang.String),(java.lang.String),(java.lang.String),(java.lang.String),(java.lang.String),(java.lang.String),(java.lang.String),(java.lang.String),(java.lang.String),(java.lang.String),(java.lang.String),null,(java.lang.String),(java.lang.String),null,(java.lang.String),(java.lang.String),(java.lang.String),null]
	at java.util.concurrent.ThreadPoolExecutor.runWorker(Unknown Source)
	at java.util.concurrent.ThreadPoolExecutor$Worker.run(Unknown Source)
	at java.lang.Thread.run(Unknown Source)
... Removed 5 stack frames</pre></div><a href='#' onClick='toggleBox("stack-trace194635638", this, "Click to show all stack frames", "Click to hide stack frames")'>Click to show all stack frames</a>
<div class='stack-trace' id='stack-trace194635638'><pre>org.testng.internal.reflect.MethodMatcherException: 
Data provider mismatch
Method: testGetNotificationsForChangeInPropertyValueChange([Parameter{index=0, type=java.lang.String, declaredAnnotations=[]}, Parameter{index=1, type=java.lang.String, declaredAnnotations=[]}, Parameter{index=2, type=java.lang.String, declaredAnnotations=[]}, Parameter{index=3, type=java.lang.String, declaredAnnotations=[]}, Parameter{index=4, type=java.lang.String, declaredAnnotations=[]}, Parameter{index=5, type=java.lang.String, declaredAnnotations=[]}, Parameter{index=6, type=java.lang.String, declaredAnnotations=[]}, Parameter{index=7, type=long, declaredAnnotations=[]}, Parameter{index=8, type=java.lang.String, declaredAnnotations=[]}, Parameter{index=9, type=java.lang.String, declaredAnnotations=[]}, Parameter{index=10, type=java.lang.String, declaredAnnotations=[]}, Parameter{index=11, type=java.lang.String, declaredAnnotations=[]}, Parameter{index=12, type=java.lang.String, declaredAnnotations=[]}, Parameter{index=13, type=java.lang.String, declaredAnnotations=[]}, Parameter{index=14, type=java.lang.String, declaredAnnotations=[]}, Parameter{index=15, type=java.lang.String, declaredAnnotations=[]}, Parameter{index=16, type=java.lang.String, declaredAnnotations=[]}, Parameter{index=17, type=java.lang.String, declaredAnnotations=[]}, Parameter{index=18, type=java.lang.String, declaredAnnotations=[]}, Parameter{index=19, type=java.lang.String, declaredAnnotations=[]}, Parameter{index=20, type=java.lang.String, declaredAnnotations=[]}, Parameter{index=21, type=java.lang.String, declaredAnnotations=[]}, Parameter{index=22, type=java.lang.String, declaredAnnotations=[]}, Parameter{index=23, type=java.lang.String, declaredAnnotations=[]}, Parameter{index=24, type=java.lang.String, declaredAnnotations=[]}, Parameter{index=25, type=int, declaredAnnotations=[]}, Parameter{index=26, type=java.lang.String, declaredAnnotations=[]}, Parameter{index=27, type=java.lang.String, declaredAnnotations=[]}, Parameter{index=28, type=int, declaredAnnotations=[]}, Parameter{index=29, type=java.lang.String, declaredAnnotations=[]}, Parameter{index=30, type=java.lang.String, declaredAnnotations=[]}, Parameter{index=31, type=java.lang.String, declaredAnnotations=[]}, Parameter{index=32, type=java.lang.String, declaredAnnotations=[]}])
Arguments: [(java.lang.String),(java.lang.String),(java.lang.String),(java.lang.String),(java.lang.String),(java.lang.String),(java.lang.String),null,(java.lang.String),(java.lang.String),(java.lang.String),(java.lang.String),(java.lang.String),(java.lang.String),(java.lang.String),(java.lang.String),(java.lang.String),(java.lang.String),(java.lang.String),(java.lang.String),(java.lang.String),(java.lang.String),(java.lang.String),(java.lang.String),(java.lang.String),null,(java.lang.String),(java.lang.String),null,(java.lang.String),(java.lang.String),(java.lang.String),null]
	at org.testng.internal.reflect.DataProviderMethodMatcher.getConformingArguments(DataProviderMethodMatcher.java:52)
	at org.testng.internal.Invoker.injectParameters(Invoker.java:1278)
	at org.testng.internal.Invoker.invokeTestMethods(Invoker.java:1171)
	at org.testng.internal.TestMethodWorker.invokeTestMethods(TestMethodWorker.java:129)
	at org.testng.internal.TestMethodWorker.run(TestMethodWorker.java:112)
	at java.util.concurrent.ThreadPoolExecutor.runWorker(Unknown Source)
	at java.util.concurrent.ThreadPoolExecutor$Worker.run(Unknown Source)
	at java.lang.Thread.run(Unknown Source)
</pre></div></td>
<td>855</td>
<td>com.yodlee.app.yodleeApi.Insights.Notifications.V2.TestGetInsightsForPropertyValueChange@63a12c68</td></tr>
</table><p>
<table width='100%' border='1' class='invocation-passed'>
<tr><td colspan='4' align='center'><b>PASSED TESTS</b></td></tr>
<tr><td><b>Test method</b></td>
<td width="30%"><b>Exception</b></td>
<td width="10%"><b>Time (seconds)</b></td>
<td><b>Instance</b></td>
</tr>
<tr>
<td title='com.yodlee.app.yodleeApi.Insights.Notifications.V2.TestGetInsightsForPropertyValueChange.testGetNotificationsForChangeInPropertyValueChange()'><b>testGetNotificationsForChangeInPropertyValueChange</b><br>Test class: com.yodlee.app.yodleeApi.Insights.Notifications.V2.TestGetInsightsForPropertyValueChange<br>Parameters: AT-PVC01, Validate PropertyValueChange Insight when cobrand is not Subscribed  : No Insight Should be Generated, CHANGE_IN_PROPERTYVALUE, FALSE, REALESTATE, SCHEDULE, Manual, 16441, , , , 1, account, CHANGE,500,AMOUNT CHANGE,3,PERCENT, , , , 0, TRUE, FALSE, , ChangeInNetworth.json, , MONTHLY, 1000, 65, 4-Apr-21, 100, 35, 20-May-21, Account, 201, TRUE</td>
<td></td>
<td>160</td>
<td>com.yodlee.app.yodleeApi.Insights.Notifications.V2.TestGetInsightsForPropertyValueChange@63a12c68</td></tr>
<tr>
<td title='com.yodlee.app.yodleeApi.Insights.Notifications.V2.TestGetInsightsForPropertyValueChange.testGetNotificationsForChangeInPropertyValueChange()'><b>testGetNotificationsForChangeInPropertyValueChange</b><br>Test class: com.yodlee.app.yodleeApi.Insights.Notifications.V2.TestGetInsightsForPropertyValueChange<br>Parameters: AT-PVC02, Validate PropertyValueChange Insight when cobrand is not Subscribed  : No Insight Should be Generated, CHANGE_IN_PROPERTYVALUE, FALSE, REALESTATE, SCHEDULE, , 16441, , , , 1, account, CHANGE,500,AMOUNT CHANGE,3,PERCENT, , , , 0, TRUE, FALSE, , ChangeInNetworth.json, , MONTHLY, 1000, 65, 4-Apr-21, 100, 35, 20-May-21, Account, 201, TRUE</td>
<td></td>
<td>98</td>
<td>com.yodlee.app.yodleeApi.Insights.Notifications.V2.TestGetInsightsForPropertyValueChange@63a12c68</td></tr>
<tr>
<td title='com.yodlee.app.yodleeApi.Insights.Notifications.V2.TestGetInsightsForPropertyValueChange.testGetNotificationsForChangeInPropertyValueChange()'><b>testGetNotificationsForChangeInPropertyValueChange</b><br>Test class: com.yodlee.app.yodleeApi.Insights.Notifications.V2.TestGetInsightsForPropertyValueChange<br>Parameters: AT-PVC03, Validate PropertyValueChange Insight when cobrand is  Subscribed and User is unsubscribed : No Insight Should be Generated, CHANGE_IN_PROPERTYVALUE, FALSE, REALESTATE, SCHEDULE, , 16441, , , , 1, account, CHANGE,500,AMOUNT CHANGE,3,PERCENT, , , , 0, TRUE, TRUE, FALSE, ChangeInNetworth.json, , WEEKLY, 1000, 65, 4-Apr-21, 100, 10, 20-May-21, Account, 201, TRUE</td>
<td></td>
<td>100</td>
<td>com.yodlee.app.yodleeApi.Insights.Notifications.V2.TestGetInsightsForPropertyValueChange@63a12c68</td></tr>
<tr>
<td title='com.yodlee.app.yodleeApi.Insights.Notifications.V2.TestGetInsightsForPropertyValueChange.testGetNotificationsForChangeInPropertyValueChange()'><b>testGetNotificationsForChangeInPropertyValueChange</b><br>Test class: com.yodlee.app.yodleeApi.Insights.Notifications.V2.TestGetInsightsForPropertyValueChange<br>Parameters: AT-PVC04, Validate PropertyValueChange Insight when cobrand is  Subscribed and User is unsubscribed : No Insight Should be Generated, CHANGE_IN_PROPERTYVALUE, FALSE, REALESTATE, SCHEDULE, System, 16441, , , , 1, account, CHANGE,500,AMOUNT CHANGE,3,PERCENT, , , , 0, TRUE, TRUE, FALSE, ChangeInNetworth.json, , MONTHLY, 1000, 65, 4-Apr-21, 100, 35, 20-May-21, Account, 201, TRUE</td>
<td></td>
<td>168</td>
<td>com.yodlee.app.yodleeApi.Insights.Notifications.V2.TestGetInsightsForPropertyValueChange@63a12c68</td></tr>
</table><p>
</body>
</html>