<html>
<head>
<title>TestNG:  New Bill</title>
<link href="../testng.css" rel="stylesheet" type="text/css" />
<link href="../my-testng.css" rel="stylesheet" type="text/css" />

<style type="text/css">
.log { display: none;} 
.stack-trace { display: none;} 
</style>
<script type="text/javascript">
<!--
function flip(e) {
  current = e.style.display;
  if (current == 'block') {
    e.style.display = 'none';
    return 0;
  }
  else {
    e.style.display = 'block';
    return 1;
  }
}

function toggleBox(szDivId, elem, msg1, msg2)
{
  var res = -1;  if (document.getElementById) {
    res = flip(document.getElementById(szDivId));
  }
  else if (document.all) {
    // this is the way old msie versions work
    res = flip(document.all[szDivId]);
  }
  if(elem) {
    if(res == 0) elem.innerHTML = msg1; else elem.innerHTML = msg2;
  }

}

function toggleAllBoxes() {
  if (document.getElementsByTagName) {
    d = document.getElementsByTagName('div');
    for (i = 0; i < d.length; i++) {
      if (d[i].className == 'log') {
        flip(d[i]);
      }
    }
  }
}

// -->
</script>

</head>
<body>
<h2 align='center'>New Bill</h2><table border='1' align="center">
<tr>
<td>Tests passed/Failed/Skipped:</td><td>2/15/0</td>
</tr><tr>
<td>Started on:</td><td>Tue May 18 20:00:04 IST 2021</td>
</tr>
<tr><td>Total time:</td><td>646 seconds (646113 ms)</td>
</tr><tr>
<td>Included groups:</td><td></td>
</tr><tr>
<td>Excluded groups:</td><td></td>
</tr>
</table><p/>
<small><i>(Hover the method name to see the test class name)</i></small><p/>
<table width='100%' border='1' class='invocation-failed'>
<tr><td colspan='4' align='center'><b>FAILED CONFIGURATIONS</b></td></tr>
<tr><td><b>Test method</b></td>
<td width="30%"><b>Exception</b></td>
<td width="10%"><b>Time (seconds)</b></td>
<td><b>Instance</b></td>
</tr>
<tr>
<td title='com.yodlee.app.yodleeApi.Insights.Notifications.V2.TestGetInsightsForNewBill.prepareAutomationReport()'><b>prepareAutomationReport</b><br>Test class: com.yodlee.app.yodleeApi.Insights.Notifications.V2.TestGetInsightsForNewBill</td>
<td><div><pre>java.lang.NullPointerException
	at com.yodlee.insights.yodleeApi.utils.InsightsHelper.printSummaryOfTests(InsightsHelper.java:1966)
	at com.yodlee.app.yodleeApi.Insights.Notifications.V2.TestGetInsightsForNewBill.prepareAutomationReport(TestGetInsightsForNewBill.java:306)
	at java.util.concurrent.ThreadPoolExecutor.runWorker(Unknown Source)
	at java.util.concurrent.ThreadPoolExecutor$Worker.run(Unknown Source)
	at java.lang.Thread.run(Unknown Source)
... Removed 12 stack frames</pre></div><a href='#' onClick='toggleBox("stack-trace1278637367", this, "Click to show all stack frames", "Click to hide stack frames")'>Click to show all stack frames</a>
<div class='stack-trace' id='stack-trace1278637367'><pre>java.lang.NullPointerException
	at com.yodlee.insights.yodleeApi.utils.InsightsHelper.printSummaryOfTests(InsightsHelper.java:1966)
	at com.yodlee.app.yodleeApi.Insights.Notifications.V2.TestGetInsightsForNewBill.prepareAutomationReport(TestGetInsightsForNewBill.java:306)
	at sun.reflect.NativeMethodAccessorImpl.invoke0(Native Method)
	at sun.reflect.NativeMethodAccessorImpl.invoke(Unknown Source)
	at sun.reflect.DelegatingMethodAccessorImpl.invoke(Unknown Source)
	at java.lang.reflect.Method.invoke(Unknown Source)
	at org.testng.internal.MethodInvocationHelper.invokeMethod(MethodInvocationHelper.java:104)
	at org.testng.internal.Invoker.invokeConfigurationMethod(Invoker.java:515)
	at org.testng.internal.Invoker.invokeConfigurations(Invoker.java:217)
	at org.testng.internal.Invoker.invokeMethod(Invoker.java:712)
	at org.testng.internal.Invoker.invokeTestMethod(Invoker.java:851)
	at org.testng.internal.Invoker.invokeTestMethods(Invoker.java:1177)
	at org.testng.internal.TestMethodWorker.invokeTestMethods(TestMethodWorker.java:129)
	at org.testng.internal.TestMethodWorker.run(TestMethodWorker.java:112)
	at java.util.concurrent.ThreadPoolExecutor.runWorker(Unknown Source)
	at java.util.concurrent.ThreadPoolExecutor$Worker.run(Unknown Source)
	at java.lang.Thread.run(Unknown Source)
</pre></div></td>
<td>0</td>
<td>com.yodlee.app.yodleeApi.Insights.Notifications.V2.TestGetInsightsForNewBill@1e6454ec</td></tr>
</table><p>
<table width='100%' border='1' class='invocation-failed'>
<tr><td colspan='4' align='center'><b>FAILED TESTS</b></td></tr>
<tr><td><b>Test method</b></td>
<td width="30%"><b>Exception</b></td>
<td width="10%"><b>Time (seconds)</b></td>
<td><b>Instance</b></td>
</tr>
<tr>
<td title='com.yodlee.app.yodleeApi.Insights.Notifications.V2.TestGetInsightsForNewBill.testGetNotificationsForNewBill()'><b>testGetNotificationsForNewBill</b><br>Test class: com.yodlee.app.yodleeApi.Insights.Notifications.V2.TestGetInsightsForNewBill<br>Parameters: AT-142054, Validate NewBill Inisight generation when cobrand is not subscribe to a view - Insights shouldn't be generated, NEW_BILL, FALSE, EVENT, , 1, view, 15, TRUE, TRUE, , , , 0, , viewsRulesExpenseMerchantTypes, , , , , BILLERS#SUBSCRIPTION, EventBillSub.site16441.2,site16441.2, 201, TRUE</td>
<td><div><pre>java.lang.AssertionError: Test FAILED -&gt; Expected  15 insights triggered But found Empty {}
	at com.yodlee.app.yodleeApi.Insights.Notifications.V2.TestGetInsightsForNewBill.testGetNotificationsForNewBill(TestGetInsightsForNewBill.java:299)
	at java.util.concurrent.ThreadPoolExecutor.runWorker(Unknown Source)
	at java.util.concurrent.ThreadPoolExecutor$Worker.run(Unknown Source)
	at java.lang.Thread.run(Unknown Source)
... Removed 11 stack frames</pre></div><a href='#' onClick='toggleBox("stack-trace903204976", this, "Click to show all stack frames", "Click to hide stack frames")'>Click to show all stack frames</a>
<div class='stack-trace' id='stack-trace903204976'><pre>java.lang.AssertionError: Test FAILED -&gt; Expected  15 insights triggered But found Empty {}
	at org.testng.Assert.fail(Assert.java:94)
	at com.yodlee.app.yodleeApi.Insights.Notifications.V2.TestGetInsightsForNewBill.testGetNotificationsForNewBill(TestGetInsightsForNewBill.java:299)
	at sun.reflect.NativeMethodAccessorImpl.invoke0(Native Method)
	at sun.reflect.NativeMethodAccessorImpl.invoke(Unknown Source)
	at sun.reflect.DelegatingMethodAccessorImpl.invoke(Unknown Source)
	at java.lang.reflect.Method.invoke(Unknown Source)
	at org.testng.internal.MethodInvocationHelper.invokeMethod(MethodInvocationHelper.java:104)
	at org.testng.internal.Invoker.invokeMethod(Invoker.java:645)
	at org.testng.internal.Invoker.invokeTestMethod(Invoker.java:851)
	at org.testng.internal.Invoker.invokeTestMethods(Invoker.java:1177)
	at org.testng.internal.TestMethodWorker.invokeTestMethods(TestMethodWorker.java:129)
	at org.testng.internal.TestMethodWorker.run(TestMethodWorker.java:112)
	at java.util.concurrent.ThreadPoolExecutor.runWorker(Unknown Source)
	at java.util.concurrent.ThreadPoolExecutor$Worker.run(Unknown Source)
	at java.lang.Thread.run(Unknown Source)
</pre></div></td>
<td>41</td>
<td>com.yodlee.app.yodleeApi.Insights.Notifications.V2.TestGetInsightsForNewBill@1e6454ec</td></tr>
<tr>
<td title='com.yodlee.app.yodleeApi.Insights.Notifications.V2.TestGetInsightsForNewBill.testGetNotificationsForNewBill()'><b>testGetNotificationsForNewBill</b><br>Test class: com.yodlee.app.yodleeApi.Insights.Notifications.V2.TestGetInsightsForNewBill<br>Parameters: AT-142055, Validate NewBill Inisight generation when cobrand is subscribed for account's default threshold - Insights must be generated, NEW_BILL, FALSE, EVENT, , 1, account, 15, TRUE, TRUE, , , , 0, Account, , , , , , , EventBillSub.site16441.2,site16441.2, 201, TRUE</td>
<td><div><pre>java.lang.AssertionError: Test FAILED -&gt; Expected  15 insights triggered But found Empty {}
	at com.yodlee.app.yodleeApi.Insights.Notifications.V2.TestGetInsightsForNewBill.testGetNotificationsForNewBill(TestGetInsightsForNewBill.java:299)
	at java.util.concurrent.ThreadPoolExecutor.runWorker(Unknown Source)
	at java.util.concurrent.ThreadPoolExecutor$Worker.run(Unknown Source)
	at java.lang.Thread.run(Unknown Source)
... Removed 11 stack frames</pre></div><a href='#' onClick='toggleBox("stack-trace965970415", this, "Click to show all stack frames", "Click to hide stack frames")'>Click to show all stack frames</a>
<div class='stack-trace' id='stack-trace965970415'><pre>java.lang.AssertionError: Test FAILED -&gt; Expected  15 insights triggered But found Empty {}
	at org.testng.Assert.fail(Assert.java:94)
	at com.yodlee.app.yodleeApi.Insights.Notifications.V2.TestGetInsightsForNewBill.testGetNotificationsForNewBill(TestGetInsightsForNewBill.java:299)
	at sun.reflect.NativeMethodAccessorImpl.invoke0(Native Method)
	at sun.reflect.NativeMethodAccessorImpl.invoke(Unknown Source)
	at sun.reflect.DelegatingMethodAccessorImpl.invoke(Unknown Source)
	at java.lang.reflect.Method.invoke(Unknown Source)
	at org.testng.internal.MethodInvocationHelper.invokeMethod(MethodInvocationHelper.java:104)
	at org.testng.internal.Invoker.invokeMethod(Invoker.java:645)
	at org.testng.internal.Invoker.invokeTestMethod(Invoker.java:851)
	at org.testng.internal.Invoker.invokeTestMethods(Invoker.java:1177)
	at org.testng.internal.TestMethodWorker.invokeTestMethods(TestMethodWorker.java:129)
	at org.testng.internal.TestMethodWorker.run(TestMethodWorker.java:112)
	at java.util.concurrent.ThreadPoolExecutor.runWorker(Unknown Source)
	at java.util.concurrent.ThreadPoolExecutor$Worker.run(Unknown Source)
	at java.lang.Thread.run(Unknown Source)
</pre></div></td>
<td>24</td>
<td>com.yodlee.app.yodleeApi.Insights.Notifications.V2.TestGetInsightsForNewBill@1e6454ec</td></tr>
<tr>
<td title='com.yodlee.app.yodleeApi.Insights.Notifications.V2.TestGetInsightsForNewBill.testGetNotificationsForNewBill()'><b>testGetNotificationsForNewBill</b><br>Test class: com.yodlee.app.yodleeApi.Insights.Notifications.V2.TestGetInsightsForNewBill<br>Parameters: AT-142056, Validate NewBill Inisight generation when cobrand is subscribed for view's with same thresold for account and view - Insights must be generated, NEW_BILL, FALSE, EVENT, , 2, account view, 15, TRUE, FALSE  TRUE, , , , 0, View, viewsRulesExpenseMerchantTypes, , , , , BILLERS#SUBSCRIPTION, EventBillSub.site16441.2,site16441.2, 201, TRUE</td>
<td><div><pre>java.lang.AssertionError: Test FAILED -&gt; Expected  15 insights triggered But found Empty {}
	at com.yodlee.app.yodleeApi.Insights.Notifications.V2.TestGetInsightsForNewBill.testGetNotificationsForNewBill(TestGetInsightsForNewBill.java:299)
	at java.util.concurrent.ThreadPoolExecutor.runWorker(Unknown Source)
	at java.util.concurrent.ThreadPoolExecutor$Worker.run(Unknown Source)
	at java.lang.Thread.run(Unknown Source)
... Removed 11 stack frames</pre></div><a href='#' onClick='toggleBox("stack-trace136644518", this, "Click to show all stack frames", "Click to hide stack frames")'>Click to show all stack frames</a>
<div class='stack-trace' id='stack-trace136644518'><pre>java.lang.AssertionError: Test FAILED -&gt; Expected  15 insights triggered But found Empty {}
	at org.testng.Assert.fail(Assert.java:94)
	at com.yodlee.app.yodleeApi.Insights.Notifications.V2.TestGetInsightsForNewBill.testGetNotificationsForNewBill(TestGetInsightsForNewBill.java:299)
	at sun.reflect.NativeMethodAccessorImpl.invoke0(Native Method)
	at sun.reflect.NativeMethodAccessorImpl.invoke(Unknown Source)
	at sun.reflect.DelegatingMethodAccessorImpl.invoke(Unknown Source)
	at java.lang.reflect.Method.invoke(Unknown Source)
	at org.testng.internal.MethodInvocationHelper.invokeMethod(MethodInvocationHelper.java:104)
	at org.testng.internal.Invoker.invokeMethod(Invoker.java:645)
	at org.testng.internal.Invoker.invokeTestMethod(Invoker.java:851)
	at org.testng.internal.Invoker.invokeTestMethods(Invoker.java:1177)
	at org.testng.internal.TestMethodWorker.invokeTestMethods(TestMethodWorker.java:129)
	at org.testng.internal.TestMethodWorker.run(TestMethodWorker.java:112)
	at java.util.concurrent.ThreadPoolExecutor.runWorker(Unknown Source)
	at java.util.concurrent.ThreadPoolExecutor$Worker.run(Unknown Source)
	at java.lang.Thread.run(Unknown Source)
</pre></div></td>
<td>29</td>
<td>com.yodlee.app.yodleeApi.Insights.Notifications.V2.TestGetInsightsForNewBill@1e6454ec</td></tr>
<tr>
<td title='com.yodlee.app.yodleeApi.Insights.Notifications.V2.TestGetInsightsForNewBill.testGetNotificationsForNewBill()'><b>testGetNotificationsForNewBill</b><br>Test class: com.yodlee.app.yodleeApi.Insights.Notifications.V2.TestGetInsightsForNewBill<br>Parameters: AT-142057, Validate NewBill Inisight generation when cobrand and user are both subscribed for an view user changes threshold values from cobrand default threshold - Insights must be generated(VIEW), NEW_BILL, FALSE, EVENT, , 2, account view, 30, TRUE, TRUE  TRUE, FALSE  TRUE, , FALSE  TRUE, 0, View, viewsRulesExpenseMerchantTypes, , , , , BILLERS#SUBSCRIPTION, EventBillSub.site16441.2,site16441.2, 201, TRUE</td>
<td><div><pre>java.lang.AssertionError: Test FAILED -&gt; Expected  30 insights triggered But found Empty {}
	at com.yodlee.app.yodleeApi.Insights.Notifications.V2.TestGetInsightsForNewBill.testGetNotificationsForNewBill(TestGetInsightsForNewBill.java:299)
	at java.util.concurrent.ThreadPoolExecutor.runWorker(Unknown Source)
	at java.util.concurrent.ThreadPoolExecutor$Worker.run(Unknown Source)
	at java.lang.Thread.run(Unknown Source)
... Removed 11 stack frames</pre></div><a href='#' onClick='toggleBox("stack-trace1452679922", this, "Click to show all stack frames", "Click to hide stack frames")'>Click to show all stack frames</a>
<div class='stack-trace' id='stack-trace1452679922'><pre>java.lang.AssertionError: Test FAILED -&gt; Expected  30 insights triggered But found Empty {}
	at org.testng.Assert.fail(Assert.java:94)
	at com.yodlee.app.yodleeApi.Insights.Notifications.V2.TestGetInsightsForNewBill.testGetNotificationsForNewBill(TestGetInsightsForNewBill.java:299)
	at sun.reflect.NativeMethodAccessorImpl.invoke0(Native Method)
	at sun.reflect.NativeMethodAccessorImpl.invoke(Unknown Source)
	at sun.reflect.DelegatingMethodAccessorImpl.invoke(Unknown Source)
	at java.lang.reflect.Method.invoke(Unknown Source)
	at org.testng.internal.MethodInvocationHelper.invokeMethod(MethodInvocationHelper.java:104)
	at org.testng.internal.Invoker.invokeMethod(Invoker.java:645)
	at org.testng.internal.Invoker.invokeTestMethod(Invoker.java:851)
	at org.testng.internal.Invoker.invokeTestMethods(Invoker.java:1177)
	at org.testng.internal.TestMethodWorker.invokeTestMethods(TestMethodWorker.java:129)
	at org.testng.internal.TestMethodWorker.run(TestMethodWorker.java:112)
	at java.util.concurrent.ThreadPoolExecutor.runWorker(Unknown Source)
	at java.util.concurrent.ThreadPoolExecutor$Worker.run(Unknown Source)
	at java.lang.Thread.run(Unknown Source)
</pre></div></td>
<td>45</td>
<td>com.yodlee.app.yodleeApi.Insights.Notifications.V2.TestGetInsightsForNewBill@1e6454ec</td></tr>
<tr>
<td title='com.yodlee.app.yodleeApi.Insights.Notifications.V2.TestGetInsightsForNewBill.testGetNotificationsForNewBill()'><b>testGetNotificationsForNewBill</b><br>Test class: com.yodlee.app.yodleeApi.Insights.Notifications.V2.TestGetInsightsForNewBill<br>Parameters: AT-142058, Validate NewBill Inisight generation when cobrand and user are both subscribed for an account having "Salary (Salary/Paycheck)" category - Insight Must not be generated, NEW_BILL, FALSE, EVENT, , 1, account, 14, TRUE, TRUE, TRUE, ExpenseIncomeAccount, TRUE, 1, Account, , , , , , , EventBillSub.site16441.2,site16441.2, 201, TRUE</td>
<td><div><pre>java.lang.NullPointerException
	at com.yodlee.app.yodleeApi.Insights.Notifications.V2.TestGetInsightsForNewBill.testGetNotificationsForNewBill(TestGetInsightsForNewBill.java:273)
	at java.util.concurrent.ThreadPoolExecutor.runWorker(Unknown Source)
	at java.util.concurrent.ThreadPoolExecutor$Worker.run(Unknown Source)
	at java.lang.Thread.run(Unknown Source)
... Removed 10 stack frames</pre></div><a href='#' onClick='toggleBox("stack-trace1949436818", this, "Click to show all stack frames", "Click to hide stack frames")'>Click to show all stack frames</a>
<div class='stack-trace' id='stack-trace1949436818'><pre>java.lang.NullPointerException
	at com.yodlee.app.yodleeApi.Insights.Notifications.V2.TestGetInsightsForNewBill.testGetNotificationsForNewBill(TestGetInsightsForNewBill.java:273)
	at sun.reflect.NativeMethodAccessorImpl.invoke0(Native Method)
	at sun.reflect.NativeMethodAccessorImpl.invoke(Unknown Source)
	at sun.reflect.DelegatingMethodAccessorImpl.invoke(Unknown Source)
	at java.lang.reflect.Method.invoke(Unknown Source)
	at org.testng.internal.MethodInvocationHelper.invokeMethod(MethodInvocationHelper.java:104)
	at org.testng.internal.Invoker.invokeMethod(Invoker.java:645)
	at org.testng.internal.Invoker.invokeTestMethod(Invoker.java:851)
	at org.testng.internal.Invoker.invokeTestMethods(Invoker.java:1177)
	at org.testng.internal.TestMethodWorker.invokeTestMethods(TestMethodWorker.java:129)
	at org.testng.internal.TestMethodWorker.run(TestMethodWorker.java:112)
	at java.util.concurrent.ThreadPoolExecutor.runWorker(Unknown Source)
	at java.util.concurrent.ThreadPoolExecutor$Worker.run(Unknown Source)
	at java.lang.Thread.run(Unknown Source)
</pre></div></td>
<td>24</td>
<td>com.yodlee.app.yodleeApi.Insights.Notifications.V2.TestGetInsightsForNewBill@1e6454ec</td></tr>
<tr>
<td title='com.yodlee.app.yodleeApi.Insights.Notifications.V2.TestGetInsightsForNewBill.testGetNotificationsForNewBill()'><b>testGetNotificationsForNewBill</b><br>Test class: com.yodlee.app.yodleeApi.Insights.Notifications.V2.TestGetInsightsForNewBill<br>Parameters: AT-142062, Validate NewBill Inisight generation for an user is subscribed future day is 20 and for account entiti, NEW_BILL, FALSE, EVENT, , 1, account, 15, TRUE, TRUE, TRUE, , TRUE, 0, Account, , , , , , , EventBillSub.site16441.2,site16441.2, 201, TRUE</td>
<td><div><pre>java.lang.AssertionError: Test FAILED -&gt; Expected  15 insights triggered But found Empty {}
	at com.yodlee.app.yodleeApi.Insights.Notifications.V2.TestGetInsightsForNewBill.testGetNotificationsForNewBill(TestGetInsightsForNewBill.java:299)
	at java.util.concurrent.ThreadPoolExecutor.runWorker(Unknown Source)
	at java.util.concurrent.ThreadPoolExecutor$Worker.run(Unknown Source)
	at java.lang.Thread.run(Unknown Source)
... Removed 11 stack frames</pre></div><a href='#' onClick='toggleBox("stack-trace1404710416", this, "Click to show all stack frames", "Click to hide stack frames")'>Click to show all stack frames</a>
<div class='stack-trace' id='stack-trace1404710416'><pre>java.lang.AssertionError: Test FAILED -&gt; Expected  15 insights triggered But found Empty {}
	at org.testng.Assert.fail(Assert.java:94)
	at com.yodlee.app.yodleeApi.Insights.Notifications.V2.TestGetInsightsForNewBill.testGetNotificationsForNewBill(TestGetInsightsForNewBill.java:299)
	at sun.reflect.NativeMethodAccessorImpl.invoke0(Native Method)
	at sun.reflect.NativeMethodAccessorImpl.invoke(Unknown Source)
	at sun.reflect.DelegatingMethodAccessorImpl.invoke(Unknown Source)
	at java.lang.reflect.Method.invoke(Unknown Source)
	at org.testng.internal.MethodInvocationHelper.invokeMethod(MethodInvocationHelper.java:104)
	at org.testng.internal.Invoker.invokeMethod(Invoker.java:645)
	at org.testng.internal.Invoker.invokeTestMethod(Invoker.java:851)
	at org.testng.internal.Invoker.invokeTestMethods(Invoker.java:1177)
	at org.testng.internal.TestMethodWorker.invokeTestMethods(TestMethodWorker.java:129)
	at org.testng.internal.TestMethodWorker.run(TestMethodWorker.java:112)
	at java.util.concurrent.ThreadPoolExecutor.runWorker(Unknown Source)
	at java.util.concurrent.ThreadPoolExecutor$Worker.run(Unknown Source)
	at java.lang.Thread.run(Unknown Source)
</pre></div></td>
<td>39</td>
<td>com.yodlee.app.yodleeApi.Insights.Notifications.V2.TestGetInsightsForNewBill@1e6454ec</td></tr>
<tr>
<td title='com.yodlee.app.yodleeApi.Insights.Notifications.V2.TestGetInsightsForNewBill.testGetNotificationsForNewBill()'><b>testGetNotificationsForNewBill</b><br>Test class: com.yodlee.app.yodleeApi.Insights.Notifications.V2.TestGetInsightsForNewBill<br>Parameters: AT-142064, Validate NewBill Inisight generation for an user will PATCH one account Id (isSubscribed = true) - one Insight should be generated for that PATCHed account, NEW_BILL, FALSE, EVENT, , 1, account, 15, TRUE, TRUE, TRUE, InvestmentIncomeAccount, TRUE, 0, Account, , , , , , , EventBillSub.site16441.2,site16441.2, 201, TRUE</td>
<td><div><pre>java.lang.AssertionError: Test FAILED -&gt; Expected  15 insights triggered But found Empty {}
	at com.yodlee.app.yodleeApi.Insights.Notifications.V2.TestGetInsightsForNewBill.testGetNotificationsForNewBill(TestGetInsightsForNewBill.java:299)
	at java.util.concurrent.ThreadPoolExecutor.runWorker(Unknown Source)
	at java.util.concurrent.ThreadPoolExecutor$Worker.run(Unknown Source)
	at java.lang.Thread.run(Unknown Source)
... Removed 11 stack frames</pre></div><a href='#' onClick='toggleBox("stack-trace1398926303", this, "Click to show all stack frames", "Click to hide stack frames")'>Click to show all stack frames</a>
<div class='stack-trace' id='stack-trace1398926303'><pre>java.lang.AssertionError: Test FAILED -&gt; Expected  15 insights triggered But found Empty {}
	at org.testng.Assert.fail(Assert.java:94)
	at com.yodlee.app.yodleeApi.Insights.Notifications.V2.TestGetInsightsForNewBill.testGetNotificationsForNewBill(TestGetInsightsForNewBill.java:299)
	at sun.reflect.NativeMethodAccessorImpl.invoke0(Native Method)
	at sun.reflect.NativeMethodAccessorImpl.invoke(Unknown Source)
	at sun.reflect.DelegatingMethodAccessorImpl.invoke(Unknown Source)
	at java.lang.reflect.Method.invoke(Unknown Source)
	at org.testng.internal.MethodInvocationHelper.invokeMethod(MethodInvocationHelper.java:104)
	at org.testng.internal.Invoker.invokeMethod(Invoker.java:645)
	at org.testng.internal.Invoker.invokeTestMethod(Invoker.java:851)
	at org.testng.internal.Invoker.invokeTestMethods(Invoker.java:1177)
	at org.testng.internal.TestMethodWorker.invokeTestMethods(TestMethodWorker.java:129)
	at org.testng.internal.TestMethodWorker.run(TestMethodWorker.java:112)
	at java.util.concurrent.ThreadPoolExecutor.runWorker(Unknown Source)
	at java.util.concurrent.ThreadPoolExecutor$Worker.run(Unknown Source)
	at java.lang.Thread.run(Unknown Source)
</pre></div></td>
<td>41</td>
<td>com.yodlee.app.yodleeApi.Insights.Notifications.V2.TestGetInsightsForNewBill@1e6454ec</td></tr>
<tr>
<td title='com.yodlee.app.yodleeApi.Insights.Notifications.V2.TestGetInsightsForNewBill.testGetNotificationsForNewBill()'><b>testGetNotificationsForNewBill</b><br>Test class: com.yodlee.app.yodleeApi.Insights.Notifications.V2.TestGetInsightsForNewBill<br>Parameters: AT-142068, Validate NewBill Inisight generation for an user will PATCH one account Id having Income Expense txns (isSubscribed = true) - 1 Insight should  be generated for the income Txn PATCHed accounts, NEW_BILL, FALSE, EVENT, , 1, account, 14, TRUE, TRUE, TRUE, ExpenseIncomeAccount, TRUE, 1, Account, , , , , , , EventBillSub.site16441.2,site16441.2, 201, TRUE</td>
<td><div><pre>java.lang.NullPointerException
	at com.yodlee.app.yodleeApi.Insights.Notifications.V2.TestGetInsightsForNewBill.testGetNotificationsForNewBill(TestGetInsightsForNewBill.java:273)
	at java.util.concurrent.ThreadPoolExecutor.runWorker(Unknown Source)
	at java.util.concurrent.ThreadPoolExecutor$Worker.run(Unknown Source)
	at java.lang.Thread.run(Unknown Source)
... Removed 10 stack frames</pre></div><a href='#' onClick='toggleBox("stack-trace1336700044", this, "Click to show all stack frames", "Click to hide stack frames")'>Click to show all stack frames</a>
<div class='stack-trace' id='stack-trace1336700044'><pre>java.lang.NullPointerException
	at com.yodlee.app.yodleeApi.Insights.Notifications.V2.TestGetInsightsForNewBill.testGetNotificationsForNewBill(TestGetInsightsForNewBill.java:273)
	at sun.reflect.NativeMethodAccessorImpl.invoke0(Native Method)
	at sun.reflect.NativeMethodAccessorImpl.invoke(Unknown Source)
	at sun.reflect.DelegatingMethodAccessorImpl.invoke(Unknown Source)
	at java.lang.reflect.Method.invoke(Unknown Source)
	at org.testng.internal.MethodInvocationHelper.invokeMethod(MethodInvocationHelper.java:104)
	at org.testng.internal.Invoker.invokeMethod(Invoker.java:645)
	at org.testng.internal.Invoker.invokeTestMethod(Invoker.java:851)
	at org.testng.internal.Invoker.invokeTestMethods(Invoker.java:1177)
	at org.testng.internal.TestMethodWorker.invokeTestMethods(TestMethodWorker.java:129)
	at org.testng.internal.TestMethodWorker.run(TestMethodWorker.java:112)
	at java.util.concurrent.ThreadPoolExecutor.runWorker(Unknown Source)
	at java.util.concurrent.ThreadPoolExecutor$Worker.run(Unknown Source)
	at java.lang.Thread.run(Unknown Source)
</pre></div></td>
<td>40</td>
<td>com.yodlee.app.yodleeApi.Insights.Notifications.V2.TestGetInsightsForNewBill@1e6454ec</td></tr>
<tr>
<td title='com.yodlee.app.yodleeApi.Insights.Notifications.V2.TestGetInsightsForNewBill.testGetNotificationsForNewBill()'><b>testGetNotificationsForNewBill</b><br>Test class: com.yodlee.app.yodleeApi.Insights.Notifications.V2.TestGetInsightsForNewBill<br>Parameters: AT-142071, Validate NewBill Inisight generate inisghts for all accounts - 11 insghts should be generated, NEW_BILL, TRUE, EVENT, , 2, account view, 15, TRUE, TRUE  TRUE, TRUE FALSE, , TRUE FALSE, 0, Account, , , , , , , EventBillSub.site16441.2,site16441.2, 201, TRUE</td>
<td><div><pre>java.lang.AssertionError: Test FAILED -&gt; Expected  15 insights triggered But found Empty {}
	at com.yodlee.app.yodleeApi.Insights.Notifications.V2.TestGetInsightsForNewBill.testGetNotificationsForNewBill(TestGetInsightsForNewBill.java:299)
	at java.util.concurrent.ThreadPoolExecutor.runWorker(Unknown Source)
	at java.util.concurrent.ThreadPoolExecutor$Worker.run(Unknown Source)
	at java.lang.Thread.run(Unknown Source)
... Removed 11 stack frames</pre></div><a href='#' onClick='toggleBox("stack-trace1137979900", this, "Click to show all stack frames", "Click to hide stack frames")'>Click to show all stack frames</a>
<div class='stack-trace' id='stack-trace1137979900'><pre>java.lang.AssertionError: Test FAILED -&gt; Expected  15 insights triggered But found Empty {}
	at org.testng.Assert.fail(Assert.java:94)
	at com.yodlee.app.yodleeApi.Insights.Notifications.V2.TestGetInsightsForNewBill.testGetNotificationsForNewBill(TestGetInsightsForNewBill.java:299)
	at sun.reflect.NativeMethodAccessorImpl.invoke0(Native Method)
	at sun.reflect.NativeMethodAccessorImpl.invoke(Unknown Source)
	at sun.reflect.DelegatingMethodAccessorImpl.invoke(Unknown Source)
	at java.lang.reflect.Method.invoke(Unknown Source)
	at org.testng.internal.MethodInvocationHelper.invokeMethod(MethodInvocationHelper.java:104)
	at org.testng.internal.Invoker.invokeMethod(Invoker.java:645)
	at org.testng.internal.Invoker.invokeTestMethod(Invoker.java:851)
	at org.testng.internal.Invoker.invokeTestMethods(Invoker.java:1177)
	at org.testng.internal.TestMethodWorker.invokeTestMethods(TestMethodWorker.java:129)
	at org.testng.internal.TestMethodWorker.run(TestMethodWorker.java:112)
	at java.util.concurrent.ThreadPoolExecutor.runWorker(Unknown Source)
	at java.util.concurrent.ThreadPoolExecutor$Worker.run(Unknown Source)
	at java.lang.Thread.run(Unknown Source)
</pre></div></td>
<td>40</td>
<td>com.yodlee.app.yodleeApi.Insights.Notifications.V2.TestGetInsightsForNewBill@1e6454ec</td></tr>
<tr>
<td title='com.yodlee.app.yodleeApi.Insights.Notifications.V2.TestGetInsightsForNewBill.testGetNotificationsForNewBill()'><b>testGetNotificationsForNewBill</b><br>Test class: com.yodlee.app.yodleeApi.Insights.Notifications.V2.TestGetInsightsForNewBill<br>Parameters: AT-142072, Validate NewBill Inisight generate inisghts by triggering one moretime  for all accounts (Verify trigger check for all accounts)- Already created insights should be retained, NEW_BILL, FALSE, EVENT, , 2, account view, 15, TRUE, TRUE  TRUE, TRUE FALSE, , TRUE FALSE, 0, Account, , , , , , , EventBillSub.site16441.2,site16441.2, 201, TRUE</td>
<td><div><pre>java.lang.AssertionError: Test FAILED -&gt; Expected  15 insights triggered But found Empty {}
	at com.yodlee.app.yodleeApi.Insights.Notifications.V2.TestGetInsightsForNewBill.testGetNotificationsForNewBill(TestGetInsightsForNewBill.java:299)
	at java.util.concurrent.ThreadPoolExecutor.runWorker(Unknown Source)
	at java.util.concurrent.ThreadPoolExecutor$Worker.run(Unknown Source)
	at java.lang.Thread.run(Unknown Source)
... Removed 11 stack frames</pre></div><a href='#' onClick='toggleBox("stack-trace801262189", this, "Click to show all stack frames", "Click to hide stack frames")'>Click to show all stack frames</a>
<div class='stack-trace' id='stack-trace801262189'><pre>java.lang.AssertionError: Test FAILED -&gt; Expected  15 insights triggered But found Empty {}
	at org.testng.Assert.fail(Assert.java:94)
	at com.yodlee.app.yodleeApi.Insights.Notifications.V2.TestGetInsightsForNewBill.testGetNotificationsForNewBill(TestGetInsightsForNewBill.java:299)
	at sun.reflect.NativeMethodAccessorImpl.invoke0(Native Method)
	at sun.reflect.NativeMethodAccessorImpl.invoke(Unknown Source)
	at sun.reflect.DelegatingMethodAccessorImpl.invoke(Unknown Source)
	at java.lang.reflect.Method.invoke(Unknown Source)
	at org.testng.internal.MethodInvocationHelper.invokeMethod(MethodInvocationHelper.java:104)
	at org.testng.internal.Invoker.invokeMethod(Invoker.java:645)
	at org.testng.internal.Invoker.invokeTestMethod(Invoker.java:851)
	at org.testng.internal.Invoker.invokeTestMethods(Invoker.java:1177)
	at org.testng.internal.TestMethodWorker.invokeTestMethods(TestMethodWorker.java:129)
	at org.testng.internal.TestMethodWorker.run(TestMethodWorker.java:112)
	at java.util.concurrent.ThreadPoolExecutor.runWorker(Unknown Source)
	at java.util.concurrent.ThreadPoolExecutor$Worker.run(Unknown Source)
	at java.lang.Thread.run(Unknown Source)
</pre></div></td>
<td>44</td>
<td>com.yodlee.app.yodleeApi.Insights.Notifications.V2.TestGetInsightsForNewBill@1e6454ec</td></tr>
<tr>
<td title='com.yodlee.app.yodleeApi.Insights.Notifications.V2.TestGetInsightsForNewBill.testGetNotificationsForNewBill()'><b>testGetNotificationsForNewBill</b><br>Test class: com.yodlee.app.yodleeApi.Insights.Notifications.V2.TestGetInsightsForNewBill<br>Parameters: AT-142073, Validate NewBill Inisight generate inisghts for a specific accountId - Insights should be generated, NEW_BILL, TRUE, EVENT, , 1, account, 14, TRUE, TRUE, TRUE, MultipleCatsAccount, TRUE, 1, Account, , , , , , , EventBillSub.site16441.2,site16441.2, 201, TRUE</td>
<td><div><pre>java.lang.NullPointerException
	at com.yodlee.app.yodleeApi.Insights.Notifications.V2.TestGetInsightsForNewBill.testGetNotificationsForNewBill(TestGetInsightsForNewBill.java:273)
	at java.util.concurrent.ThreadPoolExecutor.runWorker(Unknown Source)
	at java.util.concurrent.ThreadPoolExecutor$Worker.run(Unknown Source)
	at java.lang.Thread.run(Unknown Source)
... Removed 10 stack frames</pre></div><a href='#' onClick='toggleBox("stack-trace102987507", this, "Click to show all stack frames", "Click to hide stack frames")'>Click to show all stack frames</a>
<div class='stack-trace' id='stack-trace102987507'><pre>java.lang.NullPointerException
	at com.yodlee.app.yodleeApi.Insights.Notifications.V2.TestGetInsightsForNewBill.testGetNotificationsForNewBill(TestGetInsightsForNewBill.java:273)
	at sun.reflect.NativeMethodAccessorImpl.invoke0(Native Method)
	at sun.reflect.NativeMethodAccessorImpl.invoke(Unknown Source)
	at sun.reflect.DelegatingMethodAccessorImpl.invoke(Unknown Source)
	at java.lang.reflect.Method.invoke(Unknown Source)
	at org.testng.internal.MethodInvocationHelper.invokeMethod(MethodInvocationHelper.java:104)
	at org.testng.internal.Invoker.invokeMethod(Invoker.java:645)
	at org.testng.internal.Invoker.invokeTestMethod(Invoker.java:851)
	at org.testng.internal.Invoker.invokeTestMethods(Invoker.java:1177)
	at org.testng.internal.TestMethodWorker.invokeTestMethods(TestMethodWorker.java:129)
	at org.testng.internal.TestMethodWorker.run(TestMethodWorker.java:112)
	at java.util.concurrent.ThreadPoolExecutor.runWorker(Unknown Source)
	at java.util.concurrent.ThreadPoolExecutor$Worker.run(Unknown Source)
	at java.lang.Thread.run(Unknown Source)
</pre></div></td>
<td>40</td>
<td>com.yodlee.app.yodleeApi.Insights.Notifications.V2.TestGetInsightsForNewBill@1e6454ec</td></tr>
<tr>
<td title='com.yodlee.app.yodleeApi.Insights.Notifications.V2.TestGetInsightsForNewBill.testGetNotificationsForNewBill()'><b>testGetNotificationsForNewBill</b><br>Test class: com.yodlee.app.yodleeApi.Insights.Notifications.V2.TestGetInsightsForNewBill<br>Parameters: AT-142074, Validate NewBill Inisight generate inisghts for a specific accountId(verify trgger check for specific accountId) - Already created insights should be retained, NEW_BILL, FALSE, EVENT, , 1, account, 15, FALSE, TRUE, TRUE, , TRUE, 0, Account, , , , , , , EventBillSub.site16441.2,site16441.2, 201, TRUE</td>
<td><div><pre>java.lang.AssertionError: Test FAILED -&gt; Expected  15 insights triggered But found Empty {}
	at com.yodlee.app.yodleeApi.Insights.Notifications.V2.TestGetInsightsForNewBill.testGetNotificationsForNewBill(TestGetInsightsForNewBill.java:299)
	at java.util.concurrent.ThreadPoolExecutor.runWorker(Unknown Source)
	at java.util.concurrent.ThreadPoolExecutor$Worker.run(Unknown Source)
	at java.lang.Thread.run(Unknown Source)
... Removed 11 stack frames</pre></div><a href='#' onClick='toggleBox("stack-trace1691424438", this, "Click to show all stack frames", "Click to hide stack frames")'>Click to show all stack frames</a>
<div class='stack-trace' id='stack-trace1691424438'><pre>java.lang.AssertionError: Test FAILED -&gt; Expected  15 insights triggered But found Empty {}
	at org.testng.Assert.fail(Assert.java:94)
	at com.yodlee.app.yodleeApi.Insights.Notifications.V2.TestGetInsightsForNewBill.testGetNotificationsForNewBill(TestGetInsightsForNewBill.java:299)
	at sun.reflect.NativeMethodAccessorImpl.invoke0(Native Method)
	at sun.reflect.NativeMethodAccessorImpl.invoke(Unknown Source)
	at sun.reflect.DelegatingMethodAccessorImpl.invoke(Unknown Source)
	at java.lang.reflect.Method.invoke(Unknown Source)
	at org.testng.internal.MethodInvocationHelper.invokeMethod(MethodInvocationHelper.java:104)
	at org.testng.internal.Invoker.invokeMethod(Invoker.java:645)
	at org.testng.internal.Invoker.invokeTestMethod(Invoker.java:851)
	at org.testng.internal.Invoker.invokeTestMethods(Invoker.java:1177)
	at org.testng.internal.TestMethodWorker.invokeTestMethods(TestMethodWorker.java:129)
	at org.testng.internal.TestMethodWorker.run(TestMethodWorker.java:112)
	at java.util.concurrent.ThreadPoolExecutor.runWorker(Unknown Source)
	at java.util.concurrent.ThreadPoolExecutor$Worker.run(Unknown Source)
	at java.lang.Thread.run(Unknown Source)
</pre></div></td>
<td>40</td>
<td>com.yodlee.app.yodleeApi.Insights.Notifications.V2.TestGetInsightsForNewBill@1e6454ec</td></tr>
<tr>
<td title='com.yodlee.app.yodleeApi.Insights.Notifications.V2.TestGetInsightsForNewBill.testGetNotificationsForNewBill()'><b>testGetNotificationsForNewBill</b><br>Test class: com.yodlee.app.yodleeApi.Insights.Notifications.V2.TestGetInsightsForNewBill<br>Parameters: AT-142075, Validate NewBill Inisight generate inisghts by triggering one moretime  for created views (Verify trigger check for created view)- Already created insights should be retained, NEW_BILL, FALSE, EVENT, , 2, account view, 15, TRUE, TRUE  TRUE, FALSE  TRUE, , FALSE  TRUE, 0, View, , , , , , BILLERS#SUBSCRIPTION, EventBillSub.site16441.2,site16441.2, 201, TRUE</td>
<td><div><pre>java.lang.AssertionError: Test FAILED -&gt; Expected  15 insights triggered But found Empty {}
	at com.yodlee.app.yodleeApi.Insights.Notifications.V2.TestGetInsightsForNewBill.testGetNotificationsForNewBill(TestGetInsightsForNewBill.java:299)
	at java.util.concurrent.ThreadPoolExecutor.runWorker(Unknown Source)
	at java.util.concurrent.ThreadPoolExecutor$Worker.run(Unknown Source)
	at java.lang.Thread.run(Unknown Source)
... Removed 11 stack frames</pre></div><a href='#' onClick='toggleBox("stack-trace1727386705", this, "Click to show all stack frames", "Click to hide stack frames")'>Click to show all stack frames</a>
<div class='stack-trace' id='stack-trace1727386705'><pre>java.lang.AssertionError: Test FAILED -&gt; Expected  15 insights triggered But found Empty {}
	at org.testng.Assert.fail(Assert.java:94)
	at com.yodlee.app.yodleeApi.Insights.Notifications.V2.TestGetInsightsForNewBill.testGetNotificationsForNewBill(TestGetInsightsForNewBill.java:299)
	at sun.reflect.NativeMethodAccessorImpl.invoke0(Native Method)
	at sun.reflect.NativeMethodAccessorImpl.invoke(Unknown Source)
	at sun.reflect.DelegatingMethodAccessorImpl.invoke(Unknown Source)
	at java.lang.reflect.Method.invoke(Unknown Source)
	at org.testng.internal.MethodInvocationHelper.invokeMethod(MethodInvocationHelper.java:104)
	at org.testng.internal.Invoker.invokeMethod(Invoker.java:645)
	at org.testng.internal.Invoker.invokeTestMethod(Invoker.java:851)
	at org.testng.internal.Invoker.invokeTestMethods(Invoker.java:1177)
	at org.testng.internal.TestMethodWorker.invokeTestMethods(TestMethodWorker.java:129)
	at org.testng.internal.TestMethodWorker.run(TestMethodWorker.java:112)
	at java.util.concurrent.ThreadPoolExecutor.runWorker(Unknown Source)
	at java.util.concurrent.ThreadPoolExecutor$Worker.run(Unknown Source)
	at java.lang.Thread.run(Unknown Source)
</pre></div></td>
<td>24</td>
<td>com.yodlee.app.yodleeApi.Insights.Notifications.V2.TestGetInsightsForNewBill@1e6454ec</td></tr>
<tr>
<td title='com.yodlee.app.yodleeApi.Insights.Notifications.V2.TestGetInsightsForNewBill.testGetNotificationsForNewBill()'><b>testGetNotificationsForNewBill</b><br>Test class: com.yodlee.app.yodleeApi.Insights.Notifications.V2.TestGetInsightsForNewBill<br>Parameters: AT-142076, Validate NewBill Inisight generate inisghts for account's  edit createdDate to past 32 days and re trigger invoker only for the modified insight new insight  should be generated , NEW_BILL, EDIT,-32, EVENT, , 2, account view, 15, TRUE, TRUE  TRUE, TRUE FALSE, , TRUE FALSE, 0, Account, , , , , , , EventBillSub.site16441.2,site16441.2, 201, TRUE</td>
<td><div><pre>java.lang.AssertionError: Test FAILED -&gt; Expected  15 insights triggered But found Empty {}
	at com.yodlee.app.yodleeApi.Insights.Notifications.V2.TestGetInsightsForNewBill.testGetNotificationsForNewBill(TestGetInsightsForNewBill.java:299)
	at java.util.concurrent.ThreadPoolExecutor.runWorker(Unknown Source)
	at java.util.concurrent.ThreadPoolExecutor$Worker.run(Unknown Source)
	at java.lang.Thread.run(Unknown Source)
... Removed 11 stack frames</pre></div><a href='#' onClick='toggleBox("stack-trace1165450653", this, "Click to show all stack frames", "Click to hide stack frames")'>Click to show all stack frames</a>
<div class='stack-trace' id='stack-trace1165450653'><pre>java.lang.AssertionError: Test FAILED -&gt; Expected  15 insights triggered But found Empty {}
	at org.testng.Assert.fail(Assert.java:94)
	at com.yodlee.app.yodleeApi.Insights.Notifications.V2.TestGetInsightsForNewBill.testGetNotificationsForNewBill(TestGetInsightsForNewBill.java:299)
	at sun.reflect.NativeMethodAccessorImpl.invoke0(Native Method)
	at sun.reflect.NativeMethodAccessorImpl.invoke(Unknown Source)
	at sun.reflect.DelegatingMethodAccessorImpl.invoke(Unknown Source)
	at java.lang.reflect.Method.invoke(Unknown Source)
	at org.testng.internal.MethodInvocationHelper.invokeMethod(MethodInvocationHelper.java:104)
	at org.testng.internal.Invoker.invokeMethod(Invoker.java:645)
	at org.testng.internal.Invoker.invokeTestMethod(Invoker.java:851)
	at org.testng.internal.Invoker.invokeTestMethods(Invoker.java:1177)
	at org.testng.internal.TestMethodWorker.invokeTestMethods(TestMethodWorker.java:129)
	at org.testng.internal.TestMethodWorker.run(TestMethodWorker.java:112)
	at java.util.concurrent.ThreadPoolExecutor.runWorker(Unknown Source)
	at java.util.concurrent.ThreadPoolExecutor$Worker.run(Unknown Source)
	at java.lang.Thread.run(Unknown Source)
</pre></div></td>
<td>24</td>
<td>com.yodlee.app.yodleeApi.Insights.Notifications.V2.TestGetInsightsForNewBill@1e6454ec</td></tr>
<tr>
<td title='com.yodlee.app.yodleeApi.Insights.Notifications.V2.TestGetInsightsForNewBill.testGetNotificationsForNewBill()'><b>testGetNotificationsForNewBill</b><br>Test class: com.yodlee.app.yodleeApi.Insights.Notifications.V2.TestGetInsightsForNewBill<br>Parameters: AT-142077, Validate NewBill Inisight generate inisghts for account's  edit createdDate to past -15 days and re trigger invoker no new  insight   should be generated , NEW_BILL, EDIT,-15, EVENT, , 2, account view, 15, TRUE, TRUE  TRUE, TRUE FALSE, , TRUE FALSE, 0, Account, , , , , , , EventBillSub.site16441.2,site16441.2, 201, TRUE</td>
<td><div><pre>java.lang.AssertionError: Test FAILED -&gt; Expected  15 insights triggered But found Empty {}
	at com.yodlee.app.yodleeApi.Insights.Notifications.V2.TestGetInsightsForNewBill.testGetNotificationsForNewBill(TestGetInsightsForNewBill.java:299)
	at java.util.concurrent.ThreadPoolExecutor.runWorker(Unknown Source)
	at java.util.concurrent.ThreadPoolExecutor$Worker.run(Unknown Source)
	at java.lang.Thread.run(Unknown Source)
... Removed 10 stack frames</pre></div><a href='#' onClick='toggleBox("stack-trace321349705", this, "Click to show all stack frames", "Click to hide stack frames")'>Click to show all stack frames</a>
<div class='stack-trace' id='stack-trace321349705'><pre>java.lang.AssertionError: Test FAILED -&gt; Expected  15 insights triggered But found Empty {}
	at org.testng.Assert.fail(Assert.java:94)
	at com.yodlee.app.yodleeApi.Insights.Notifications.V2.TestGetInsightsForNewBill.testGetNotificationsForNewBill(TestGetInsightsForNewBill.java:299)
	at sun.reflect.GeneratedMethodAccessor282.invoke(Unknown Source)
	at sun.reflect.DelegatingMethodAccessorImpl.invoke(Unknown Source)
	at java.lang.reflect.Method.invoke(Unknown Source)
	at org.testng.internal.MethodInvocationHelper.invokeMethod(MethodInvocationHelper.java:104)
	at org.testng.internal.Invoker.invokeMethod(Invoker.java:645)
	at org.testng.internal.Invoker.invokeTestMethod(Invoker.java:851)
	at org.testng.internal.Invoker.invokeTestMethods(Invoker.java:1177)
	at org.testng.internal.TestMethodWorker.invokeTestMethods(TestMethodWorker.java:129)
	at org.testng.internal.TestMethodWorker.run(TestMethodWorker.java:112)
	at java.util.concurrent.ThreadPoolExecutor.runWorker(Unknown Source)
	at java.util.concurrent.ThreadPoolExecutor$Worker.run(Unknown Source)
	at java.lang.Thread.run(Unknown Source)
</pre></div></td>
<td>39</td>
<td>com.yodlee.app.yodleeApi.Insights.Notifications.V2.TestGetInsightsForNewBill@1e6454ec</td></tr>
</table><p>
<table width='100%' border='1' class='invocation-passed'>
<tr><td colspan='4' align='center'><b>PASSED TESTS</b></td></tr>
<tr><td><b>Test method</b></td>
<td width="30%"><b>Exception</b></td>
<td width="10%"><b>Time (seconds)</b></td>
<td><b>Instance</b></td>
</tr>
<tr>
<td title='com.yodlee.app.yodleeApi.Insights.Notifications.V2.TestGetInsightsForNewBill.testGetNotificationsForNewBill()'><b>testGetNotificationsForNewBill</b><br>Test class: com.yodlee.app.yodleeApi.Insights.Notifications.V2.TestGetInsightsForNewBill<br>Parameters: AT-142052, Validate NewBill Inisight generation when cobrand is not subscribed to an account - Insights shouldn't be generated, NEW_BILL, FALSE, EVENT, , 1, account, 0, TRUE, FALSE, , , , 0, , , , , , , , EventBillSub.site16441.2,site16441.2, 201, TRUE</td>
<td></td>
<td>41</td>
<td>com.yodlee.app.yodleeApi.Insights.Notifications.V2.TestGetInsightsForNewBill@1e6454ec</td></tr>
<tr>
<td title='com.yodlee.app.yodleeApi.Insights.Notifications.V2.TestGetInsightsForNewBill.testGetNotificationsForNewBill()'><b>testGetNotificationsForNewBill</b><br>Test class: com.yodlee.app.yodleeApi.Insights.Notifications.V2.TestGetInsightsForNewBill<br>Parameters: AT-142053, Validate NewBill Inisight generation when cobrand is not subscribe to a view - Insights shouldn't be generated, NEW_BILL, FALSE, EVENT, , 1, view, 0, TRUE, FALSE, , , , 0, , viewsRulesExpenseMerchantTypes, , , , , BILLERS#SUBSCRIPTION, EventBillSub.site16441.2,site16441.2, 201, TRUE</td>
<td></td>
<td>43</td>
<td>com.yodlee.app.yodleeApi.Insights.Notifications.V2.TestGetInsightsForNewBill@1e6454ec</td></tr>
</table><p>
</body>
</html>