<?xml version="1.0" encoding="UTF-8"?>
<!-- Generated by org.testng.reporters.JUnitXMLReporter -->
<testsuite ignored="0" hostname="IN-L2504" failures="1" tests="15" name="Selenium Automation" time="40.491" errors="0" timestamp="25 Feb 2021 05:47:39 GMT">
  <testcase classname="com.org.WebAppAutomation.PurchaseProduct" name="verifyLandingPage" time="7.668"/>
  <testcase classname="com.org.WebAppAutomation.PurchaseProduct" name="SelectCategory" time="2.755"/>
  <testcase classname="com.org.WebAppAutomation.PurchaseProduct" name="ApplyFiltersOnProducts" time="0.004">
    <failure type="java.lang.NullPointerException" message="Cannot invoke &amp;quot;com.org.pages.ApplyFiltersToSelectProducts.applyConditionFilter()&amp;quot; because &amp;quot;this.filters&amp;quot; is null">
      <![CDATA[java.lang.NullPointerException: Cannot invoke "com.org.pages.ApplyFiltersToSelectProducts.applyConditionFilter()" because "this.filters" is null
at com.org.WebAppAutomation.PurchaseProduct.ApplyFiltersOnProducts(PurchaseProduct.java:37)
... Removed 25 stack frames]]>
    </failure>
  </testcase> <!-- ApplyFiltersOnProducts -->
  <testcase classname="com.org.WebAppAutomation.PurchaseProduct" name="selectProductWithSpecificPrice" time="0.801"/>
  <testcase classname="com.org.WebAppAutomation.PurchaseProduct" name="changeColorOfProductIfOptionsAvailable" time="2.07"/>
  <testcase classname="com.org.WebAppAutomation.PurchaseProduct" name="changeQuantityOfProduct" time="0.17"/>
  <testcase classname="com.org.WebAppAutomation.PurchaseProduct" name="selectSizeOfProduct" time="0.183"/>
  <testcase classname="com.org.WebAppAutomation.PurchaseProduct" name="submitTheProduct" time="0.304"/>
  <testcase classname="com.org.WebAppAutomation.PurchaseProduct" name="proceedToCheckOut" time="3.948"/>
  <testcase classname="com.org.WebAppAutomation.PurchaseProduct" name="reviewAndProceedToCheckOutProduct" time="4.171"/>
  <testcase classname="com.org.WebAppAutomation.PurchaseProduct" name="loginToPortal" time="2.456"/>
  <testcase classname="com.org.WebAppAutomation.PurchaseProduct" name="updateOrAddAddress" time="7.865"/>
  <testcase classname="com.org.WebAppAutomation.PurchaseProduct" name="shippingPageAcceptTnC" time="1.402"/>
  <testcase classname="com.org.WebAppAutomation.PurchaseProduct" name="paymentPageForOder" time="3.124"/>
  <testcase classname="com.org.WebAppAutomation.PurchaseProduct" name="orderConfirmationsPage" time="0.111"/>
</testsuite> <!-- Selenium Automation -->
