<?xml version="1.0" encoding="UTF-8"?>
<!-- Generated by org.testng.reporters.JUnitReportReporter -->
<testsuite name="com.yodlee.app.yodleeApi.Insights.Notifications.V2.TestGetInsightsForYourSpendingLastMonthComparedToYourAverage" tests="10" time="820.588" ignored="0" failures="7" timestamp="14 Jun 2021 20:37:45 GMT" skipped="0" hostname="IN-L2504" errors="0">
  <testcase name="testGetNotificationsForYourSpendingLastMonthComparedToYourAverageInsight" time="66.498" classname="com.yodlee.app.yodleeApi.Insights.Notifications.V2.TestGetInsightsForYourSpendingLastMonthComparedToYourAverage">
    <failure type="java.lang.AssertionError" message="TEST FAILED">
      <![CDATA[java.lang.AssertionError: TEST FAILED
	at org.testng.Assert.fail(Assert.java:94)
	at com.yodlee.app.yodleeApi.Insights.Notifications.V2.TestGetInsightsForYourSpendingLastMonthComparedToYourAverage.testGetNotificationsForYourSpendingLastMonthComparedToYourAverageInsight(TestGetInsightsForYourSpendingLastMonthComparedToYourAverage.java:299)
	at sun.reflect.NativeMethodAccessorImpl.invoke0(Native Method)
	at sun.reflect.NativeMethodAccessorImpl.invoke(Unknown Source)
	at sun.reflect.DelegatingMethodAccessorImpl.invoke(Unknown Source)
	at java.lang.reflect.Method.invoke(Unknown Source)
	at org.testng.internal.MethodInvocationHelper.invokeMethod(MethodInvocationHelper.java:104)
	at org.testng.internal.Invoker.invokeMethod(Invoker.java:645)
	at org.testng.internal.Invoker.invokeTestMethod(Invoker.java:851)
	at org.testng.internal.Invoker.invokeTestMethods(Invoker.java:1177)
	at org.testng.internal.TestMethodWorker.invokeTestMethods(TestMethodWorker.java:129)
	at org.testng.internal.TestMethodWorker.run(TestMethodWorker.java:112)
	at java.util.concurrent.ThreadPoolExecutor.runWorker(Unknown Source)
	at java.util.concurrent.ThreadPoolExecutor$Worker.run(Unknown Source)
	at java.lang.Thread.run(Unknown Source)
]]>
    </failure>
  </testcase> <!-- testGetNotificationsForYourSpendingLastMonthComparedToYourAverageInsight -->
  <testcase name="testGetNotificationsForYourSpendingLastMonthComparedToYourAverageInsight" time="2.192" classname="com.yodlee.app.yodleeApi.Insights.Notifications.V2.TestGetInsightsForYourSpendingLastMonthComparedToYourAverage">
    <failure type="java.lang.AssertionError" message="User subscription Patch FAILED">
      <![CDATA[java.lang.AssertionError: User subscription Patch FAILED
	at org.testng.Assert.fail(Assert.java:94)
	at com.yodlee.app.yodleeApi.Insights.Notifications.V2.TestGetInsightsForYourSpendingLastMonthComparedToYourAverage.testGetNotificationsForYourSpendingLastMonthComparedToYourAverageInsight(TestGetInsightsForYourSpendingLastMonthComparedToYourAverage.java:319)
	at sun.reflect.NativeMethodAccessorImpl.invoke0(Native Method)
	at sun.reflect.NativeMethodAccessorImpl.invoke(Unknown Source)
	at sun.reflect.DelegatingMethodAccessorImpl.invoke(Unknown Source)
	at java.lang.reflect.Method.invoke(Unknown Source)
	at org.testng.internal.MethodInvocationHelper.invokeMethod(MethodInvocationHelper.java:104)
	at org.testng.internal.Invoker.invokeMethod(Invoker.java:645)
	at org.testng.internal.Invoker.invokeTestMethod(Invoker.java:851)
	at org.testng.internal.Invoker.invokeTestMethods(Invoker.java:1177)
	at org.testng.internal.TestMethodWorker.invokeTestMethods(TestMethodWorker.java:129)
	at org.testng.internal.TestMethodWorker.run(TestMethodWorker.java:112)
	at java.util.concurrent.ThreadPoolExecutor.runWorker(Unknown Source)
	at java.util.concurrent.ThreadPoolExecutor$Worker.run(Unknown Source)
	at java.lang.Thread.run(Unknown Source)
]]>
    </failure>
  </testcase> <!-- testGetNotificationsForYourSpendingLastMonthComparedToYourAverageInsight -->
  <testcase name="testGetNotificationsForYourSpendingLastMonthComparedToYourAverageInsight" time="4.620" classname="com.yodlee.app.yodleeApi.Insights.Notifications.V2.TestGetInsightsForYourSpendingLastMonthComparedToYourAverage">
    <failure type="java.lang.AssertionError" message="User subscription Patch FAILED">
      <![CDATA[java.lang.AssertionError: User subscription Patch FAILED
	at org.testng.Assert.fail(Assert.java:94)
	at com.yodlee.app.yodleeApi.Insights.Notifications.V2.TestGetInsightsForYourSpendingLastMonthComparedToYourAverage.testGetNotificationsForYourSpendingLastMonthComparedToYourAverageInsight(TestGetInsightsForYourSpendingLastMonthComparedToYourAverage.java:319)
	at sun.reflect.NativeMethodAccessorImpl.invoke0(Native Method)
	at sun.reflect.NativeMethodAccessorImpl.invoke(Unknown Source)
	at sun.reflect.DelegatingMethodAccessorImpl.invoke(Unknown Source)
	at java.lang.reflect.Method.invoke(Unknown Source)
	at org.testng.internal.MethodInvocationHelper.invokeMethod(MethodInvocationHelper.java:104)
	at org.testng.internal.Invoker.invokeMethod(Invoker.java:645)
	at org.testng.internal.Invoker.invokeTestMethod(Invoker.java:851)
	at org.testng.internal.Invoker.invokeTestMethods(Invoker.java:1177)
	at org.testng.internal.TestMethodWorker.invokeTestMethods(TestMethodWorker.java:129)
	at org.testng.internal.TestMethodWorker.run(TestMethodWorker.java:112)
	at java.util.concurrent.ThreadPoolExecutor.runWorker(Unknown Source)
	at java.util.concurrent.ThreadPoolExecutor$Worker.run(Unknown Source)
	at java.lang.Thread.run(Unknown Source)
]]>
    </failure>
  </testcase> <!-- testGetNotificationsForYourSpendingLastMonthComparedToYourAverageInsight -->
  <testcase name="testGetNotificationsForYourSpendingLastMonthComparedToYourAverageInsight" time="2.514" classname="com.yodlee.app.yodleeApi.Insights.Notifications.V2.TestGetInsightsForYourSpendingLastMonthComparedToYourAverage">
    <failure type="java.lang.AssertionError" message="User subscription Patch FAILED">
      <![CDATA[java.lang.AssertionError: User subscription Patch FAILED
	at org.testng.Assert.fail(Assert.java:94)
	at com.yodlee.app.yodleeApi.Insights.Notifications.V2.TestGetInsightsForYourSpendingLastMonthComparedToYourAverage.testGetNotificationsForYourSpendingLastMonthComparedToYourAverageInsight(TestGetInsightsForYourSpendingLastMonthComparedToYourAverage.java:319)
	at sun.reflect.NativeMethodAccessorImpl.invoke0(Native Method)
	at sun.reflect.NativeMethodAccessorImpl.invoke(Unknown Source)
	at sun.reflect.DelegatingMethodAccessorImpl.invoke(Unknown Source)
	at java.lang.reflect.Method.invoke(Unknown Source)
	at org.testng.internal.MethodInvocationHelper.invokeMethod(MethodInvocationHelper.java:104)
	at org.testng.internal.Invoker.invokeMethod(Invoker.java:645)
	at org.testng.internal.Invoker.invokeTestMethod(Invoker.java:851)
	at org.testng.internal.Invoker.invokeTestMethods(Invoker.java:1177)
	at org.testng.internal.TestMethodWorker.invokeTestMethods(TestMethodWorker.java:129)
	at org.testng.internal.TestMethodWorker.run(TestMethodWorker.java:112)
	at java.util.concurrent.ThreadPoolExecutor.runWorker(Unknown Source)
	at java.util.concurrent.ThreadPoolExecutor$Worker.run(Unknown Source)
	at java.lang.Thread.run(Unknown Source)
]]>
    </failure>
  </testcase> <!-- testGetNotificationsForYourSpendingLastMonthComparedToYourAverageInsight -->
  <testcase name="testGetNotificationsForYourSpendingLastMonthComparedToYourAverageInsight" time="70.181" classname="com.yodlee.app.yodleeApi.Insights.Notifications.V2.TestGetInsightsForYourSpendingLastMonthComparedToYourAverage">
    <failure type="java.lang.AssertionError" message="TEST FAILED">
      <![CDATA[java.lang.AssertionError: TEST FAILED
	at org.testng.Assert.fail(Assert.java:94)
	at com.yodlee.app.yodleeApi.Insights.Notifications.V2.TestGetInsightsForYourSpendingLastMonthComparedToYourAverage.testGetNotificationsForYourSpendingLastMonthComparedToYourAverageInsight(TestGetInsightsForYourSpendingLastMonthComparedToYourAverage.java:299)
	at sun.reflect.NativeMethodAccessorImpl.invoke0(Native Method)
	at sun.reflect.NativeMethodAccessorImpl.invoke(Unknown Source)
	at sun.reflect.DelegatingMethodAccessorImpl.invoke(Unknown Source)
	at java.lang.reflect.Method.invoke(Unknown Source)
	at org.testng.internal.MethodInvocationHelper.invokeMethod(MethodInvocationHelper.java:104)
	at org.testng.internal.Invoker.invokeMethod(Invoker.java:645)
	at org.testng.internal.Invoker.invokeTestMethod(Invoker.java:851)
	at org.testng.internal.Invoker.invokeTestMethods(Invoker.java:1177)
	at org.testng.internal.TestMethodWorker.invokeTestMethods(TestMethodWorker.java:129)
	at org.testng.internal.TestMethodWorker.run(TestMethodWorker.java:112)
	at java.util.concurrent.ThreadPoolExecutor.runWorker(Unknown Source)
	at java.util.concurrent.ThreadPoolExecutor$Worker.run(Unknown Source)
	at java.lang.Thread.run(Unknown Source)
]]>
    </failure>
  </testcase> <!-- testGetNotificationsForYourSpendingLastMonthComparedToYourAverageInsight -->
  <testcase name="testGetNotificationsForYourSpendingLastMonthComparedToYourAverageInsight" time="98.029" classname="com.yodlee.app.yodleeApi.Insights.Notifications.V2.TestGetInsightsForYourSpendingLastMonthComparedToYourAverage"/>
  <testcase name="testGetNotificationsForYourSpendingLastMonthComparedToYourAverageInsight" time="100.738" classname="com.yodlee.app.yodleeApi.Insights.Notifications.V2.TestGetInsightsForYourSpendingLastMonthComparedToYourAverage"/>
  <testcase name="testGetNotificationsForYourSpendingLastMonthComparedToYourAverageInsight" time="3.362" classname="com.yodlee.app.yodleeApi.Insights.Notifications.V2.TestGetInsightsForYourSpendingLastMonthComparedToYourAverage">
    <failure type="java.lang.AssertionError" message="User subscription Patch FAILED">
      <![CDATA[java.lang.AssertionError: User subscription Patch FAILED
	at org.testng.Assert.fail(Assert.java:94)
	at com.yodlee.app.yodleeApi.Insights.Notifications.V2.TestGetInsightsForYourSpendingLastMonthComparedToYourAverage.testGetNotificationsForYourSpendingLastMonthComparedToYourAverageInsight(TestGetInsightsForYourSpendingLastMonthComparedToYourAverage.java:319)
	at sun.reflect.NativeMethodAccessorImpl.invoke0(Native Method)
	at sun.reflect.NativeMethodAccessorImpl.invoke(Unknown Source)
	at sun.reflect.DelegatingMethodAccessorImpl.invoke(Unknown Source)
	at java.lang.reflect.Method.invoke(Unknown Source)
	at org.testng.internal.MethodInvocationHelper.invokeMethod(MethodInvocationHelper.java:104)
	at org.testng.internal.Invoker.invokeMethod(Invoker.java:645)
	at org.testng.internal.Invoker.invokeTestMethod(Invoker.java:851)
	at org.testng.internal.Invoker.invokeTestMethods(Invoker.java:1177)
	at org.testng.internal.TestMethodWorker.invokeTestMethods(TestMethodWorker.java:129)
	at org.testng.internal.TestMethodWorker.run(TestMethodWorker.java:112)
	at java.util.concurrent.ThreadPoolExecutor.runWorker(Unknown Source)
	at java.util.concurrent.ThreadPoolExecutor$Worker.run(Unknown Source)
	at java.lang.Thread.run(Unknown Source)
]]>
    </failure>
  </testcase> <!-- testGetNotificationsForYourSpendingLastMonthComparedToYourAverageInsight -->
  <testcase name="testGetNotificationsForYourSpendingLastMonthComparedToYourAverageInsight" time="404.687" classname="com.yodlee.app.yodleeApi.Insights.Notifications.V2.TestGetInsightsForYourSpendingLastMonthComparedToYourAverage"/>
  <testcase name="testGetNotificationsForYourSpendingLastMonthComparedToYourAverageInsight" time="67.767" classname="com.yodlee.app.yodleeApi.Insights.Notifications.V2.TestGetInsightsForYourSpendingLastMonthComparedToYourAverage">
    <failure type="java.lang.AssertionError" message="TEST FAILED">
      <![CDATA[java.lang.AssertionError: TEST FAILED
	at org.testng.Assert.fail(Assert.java:94)
	at com.yodlee.app.yodleeApi.Insights.Notifications.V2.TestGetInsightsForYourSpendingLastMonthComparedToYourAverage.testGetNotificationsForYourSpendingLastMonthComparedToYourAverageInsight(TestGetInsightsForYourSpendingLastMonthComparedToYourAverage.java:299)
	at sun.reflect.NativeMethodAccessorImpl.invoke0(Native Method)
	at sun.reflect.NativeMethodAccessorImpl.invoke(Unknown Source)
	at sun.reflect.DelegatingMethodAccessorImpl.invoke(Unknown Source)
	at java.lang.reflect.Method.invoke(Unknown Source)
	at org.testng.internal.MethodInvocationHelper.invokeMethod(MethodInvocationHelper.java:104)
	at org.testng.internal.Invoker.invokeMethod(Invoker.java:645)
	at org.testng.internal.Invoker.invokeTestMethod(Invoker.java:851)
	at org.testng.internal.Invoker.invokeTestMethods(Invoker.java:1177)
	at org.testng.internal.TestMethodWorker.invokeTestMethods(TestMethodWorker.java:129)
	at org.testng.internal.TestMethodWorker.run(TestMethodWorker.java:112)
	at java.util.concurrent.ThreadPoolExecutor.runWorker(Unknown Source)
	at java.util.concurrent.ThreadPoolExecutor$Worker.run(Unknown Source)
	at java.lang.Thread.run(Unknown Source)
]]>
    </failure>
  </testcase> <!-- testGetNotificationsForYourSpendingLastMonthComparedToYourAverageInsight -->
</testsuite> <!-- com.yodlee.app.yodleeApi.Insights.Notifications.V2.TestGetInsightsForYourSpendingLastMonthComparedToYourAverage -->
