<?xml version="1.0" encoding="UTF-8"?>
<!-- Generated by org.testng.reporters.JUnitReportReporter -->
<testsuite name="com.yodlee.app.yodleeApi.Insights.Notifications.V2.TestGetInsightsForLongTenureRecurringPayments" tests="12" time="742.954" ignored="0" failures="10" timestamp="18 May 2021 18:30:32 GMT" skipped="0" hostname="IN-L2504" errors="1">
  <testcase name="testGetNotificationsForLongTenureRecurringPayments" time="66.522" classname="com.yodlee.app.yodleeApi.Insights.Notifications.V2.TestGetInsightsForLongTenureRecurringPayments"/>
  <testcase name="testGetNotificationsForLongTenureRecurringPayments" time="67.228" classname="com.yodlee.app.yodleeApi.Insights.Notifications.V2.TestGetInsightsForLongTenureRecurringPayments">
    <failure type="junit.framework.AssertionFailedError" message="#/basicMerchant: 5 schema violations found">
      <![CDATA[junit.framework.AssertionFailedError: #/basicMerchant: 5 schema violations found
	at junit.framework.Assert.fail(Assert.java:57)
	at com.yodlee.app.yodleeApi.Insights.Notifications.V2.TestGetInsightsForLongTenureRecurringPayments.testGetNotificationsForLongTenureRecurringPayments(TestGetInsightsForLongTenureRecurringPayments.java:309)
	at sun.reflect.NativeMethodAccessorImpl.invoke0(Native Method)
	at sun.reflect.NativeMethodAccessorImpl.invoke(Unknown Source)
	at sun.reflect.DelegatingMethodAccessorImpl.invoke(Unknown Source)
	at java.lang.reflect.Method.invoke(Unknown Source)
	at org.testng.internal.MethodInvocationHelper.invokeMethod(MethodInvocationHelper.java:104)
	at org.testng.internal.Invoker.invokeMethod(Invoker.java:645)
	at org.testng.internal.Invoker.invokeTestMethod(Invoker.java:851)
	at org.testng.internal.Invoker.invokeTestMethods(Invoker.java:1177)
	at org.testng.internal.TestMethodWorker.invokeTestMethods(TestMethodWorker.java:129)
	at org.testng.internal.TestMethodWorker.run(TestMethodWorker.java:112)
	at java.util.concurrent.ThreadPoolExecutor.runWorker(Unknown Source)
	at java.util.concurrent.ThreadPoolExecutor$Worker.run(Unknown Source)
	at java.lang.Thread.run(Unknown Source)
]]>
    </failure>
  </testcase> <!-- testGetNotificationsForLongTenureRecurringPayments -->
  <testcase name="testGetNotificationsForLongTenureRecurringPayments" time="68.196" classname="com.yodlee.app.yodleeApi.Insights.Notifications.V2.TestGetInsightsForLongTenureRecurringPayments">
    <failure type="junit.framework.AssertionFailedError" message="#/basicMerchant: 5 schema violations found">
      <![CDATA[junit.framework.AssertionFailedError: #/basicMerchant: 5 schema violations found
	at junit.framework.Assert.fail(Assert.java:57)
	at com.yodlee.app.yodleeApi.Insights.Notifications.V2.TestGetInsightsForLongTenureRecurringPayments.testGetNotificationsForLongTenureRecurringPayments(TestGetInsightsForLongTenureRecurringPayments.java:309)
	at sun.reflect.NativeMethodAccessorImpl.invoke0(Native Method)
	at sun.reflect.NativeMethodAccessorImpl.invoke(Unknown Source)
	at sun.reflect.DelegatingMethodAccessorImpl.invoke(Unknown Source)
	at java.lang.reflect.Method.invoke(Unknown Source)
	at org.testng.internal.MethodInvocationHelper.invokeMethod(MethodInvocationHelper.java:104)
	at org.testng.internal.Invoker.invokeMethod(Invoker.java:645)
	at org.testng.internal.Invoker.invokeTestMethod(Invoker.java:851)
	at org.testng.internal.Invoker.invokeTestMethods(Invoker.java:1177)
	at org.testng.internal.TestMethodWorker.invokeTestMethods(TestMethodWorker.java:129)
	at org.testng.internal.TestMethodWorker.run(TestMethodWorker.java:112)
	at java.util.concurrent.ThreadPoolExecutor.runWorker(Unknown Source)
	at java.util.concurrent.ThreadPoolExecutor$Worker.run(Unknown Source)
	at java.lang.Thread.run(Unknown Source)
]]>
    </failure>
  </testcase> <!-- testGetNotificationsForLongTenureRecurringPayments -->
  <testcase name="testGetNotificationsForLongTenureRecurringPayments" time="67.221" classname="com.yodlee.app.yodleeApi.Insights.Notifications.V2.TestGetInsightsForLongTenureRecurringPayments">
    <failure type="junit.framework.AssertionFailedError" message="Expected  0 insights triggered But found 1 Insights for All Account ">
      <![CDATA[junit.framework.AssertionFailedError: Expected  0 insights triggered But found 1 Insights for All Account 
	at junit.framework.Assert.fail(Assert.java:57)
	at com.yodlee.app.yodleeApi.Insights.Notifications.V2.TestGetInsightsForLongTenureRecurringPayments.testGetNotificationsForLongTenureRecurringPayments(TestGetInsightsForLongTenureRecurringPayments.java:309)
	at sun.reflect.NativeMethodAccessorImpl.invoke0(Native Method)
	at sun.reflect.NativeMethodAccessorImpl.invoke(Unknown Source)
	at sun.reflect.DelegatingMethodAccessorImpl.invoke(Unknown Source)
	at java.lang.reflect.Method.invoke(Unknown Source)
	at org.testng.internal.MethodInvocationHelper.invokeMethod(MethodInvocationHelper.java:104)
	at org.testng.internal.Invoker.invokeMethod(Invoker.java:645)
	at org.testng.internal.Invoker.invokeTestMethod(Invoker.java:851)
	at org.testng.internal.Invoker.invokeTestMethods(Invoker.java:1177)
	at org.testng.internal.TestMethodWorker.invokeTestMethods(TestMethodWorker.java:129)
	at org.testng.internal.TestMethodWorker.run(TestMethodWorker.java:112)
	at java.util.concurrent.ThreadPoolExecutor.runWorker(Unknown Source)
	at java.util.concurrent.ThreadPoolExecutor$Worker.run(Unknown Source)
	at java.lang.Thread.run(Unknown Source)
]]>
    </failure>
  </testcase> <!-- testGetNotificationsForLongTenureRecurringPayments -->
  <testcase name="prepareAutomationReport" time="0.000" classname="com.yodlee.app.yodleeApi.Insights.Notifications.V2.TestGetInsightsForLongTenureRecurringPayments">
    <error type="java.lang.NullPointerException">
      <![CDATA[java.lang.NullPointerException
	at com.yodlee.insights.yodleeApi.utils.InsightsHelper.printSummaryOfTests(InsightsHelper.java:1966)
	at com.yodlee.app.yodleeApi.Insights.Notifications.V2.TestGetInsightsForLongTenureRecurringPayments.prepareAutomationReport(TestGetInsightsForLongTenureRecurringPayments.java:316)
	at sun.reflect.NativeMethodAccessorImpl.invoke0(Native Method)
	at sun.reflect.NativeMethodAccessorImpl.invoke(Unknown Source)
	at sun.reflect.DelegatingMethodAccessorImpl.invoke(Unknown Source)
	at java.lang.reflect.Method.invoke(Unknown Source)
	at org.testng.internal.MethodInvocationHelper.invokeMethod(MethodInvocationHelper.java:104)
	at org.testng.internal.Invoker.invokeConfigurationMethod(Invoker.java:515)
	at org.testng.internal.Invoker.invokeConfigurations(Invoker.java:217)
	at org.testng.internal.Invoker.invokeMethod(Invoker.java:712)
	at org.testng.internal.Invoker.invokeTestMethod(Invoker.java:851)
	at org.testng.internal.Invoker.invokeTestMethods(Invoker.java:1177)
	at org.testng.internal.TestMethodWorker.invokeTestMethods(TestMethodWorker.java:129)
	at org.testng.internal.TestMethodWorker.run(TestMethodWorker.java:112)
	at java.util.concurrent.ThreadPoolExecutor.runWorker(Unknown Source)
	at java.util.concurrent.ThreadPoolExecutor$Worker.run(Unknown Source)
	at java.lang.Thread.run(Unknown Source)
]]>
    </error>
  </testcase> <!-- prepareAutomationReport -->
  <testcase name="testGetNotificationsForLongTenureRecurringPayments" time="67.700" classname="com.yodlee.app.yodleeApi.Insights.Notifications.V2.TestGetInsightsForLongTenureRecurringPayments">
    <failure type="junit.framework.AssertionFailedError" message="#/basicMerchant: 5 schema violations found">
      <![CDATA[junit.framework.AssertionFailedError: #/basicMerchant: 5 schema violations found
	at junit.framework.Assert.fail(Assert.java:57)
	at com.yodlee.app.yodleeApi.Insights.Notifications.V2.TestGetInsightsForLongTenureRecurringPayments.testGetNotificationsForLongTenureRecurringPayments(TestGetInsightsForLongTenureRecurringPayments.java:309)
	at sun.reflect.NativeMethodAccessorImpl.invoke0(Native Method)
	at sun.reflect.NativeMethodAccessorImpl.invoke(Unknown Source)
	at sun.reflect.DelegatingMethodAccessorImpl.invoke(Unknown Source)
	at java.lang.reflect.Method.invoke(Unknown Source)
	at org.testng.internal.MethodInvocationHelper.invokeMethod(MethodInvocationHelper.java:104)
	at org.testng.internal.Invoker.invokeMethod(Invoker.java:645)
	at org.testng.internal.Invoker.invokeTestMethod(Invoker.java:851)
	at org.testng.internal.Invoker.invokeTestMethods(Invoker.java:1177)
	at org.testng.internal.TestMethodWorker.invokeTestMethods(TestMethodWorker.java:129)
	at org.testng.internal.TestMethodWorker.run(TestMethodWorker.java:112)
	at java.util.concurrent.ThreadPoolExecutor.runWorker(Unknown Source)
	at java.util.concurrent.ThreadPoolExecutor$Worker.run(Unknown Source)
	at java.lang.Thread.run(Unknown Source)
]]>
    </failure>
  </testcase> <!-- testGetNotificationsForLongTenureRecurringPayments -->
  <testcase name="testGetNotificationsForLongTenureRecurringPayments" time="68.306" classname="com.yodlee.app.yodleeApi.Insights.Notifications.V2.TestGetInsightsForLongTenureRecurringPayments">
    <failure type="junit.framework.AssertionFailedError" message="#/basicMerchant: 5 schema violations found">
      <![CDATA[junit.framework.AssertionFailedError: #/basicMerchant: 5 schema violations found
	at junit.framework.Assert.fail(Assert.java:57)
	at com.yodlee.app.yodleeApi.Insights.Notifications.V2.TestGetInsightsForLongTenureRecurringPayments.testGetNotificationsForLongTenureRecurringPayments(TestGetInsightsForLongTenureRecurringPayments.java:309)
	at sun.reflect.NativeMethodAccessorImpl.invoke0(Native Method)
	at sun.reflect.NativeMethodAccessorImpl.invoke(Unknown Source)
	at sun.reflect.DelegatingMethodAccessorImpl.invoke(Unknown Source)
	at java.lang.reflect.Method.invoke(Unknown Source)
	at org.testng.internal.MethodInvocationHelper.invokeMethod(MethodInvocationHelper.java:104)
	at org.testng.internal.Invoker.invokeMethod(Invoker.java:645)
	at org.testng.internal.Invoker.invokeTestMethod(Invoker.java:851)
	at org.testng.internal.Invoker.invokeTestMethods(Invoker.java:1177)
	at org.testng.internal.TestMethodWorker.invokeTestMethods(TestMethodWorker.java:129)
	at org.testng.internal.TestMethodWorker.run(TestMethodWorker.java:112)
	at java.util.concurrent.ThreadPoolExecutor.runWorker(Unknown Source)
	at java.util.concurrent.ThreadPoolExecutor$Worker.run(Unknown Source)
	at java.lang.Thread.run(Unknown Source)
]]>
    </failure>
  </testcase> <!-- testGetNotificationsForLongTenureRecurringPayments -->
  <testcase name="testGetNotificationsForLongTenureRecurringPayments" time="66.753" classname="com.yodlee.app.yodleeApi.Insights.Notifications.V2.TestGetInsightsForLongTenureRecurringPayments">
    <failure type="junit.framework.AssertionFailedError" message="#/basicMerchant: 2 schema violations found">
      <![CDATA[junit.framework.AssertionFailedError: #/basicMerchant: 2 schema violations found
	at junit.framework.Assert.fail(Assert.java:57)
	at com.yodlee.app.yodleeApi.Insights.Notifications.V2.TestGetInsightsForLongTenureRecurringPayments.testGetNotificationsForLongTenureRecurringPayments(TestGetInsightsForLongTenureRecurringPayments.java:309)
	at sun.reflect.NativeMethodAccessorImpl.invoke0(Native Method)
	at sun.reflect.NativeMethodAccessorImpl.invoke(Unknown Source)
	at sun.reflect.DelegatingMethodAccessorImpl.invoke(Unknown Source)
	at java.lang.reflect.Method.invoke(Unknown Source)
	at org.testng.internal.MethodInvocationHelper.invokeMethod(MethodInvocationHelper.java:104)
	at org.testng.internal.Invoker.invokeMethod(Invoker.java:645)
	at org.testng.internal.Invoker.invokeTestMethod(Invoker.java:851)
	at org.testng.internal.Invoker.invokeTestMethods(Invoker.java:1177)
	at org.testng.internal.TestMethodWorker.invokeTestMethods(TestMethodWorker.java:129)
	at org.testng.internal.TestMethodWorker.run(TestMethodWorker.java:112)
	at java.util.concurrent.ThreadPoolExecutor.runWorker(Unknown Source)
	at java.util.concurrent.ThreadPoolExecutor$Worker.run(Unknown Source)
	at java.lang.Thread.run(Unknown Source)
]]>
    </failure>
  </testcase> <!-- testGetNotificationsForLongTenureRecurringPayments -->
  <testcase name="testGetNotificationsForLongTenureRecurringPayments" time="68.134" classname="com.yodlee.app.yodleeApi.Insights.Notifications.V2.TestGetInsightsForLongTenureRecurringPayments">
    <failure type="junit.framework.AssertionFailedError" message="#/basicMerchant: 5 schema violations found">
      <![CDATA[junit.framework.AssertionFailedError: #/basicMerchant: 5 schema violations found
	at junit.framework.Assert.fail(Assert.java:57)
	at com.yodlee.app.yodleeApi.Insights.Notifications.V2.TestGetInsightsForLongTenureRecurringPayments.testGetNotificationsForLongTenureRecurringPayments(TestGetInsightsForLongTenureRecurringPayments.java:309)
	at sun.reflect.NativeMethodAccessorImpl.invoke0(Native Method)
	at sun.reflect.NativeMethodAccessorImpl.invoke(Unknown Source)
	at sun.reflect.DelegatingMethodAccessorImpl.invoke(Unknown Source)
	at java.lang.reflect.Method.invoke(Unknown Source)
	at org.testng.internal.MethodInvocationHelper.invokeMethod(MethodInvocationHelper.java:104)
	at org.testng.internal.Invoker.invokeMethod(Invoker.java:645)
	at org.testng.internal.Invoker.invokeTestMethod(Invoker.java:851)
	at org.testng.internal.Invoker.invokeTestMethods(Invoker.java:1177)
	at org.testng.internal.TestMethodWorker.invokeTestMethods(TestMethodWorker.java:129)
	at org.testng.internal.TestMethodWorker.run(TestMethodWorker.java:112)
	at java.util.concurrent.ThreadPoolExecutor.runWorker(Unknown Source)
	at java.util.concurrent.ThreadPoolExecutor$Worker.run(Unknown Source)
	at java.lang.Thread.run(Unknown Source)
]]>
    </failure>
  </testcase> <!-- testGetNotificationsForLongTenureRecurringPayments -->
  <testcase name="testGetNotificationsForLongTenureRecurringPayments" time="68.465" classname="com.yodlee.app.yodleeApi.Insights.Notifications.V2.TestGetInsightsForLongTenureRecurringPayments">
    <failure type="junit.framework.AssertionFailedError" message="#/basicMerchant/0/basicPredictedEvent/0: required key [categoryName] not found">
      <![CDATA[junit.framework.AssertionFailedError: #/basicMerchant/0/basicPredictedEvent/0: required key [categoryName] not found
	at junit.framework.Assert.fail(Assert.java:57)
	at com.yodlee.app.yodleeApi.Insights.Notifications.V2.TestGetInsightsForLongTenureRecurringPayments.testGetNotificationsForLongTenureRecurringPayments(TestGetInsightsForLongTenureRecurringPayments.java:309)
	at sun.reflect.NativeMethodAccessorImpl.invoke0(Native Method)
	at sun.reflect.NativeMethodAccessorImpl.invoke(Unknown Source)
	at sun.reflect.DelegatingMethodAccessorImpl.invoke(Unknown Source)
	at java.lang.reflect.Method.invoke(Unknown Source)
	at org.testng.internal.MethodInvocationHelper.invokeMethod(MethodInvocationHelper.java:104)
	at org.testng.internal.Invoker.invokeMethod(Invoker.java:645)
	at org.testng.internal.Invoker.invokeTestMethod(Invoker.java:851)
	at org.testng.internal.Invoker.invokeTestMethods(Invoker.java:1177)
	at org.testng.internal.TestMethodWorker.invokeTestMethods(TestMethodWorker.java:129)
	at org.testng.internal.TestMethodWorker.run(TestMethodWorker.java:112)
	at java.util.concurrent.ThreadPoolExecutor.runWorker(Unknown Source)
	at java.util.concurrent.ThreadPoolExecutor$Worker.run(Unknown Source)
	at java.lang.Thread.run(Unknown Source)
]]>
    </failure>
  </testcase> <!-- testGetNotificationsForLongTenureRecurringPayments -->
  <testcase name="testGetNotificationsForLongTenureRecurringPayments" time="67.368" classname="com.yodlee.app.yodleeApi.Insights.Notifications.V2.TestGetInsightsForLongTenureRecurringPayments">
    <failure type="junit.framework.AssertionFailedError" message="#/basicMerchant: 5 schema violations found">
      <![CDATA[junit.framework.AssertionFailedError: #/basicMerchant: 5 schema violations found
	at junit.framework.Assert.fail(Assert.java:57)
	at com.yodlee.app.yodleeApi.Insights.Notifications.V2.TestGetInsightsForLongTenureRecurringPayments.testGetNotificationsForLongTenureRecurringPayments(TestGetInsightsForLongTenureRecurringPayments.java:309)
	at sun.reflect.NativeMethodAccessorImpl.invoke0(Native Method)
	at sun.reflect.NativeMethodAccessorImpl.invoke(Unknown Source)
	at sun.reflect.DelegatingMethodAccessorImpl.invoke(Unknown Source)
	at java.lang.reflect.Method.invoke(Unknown Source)
	at org.testng.internal.MethodInvocationHelper.invokeMethod(MethodInvocationHelper.java:104)
	at org.testng.internal.Invoker.invokeMethod(Invoker.java:645)
	at org.testng.internal.Invoker.invokeTestMethod(Invoker.java:851)
	at org.testng.internal.Invoker.invokeTestMethods(Invoker.java:1177)
	at org.testng.internal.TestMethodWorker.invokeTestMethods(TestMethodWorker.java:129)
	at org.testng.internal.TestMethodWorker.run(TestMethodWorker.java:112)
	at java.util.concurrent.ThreadPoolExecutor.runWorker(Unknown Source)
	at java.util.concurrent.ThreadPoolExecutor$Worker.run(Unknown Source)
	at java.lang.Thread.run(Unknown Source)
]]>
    </failure>
  </testcase> <!-- testGetNotificationsForLongTenureRecurringPayments -->
  <testcase name="testGetNotificationsForLongTenureRecurringPayments" time="67.061" classname="com.yodlee.app.yodleeApi.Insights.Notifications.V2.TestGetInsightsForLongTenureRecurringPayments">
    <failure type="junit.framework.AssertionFailedError" message="#/basicMerchant: 5 schema violations found">
      <![CDATA[junit.framework.AssertionFailedError: #/basicMerchant: 5 schema violations found
	at junit.framework.Assert.fail(Assert.java:57)
	at com.yodlee.app.yodleeApi.Insights.Notifications.V2.TestGetInsightsForLongTenureRecurringPayments.testGetNotificationsForLongTenureRecurringPayments(TestGetInsightsForLongTenureRecurringPayments.java:309)
	at sun.reflect.NativeMethodAccessorImpl.invoke0(Native Method)
	at sun.reflect.NativeMethodAccessorImpl.invoke(Unknown Source)
	at sun.reflect.DelegatingMethodAccessorImpl.invoke(Unknown Source)
	at java.lang.reflect.Method.invoke(Unknown Source)
	at org.testng.internal.MethodInvocationHelper.invokeMethod(MethodInvocationHelper.java:104)
	at org.testng.internal.Invoker.invokeMethod(Invoker.java:645)
	at org.testng.internal.Invoker.invokeTestMethod(Invoker.java:851)
	at org.testng.internal.Invoker.invokeTestMethods(Invoker.java:1177)
	at org.testng.internal.TestMethodWorker.invokeTestMethods(TestMethodWorker.java:129)
	at org.testng.internal.TestMethodWorker.run(TestMethodWorker.java:112)
	at java.util.concurrent.ThreadPoolExecutor.runWorker(Unknown Source)
	at java.util.concurrent.ThreadPoolExecutor$Worker.run(Unknown Source)
	at java.lang.Thread.run(Unknown Source)
]]>
    </failure>
  </testcase> <!-- testGetNotificationsForLongTenureRecurringPayments -->
</testsuite> <!-- com.yodlee.app.yodleeApi.Insights.Notifications.V2.TestGetInsightsForLongTenureRecurringPayments -->
