
<!DOCTYPE html>
<html>


<head>
	<meta charset='utf-8' /> 
	<meta name='description' content='' />
	<meta name='robots' content='noodp, noydir' />
	<meta name='viewport' content='width=device-width, initial-scale=1' />
	<meta id="timeStampFormat" name="timeStampFormat" content='MMM d, yyyy hh:mm:ss a'/>
	
	<link href='https://fonts.googleapis.com/css?family=Source+Sans+Pro:400,600' rel='stylesheet' type='text/css'>
	<link href="https://fonts.googleapis.com/icon?family=Material+Icons" rel="stylesheet">

		<link href='https://cdn.rawgit.com/anshooarora/extentreports-java/b4a58fcfd1e137bd9287244035a7c80d3d73b3af/dist/css/extent.css' type='text/css' rel='stylesheet' />
	
	<title>Automation Report</title>

	<style type='text/css'>
	</style>
</head>

	<body class='extent dark default hide-overflow '>
		<div id='theme-selector' alt='Click to toggle theme. To enable by default, use theme configuration.' title='Click to toggle theme. To enable by default, use theme configuration.'>
			<span><i class='material-icons'>desktop_windows</i></span>
		</div>

<nav>
	<div class="nav-wrapper">
		<a href="#!" class="brand-logo blue darken-3">Extent</a>

		<!-- slideout menu -->
		<ul id='slide-out' class='side-nav fixed hide-on-med-and-down'>
			<li class='waves-effect active'><a href='#!' view='test-view' onclick="configureView(0);chartsView('test');"><i class='material-icons'>dashboard</i></a></li>
						<li class='waves-effect'><a href='#!' view='category-view' onclick="configureView(1)"><i class='material-icons'>label_outline</i></a></li>
			<li class='waves-effect'><a href='#!' onclick="configureView(-1);chartsView('dashboard');" view='dashboard-view'><i class='material-icons'>track_changes</i></i></a></li>
		</ul>

		<!-- report name -->
		<span class='report-name'>Automation Report</span>
		
		<!-- report headline -->
		<span class='report-headline'></span>

		<!-- nav-right -->
		<ul id='nav-mobile' class='right hide-on-med-and-down nav-right'>
			<li>
                <a href='#!'>
                    <span class='label suite-start-time blue darken-3'>Jun 29, 2021 02:06:32 PM</span>
				</a>
			</li>
			<li>
                <a href='#!'>
                    <span class='label blue darken-3'>3.1.3</span>
				</a>
			</li>
		</ul>
	</div>
</nav>

		<!-- container -->
		<div class='container'>

<div id='test-view' class='view'>
				
	<section id='controls'>
		<div class='controls grey lighten-4'>
			<!-- test toggle -->
			<div class='chip transparent'>
				<a class='dropdown-button tests-toggle' data-activates='tests-toggle' data-constrainwidth='true' data-beloworigin='true' data-hover='true' href='#'>
					<i class='material-icons'>warning</i> Status
				</a>
				<ul id='tests-toggle' class='dropdown-content'>
											<li status='pass'><a href='#!'>Pass <i class='material-icons green-text'>check_circle</i></a></li>
						<li status='fail'><a href='#!'>Fail <i class='material-icons red-text'>cancel</i></a></li>
					<li class='divider'></li>
					<li status='clear' clear='true'><a href='#!'>Clear Filters <i class='material-icons'>clear</i></a></li>
				</ul>
			</div>
			<!-- test toggle -->

			<!-- category toggle -->
			<div class='chip transparent'>
				<a class='dropdown-button category-toggle' data-activates='category-toggle' data-constrainwidth='false' data-beloworigin='true' data-hover='true' href='#'>
					<i class='material-icons'>local_offer</i> Category
				</a>
				<ul id='category-toggle' class='dropdown-content'>
					<li><a href='#'>GETFeeds-HighBillsAndSubscriptions</a></li>
					<li class='divider'></li>
					<li class='clear'><a href='#!' clear='true'>Clear Filters</a></li>
				</ul>
			</div>
			<!-- category toggle -->

			<!-- clear filters -->
			<div class='chip transparent hide'>
				<a class='' id='clear-filters' alt='Clear Filters' title='Clear Filters'>
					<i class='material-icons'>close</i> Clear
				</a>
			</div>
			<!-- clear filters -->

			<!-- enable dashboard -->
			<div id='toggle-test-view-charts' class='chip transparent'>
				<a class='pink-text' id='enable-dashboard' alt='Enable Dashboard' title='Enable Dashboard'>
					<i class='material-icons'>track_changes</i> Dashboard
				</a>
			</div>
			<!-- enable dashboard -->

			<!-- search -->
			<div class='chip transparent' alt='Search Tests' title='Search Tests'>
				<a href="#" class='search-div'>
					<i class='material-icons'>search</i> Search
				</a>

				<div class='input-field left hide'>
					<input id='search-tests' type='text' class='validate browser-default' placeholder='Search Tests...'>
				</div>
				
			</div>
			<!-- search -->
		</div>
	</section>


<div id='test-view-charts' class='subview-full'>
	<div id='charts-row' class='row nm-v nm-h'>
		<div class='col s12 m6 l6 np-h'>
			<div class='card-panel nm-v'>
				<div class='left panel-name'>Tests</div>
				<div class='chart-box'>
					<canvas id='parent-analysis' width='100' height='80'></canvas>
				</div>
				<div class='block text-small'>
					<span class='tooltipped' data-position='top' data-tooltip='40%'><span class='strong'>4</span> test(s) passed</span>
				</div>
				<div class='block text-small'>
					<span class='strong tooltipped' data-position='top' data-tooltip='60%'>6</span> test(s) failed, <span class='strong tooltipped' data-position='top' data-tooltip='0%'>0</span> others
				</div>
			</div>
		</div>
		
		<div class='col s12 m6 l6 np-h'>
			<div class='card-panel nm-v'>
				<div class='left panel-name'>Steps</div>
				<div class='chart-box'>
					<canvas id='child-analysis' width='100' height='80'></canvas>
				</div>
				<div class='block text-small'>
					<span class='tooltipped' data-position='top' data-tooltip='8.696%'><span class='strong'>4</span> step(s) passed</span>
				</div>
				<div class='block text-small'>
					<span class='strong tooltipped' data-position='top' data-tooltip='26.087%'>12</span> step(s) failed, <span class='strong tooltipped' data-position='top' data-tooltip='65.217%'>30</span> others
				</div>
			</div>
		</div>
		
	</div>
</div>

	<div class='subview-left left'>
		
		<div class='view-summary'>
			<h5>Tests</h5>
			<ul id='test-collection' class='test-collection'>
				
				
				<li class='test displayed active  pass' status='pass' bdd='false' test-id='1'>
					<div class='test-heading'>
						<span class='test-name'>testGetNotificationsForHighBillsAndSubscriptionsCostInsight ( AT-HBnS01 , Validate HighBillsAndSubscriptionsCost Insight when cobrand is not Subscribed , HIGH_BILLS_AND_SUBSCRIPTIONS_COST_BASED_ON_PEERS , FALSE , BANK, CARD , SCHEDULE , 16441 , InsightPDV.bank15 , bank15 ,  , 1 , account ,  ,  ,  ,  , 0 , TRUE , FALSE ,  , HighBillsAndSubscriptionCost.json ,  ,  ,  ,  ,  ,  , Account , 201 , TRUE )</span>
						<span class='test-time'>Jun 29, 2021 02:06:50 PM</span>
						<span class='test-status right pass'>pass</span>
					</div>
					<div class='test-content hide'>
<div class='test-time-info'>
	<span class='label start-time'>Jun 29, 2021 02:06:50 PM</span>
	<span class='label end-time'>Jun 29, 2021 02:09:07 PM</span>
	<span class='label time-taken grey lighten-1 white-text'>0h 2m 16s+883ms</span>
</div>
	<div class='test-attributes'>
			<div class='category-list'>
				<span class='category label white-text'>GETFeeds-HighBillsAndSubscriptions</span>
			</div>
	</div>
	<div class='test-steps'>
		<table class='bordered table-results'>
			<thead>
				<tr>
					<th>Status</th>
					<th>Timestamp</th>
					<th>Details</th>
				</tr>
			</thead>
			<tbody>
				<tr class='log' status='info'>
					<td class='status info' title='info' alt='info'><i class='material-icons'>info_outline</i></td>
					<td class='timestamp'>2:06:50 PM</td>
					<td class='step-details'><b><i>Test Case Name :: </b></i>"testGetNotificationsForHighBillsAndSubscriptionsCostInsight"</td>
				</tr>
				<tr class='log' status='info'>
					<td class='status info' title='info' alt='info'><i class='material-icons'>info_outline</i></td>
					<td class='timestamp'>2:06:50 PM</td>
					<td class='step-details'><b><i>Description of the test :: </b></i> "null"</td>
				</tr>
				<tr class='log' status='info'>
					<td class='status info' title='info' alt='info'><i class='material-icons'>info_outline</i></td>
					<td class='timestamp'>2:09:07 PM</td>
					<td class='step-details'>Total time taken for test case to execute :: 136 Seconds</td>
				</tr>
				<tr class='log' status='pass'>
					<td class='status pass' title='pass' alt='pass'><i class='material-icons'>check_circle</i></td>
					<td class='timestamp'>2:09:07 PM</td>
					<td class='step-details'>testGetNotificationsForHighBillsAndSubscriptionsCostInsight ( AT-HBnS01 , Validate HighBillsAndSubscriptionsCost Insight when cobrand is not Subscribed , HIGH_BILLS_AND_SUBSCRIPTIONS_COST_BASED_ON_PEERS , FALSE , BANK, CARD , SCHEDULE , 16441 , InsightPDV.bank15 , bank15 ,  , 1 , account ,  ,  ,  ,  , 0 , TRUE , FALSE ,  , HighBillsAndSubscriptionCost.json ,  ,  ,  ,  ,  ,  , Account , 201 , TRUE )  test has passed</td>
				</tr>
			</tbody>
		</table>
	</div>
					</div>
				</li>
				
				
				<li class='test displayed active  pass' status='pass' bdd='false' test-id='3'>
					<div class='test-heading'>
						<span class='test-name'>testGetNotificationsForHighBillsAndSubscriptionsCostInsight ( AT-HBnS02 , Validate HighBillsAndSubscriptionsCost Insight when cobrand is  Subscribed and User is not Subscribed , HIGH_BILLS_AND_SUBSCRIPTIONS_COST_BASED_ON_PEERS , FALSE , BANK, CARD , SCHEDULE , 16441 ,  ,  ,  , 1 , account ,  ,  ,  ,  , 0 , TRUE , TRUE , FALSE , HighBillsAndSubscriptionCost.json ,  ,  ,  ,  ,  ,  , Account , 201 , TRUE )</span>
						<span class='test-time'>Jun 29, 2021 02:09:07 PM</span>
						<span class='test-status right pass'>pass</span>
					</div>
					<div class='test-content hide'>
<div class='test-time-info'>
	<span class='label start-time'>Jun 29, 2021 02:09:07 PM</span>
	<span class='label end-time'>Jun 29, 2021 02:10:50 PM</span>
	<span class='label time-taken grey lighten-1 white-text'>0h 1m 42s+684ms</span>
</div>
	<div class='test-attributes'>
			<div class='category-list'>
				<span class='category label white-text'>GETFeeds-HighBillsAndSubscriptions</span>
			</div>
	</div>
	<div class='test-steps'>
		<table class='bordered table-results'>
			<thead>
				<tr>
					<th>Status</th>
					<th>Timestamp</th>
					<th>Details</th>
				</tr>
			</thead>
			<tbody>
				<tr class='log' status='info'>
					<td class='status info' title='info' alt='info'><i class='material-icons'>info_outline</i></td>
					<td class='timestamp'>2:09:07 PM</td>
					<td class='step-details'><b><i>Test Case Name :: </b></i>"testGetNotificationsForHighBillsAndSubscriptionsCostInsight"</td>
				</tr>
				<tr class='log' status='info'>
					<td class='status info' title='info' alt='info'><i class='material-icons'>info_outline</i></td>
					<td class='timestamp'>2:09:07 PM</td>
					<td class='step-details'><b><i>Description of the test :: </b></i> "null"</td>
				</tr>
				<tr class='log' status='info'>
					<td class='status info' title='info' alt='info'><i class='material-icons'>info_outline</i></td>
					<td class='timestamp'>2:10:50 PM</td>
					<td class='step-details'>Total time taken for test case to execute :: 102 Seconds</td>
				</tr>
				<tr class='log' status='pass'>
					<td class='status pass' title='pass' alt='pass'><i class='material-icons'>check_circle</i></td>
					<td class='timestamp'>2:10:50 PM</td>
					<td class='step-details'>testGetNotificationsForHighBillsAndSubscriptionsCostInsight ( AT-HBnS02 , Validate HighBillsAndSubscriptionsCost Insight when cobrand is  Subscribed and User is not Subscribed , HIGH_BILLS_AND_SUBSCRIPTIONS_COST_BASED_ON_PEERS , FALSE , BANK, CARD , SCHEDULE , 16441 ,  ,  ,  , 1 , account ,  ,  ,  ,  , 0 , TRUE , TRUE , FALSE , HighBillsAndSubscriptionCost.json ,  ,  ,  ,  ,  ,  , Account , 201 , TRUE )  test has passed</td>
				</tr>
			</tbody>
		</table>
	</div>
					</div>
				</li>
				
				
				<li class='test displayed active  fail' status='fail' bdd='false' test-id='5'>
					<div class='test-heading'>
						<span class='test-name'>testGetNotificationsForHighBillsAndSubscriptionsCostInsight ( AT-HBnS03 , Validate HighBillsAndSubscriptionsCost Insight when cobrand is  Subscribed and User is not Subscribed(Inheriting Cobrand Thresholds) , HIGH_BILLS_AND_SUBSCRIPTIONS_COST_BASED_ON_PEERS , FALSE , BANK, CARD , SCHEDULE , 16441 ,  ,  ,  , 1 , account ,  ,  ,  ,  , 1 , TRUE , TRUE ,  , HighBillsAndSubscriptionCost.json ,  ,  ,  ,  ,  ,  , Account , 201 , TRUE )</span>
						<span class='test-time'>Jun 29, 2021 02:10:50 PM</span>
						<span class='test-status right fail'>fail</span>
					</div>
					<div class='test-content hide'>
<div class='test-time-info'>
	<span class='label start-time'>Jun 29, 2021 02:10:50 PM</span>
	<span class='label end-time'>Jun 29, 2021 02:12:01 PM</span>
	<span class='label time-taken grey lighten-1 white-text'>0h 1m 11s+101ms</span>
</div>
	<div class='test-attributes'>
			<div class='category-list'>
				<span class='category label white-text'>GETFeeds-HighBillsAndSubscriptions</span>
			</div>
	</div>
	<div class='test-steps'>
		<table class='bordered table-results'>
			<thead>
				<tr>
					<th>Status</th>
					<th>Timestamp</th>
					<th>Details</th>
				</tr>
			</thead>
			<tbody>
				<tr class='log' status='info'>
					<td class='status info' title='info' alt='info'><i class='material-icons'>info_outline</i></td>
					<td class='timestamp'>2:10:50 PM</td>
					<td class='step-details'><b><i>Test Case Name :: </b></i>"testGetNotificationsForHighBillsAndSubscriptionsCostInsight"</td>
				</tr>
				<tr class='log' status='info'>
					<td class='status info' title='info' alt='info'><i class='material-icons'>info_outline</i></td>
					<td class='timestamp'>2:10:50 PM</td>
					<td class='step-details'><b><i>Description of the test :: </b></i> "null"</td>
				</tr>
				<tr class='log' status='fail'>
					<td class='status fail' title='fail' alt='fail'><i class='material-icons'>cancel</i></td>
					<td class='timestamp'>2:12:01 PM</td>
					<td class='step-details'><b><i> Failure Message :: </b></i>TEST FAILED</td>
				</tr>
				<tr class='log' status='fail'>
					<td class='status fail' title='fail' alt='fail'><i class='material-icons'>cancel</i></td>
					<td class='timestamp'>2:12:01 PM</td>
					<td class='step-details'><div><b><i> Stacktrace :: </b></i></div><div><textarea>java.lang.AssertionError: TEST FAILED
	at org.testng.Assert.fail(Assert.java:94)
	at com.yodlee.app.yodleeApi.Insights.Notifications.V2.TestGetInsightsForHighBillsAndSubscriptionsCost.testGetNotificationsForHighBillsAndSubscriptionsCostInsight(TestGetInsightsForHighBillsAndSubscriptionsCost.java:296)
	at sun.reflect.NativeMethodAccessorImpl.invoke0(Native Method)
	at sun.reflect.NativeMethodAccessorImpl.invoke(Unknown Source)
	at sun.reflect.DelegatingMethodAccessorImpl.invoke(Unknown Source)
	at java.lang.reflect.Method.invoke(Unknown Source)
	at org.testng.internal.MethodInvocationHelper.invokeMethod(MethodInvocationHelper.java:104)
	at org.testng.internal.Invoker.invokeMethod(Invoker.java:645)
	at org.testng.internal.Invoker.invokeTestMethod(Invoker.java:851)
	at org.testng.internal.Invoker.invokeTestMethods(Invoker.java:1177)
	at org.testng.internal.TestMethodWorker.invokeTestMethods(TestMethodWorker.java:129)
	at org.testng.internal.TestMethodWorker.run(TestMethodWorker.java:112)
	at java.util.concurrent.ThreadPoolExecutor.runWorker(Unknown Source)
	at java.util.concurrent.ThreadPoolExecutor$Worker.run(Unknown Source)
	at java.lang.Thread.run(Unknown Source)
</textarea></div></td>
				</tr>
				<tr class='log' status='info'>
					<td class='status info' title='info' alt='info'><i class='material-icons'>info_outline</i></td>
					<td class='timestamp'>2:12:01 PM</td>
					<td class='step-details'>Total time taken for test case to execute :: 71 Seconds</td>
				</tr>
			</tbody>
		</table>
	</div>
					</div>
				</li>
				
				
				<li class='test displayed active  fail' status='fail' bdd='false' test-id='7'>
					<div class='test-heading'>
						<span class='test-name'>testGetNotificationsForHighBillsAndSubscriptionsCostInsight ( AT-HBnS04 , Validate HighBillsAndSubscriptionsCost Insight when cobrand is subscribed  for different threshold user overides cobrand threshold , HIGH_BILLS_AND_SUBSCRIPTIONS_COST_BASED_ON_PEERS , FALSE , BANK, CARD , SCHEDULE , 16441 ,  ,  ,  , 1 , account , CHANGE,200,AMOUNT CHANGE,20,PERCENT ,  ,  ,  , 1 , TRUE , TRUE , TRUE , HighBillsAndSubscriptionCost.json ,  ,  ,  ,  ,  ,  , Account , 201 , TRUE )</span>
						<span class='test-time'>Jun 29, 2021 02:12:02 PM</span>
						<span class='test-status right fail'>fail</span>
					</div>
					<div class='test-content hide'>
<div class='test-time-info'>
	<span class='label start-time'>Jun 29, 2021 02:12:02 PM</span>
	<span class='label end-time'>Jun 29, 2021 02:13:11 PM</span>
	<span class='label time-taken grey lighten-1 white-text'>0h 1m 9s+246ms</span>
</div>
	<div class='test-attributes'>
			<div class='category-list'>
				<span class='category label white-text'>GETFeeds-HighBillsAndSubscriptions</span>
			</div>
	</div>
	<div class='test-steps'>
		<table class='bordered table-results'>
			<thead>
				<tr>
					<th>Status</th>
					<th>Timestamp</th>
					<th>Details</th>
				</tr>
			</thead>
			<tbody>
				<tr class='log' status='info'>
					<td class='status info' title='info' alt='info'><i class='material-icons'>info_outline</i></td>
					<td class='timestamp'>2:12:02 PM</td>
					<td class='step-details'><b><i>Test Case Name :: </b></i>"testGetNotificationsForHighBillsAndSubscriptionsCostInsight"</td>
				</tr>
				<tr class='log' status='info'>
					<td class='status info' title='info' alt='info'><i class='material-icons'>info_outline</i></td>
					<td class='timestamp'>2:12:02 PM</td>
					<td class='step-details'><b><i>Description of the test :: </b></i> "null"</td>
				</tr>
				<tr class='log' status='fail'>
					<td class='status fail' title='fail' alt='fail'><i class='material-icons'>cancel</i></td>
					<td class='timestamp'>2:13:11 PM</td>
					<td class='step-details'><b><i> Failure Message :: </b></i>TEST FAILED</td>
				</tr>
				<tr class='log' status='fail'>
					<td class='status fail' title='fail' alt='fail'><i class='material-icons'>cancel</i></td>
					<td class='timestamp'>2:13:11 PM</td>
					<td class='step-details'><div><b><i> Stacktrace :: </b></i></div><div><textarea>java.lang.AssertionError: TEST FAILED
	at org.testng.Assert.fail(Assert.java:94)
	at com.yodlee.app.yodleeApi.Insights.Notifications.V2.TestGetInsightsForHighBillsAndSubscriptionsCost.testGetNotificationsForHighBillsAndSubscriptionsCostInsight(TestGetInsightsForHighBillsAndSubscriptionsCost.java:296)
	at sun.reflect.NativeMethodAccessorImpl.invoke0(Native Method)
	at sun.reflect.NativeMethodAccessorImpl.invoke(Unknown Source)
	at sun.reflect.DelegatingMethodAccessorImpl.invoke(Unknown Source)
	at java.lang.reflect.Method.invoke(Unknown Source)
	at org.testng.internal.MethodInvocationHelper.invokeMethod(MethodInvocationHelper.java:104)
	at org.testng.internal.Invoker.invokeMethod(Invoker.java:645)
	at org.testng.internal.Invoker.invokeTestMethod(Invoker.java:851)
	at org.testng.internal.Invoker.invokeTestMethods(Invoker.java:1177)
	at org.testng.internal.TestMethodWorker.invokeTestMethods(TestMethodWorker.java:129)
	at org.testng.internal.TestMethodWorker.run(TestMethodWorker.java:112)
	at java.util.concurrent.ThreadPoolExecutor.runWorker(Unknown Source)
	at java.util.concurrent.ThreadPoolExecutor$Worker.run(Unknown Source)
	at java.lang.Thread.run(Unknown Source)
</textarea></div></td>
				</tr>
				<tr class='log' status='info'>
					<td class='status info' title='info' alt='info'><i class='material-icons'>info_outline</i></td>
					<td class='timestamp'>2:13:11 PM</td>
					<td class='step-details'>Total time taken for test case to execute :: 69 Seconds</td>
				</tr>
			</tbody>
		</table>
	</div>
					</div>
				</li>
				
				
				<li class='test displayed active  fail' status='fail' bdd='false' test-id='9'>
					<div class='test-heading'>
						<span class='test-name'>testGetNotificationsForHighBillsAndSubscriptionsCostInsight ( AT-HBnS05 , Validate HighBillsAndSubscriptionsCost Insight when user patch Threshold only AMOUNt and Duration , HIGH_BILLS_AND_SUBSCRIPTIONS_COST_BASED_ON_PEERS , FALSE , BANK, CARD , SCHEDULE , 16441 ,  ,  ,  , 1 , account , CHANGE,300,AMOUNT ,  ,  ,  , 1 , TRUE ,  , TRUE , HighBillsAndSubscriptionCost.json , LAST_THREE_MONTHS ,  ,  ,  ,  ,  , Account , 201 , TRUE )</span>
						<span class='test-time'>Jun 29, 2021 02:13:11 PM</span>
						<span class='test-status right fail'>fail</span>
					</div>
					<div class='test-content hide'>
<div class='test-time-info'>
	<span class='label start-time'>Jun 29, 2021 02:13:11 PM</span>
	<span class='label end-time'>Jun 29, 2021 02:14:19 PM</span>
	<span class='label time-taken grey lighten-1 white-text'>0h 1m 7s+930ms</span>
</div>
	<div class='test-attributes'>
			<div class='category-list'>
				<span class='category label white-text'>GETFeeds-HighBillsAndSubscriptions</span>
			</div>
	</div>
	<div class='test-steps'>
		<table class='bordered table-results'>
			<thead>
				<tr>
					<th>Status</th>
					<th>Timestamp</th>
					<th>Details</th>
				</tr>
			</thead>
			<tbody>
				<tr class='log' status='info'>
					<td class='status info' title='info' alt='info'><i class='material-icons'>info_outline</i></td>
					<td class='timestamp'>2:13:11 PM</td>
					<td class='step-details'><b><i>Test Case Name :: </b></i>"testGetNotificationsForHighBillsAndSubscriptionsCostInsight"</td>
				</tr>
				<tr class='log' status='info'>
					<td class='status info' title='info' alt='info'><i class='material-icons'>info_outline</i></td>
					<td class='timestamp'>2:13:11 PM</td>
					<td class='step-details'><b><i>Description of the test :: </b></i> "null"</td>
				</tr>
				<tr class='log' status='fail'>
					<td class='status fail' title='fail' alt='fail'><i class='material-icons'>cancel</i></td>
					<td class='timestamp'>2:14:19 PM</td>
					<td class='step-details'><b><i> Failure Message :: </b></i>TEST FAILED</td>
				</tr>
				<tr class='log' status='fail'>
					<td class='status fail' title='fail' alt='fail'><i class='material-icons'>cancel</i></td>
					<td class='timestamp'>2:14:19 PM</td>
					<td class='step-details'><div><b><i> Stacktrace :: </b></i></div><div><textarea>java.lang.AssertionError: TEST FAILED
	at org.testng.Assert.fail(Assert.java:94)
	at com.yodlee.app.yodleeApi.Insights.Notifications.V2.TestGetInsightsForHighBillsAndSubscriptionsCost.testGetNotificationsForHighBillsAndSubscriptionsCostInsight(TestGetInsightsForHighBillsAndSubscriptionsCost.java:296)
	at sun.reflect.NativeMethodAccessorImpl.invoke0(Native Method)
	at sun.reflect.NativeMethodAccessorImpl.invoke(Unknown Source)
	at sun.reflect.DelegatingMethodAccessorImpl.invoke(Unknown Source)
	at java.lang.reflect.Method.invoke(Unknown Source)
	at org.testng.internal.MethodInvocationHelper.invokeMethod(MethodInvocationHelper.java:104)
	at org.testng.internal.Invoker.invokeMethod(Invoker.java:645)
	at org.testng.internal.Invoker.invokeTestMethod(Invoker.java:851)
	at org.testng.internal.Invoker.invokeTestMethods(Invoker.java:1177)
	at org.testng.internal.TestMethodWorker.invokeTestMethods(TestMethodWorker.java:129)
	at org.testng.internal.TestMethodWorker.run(TestMethodWorker.java:112)
	at java.util.concurrent.ThreadPoolExecutor.runWorker(Unknown Source)
	at java.util.concurrent.ThreadPoolExecutor$Worker.run(Unknown Source)
	at java.lang.Thread.run(Unknown Source)
</textarea></div></td>
				</tr>
				<tr class='log' status='info'>
					<td class='status info' title='info' alt='info'><i class='material-icons'>info_outline</i></td>
					<td class='timestamp'>2:14:19 PM</td>
					<td class='step-details'>Total time taken for test case to execute :: 67 Seconds</td>
				</tr>
			</tbody>
		</table>
	</div>
					</div>
				</li>
				
				
				<li class='test displayed active  pass' status='pass' bdd='false' test-id='11'>
					<div class='test-heading'>
						<span class='test-name'>testGetNotificationsForHighBillsAndSubscriptionsCostInsight ( AT-HBnS06 , Validate HighBillsAndSubscriptionsCost Insight when Threshold is patched and with user Subscriptions as false , HIGH_BILLS_AND_SUBSCRIPTIONS_COST_BASED_ON_PEERS , FALSE , BANK, CARD , SCHEDULE , 16441 ,  ,  ,  , 1 , account , CHANGE,400,AMOUNT CHANGE,90,PERCENT ,  ,  ,  , 0 , TRUE ,  , FALSE , HighBillsAndSubscriptionCost.json ,  ,  ,  ,  ,  ,  , Account , 201 , TRUE )</span>
						<span class='test-time'>Jun 29, 2021 02:14:19 PM</span>
						<span class='test-status right pass'>pass</span>
					</div>
					<div class='test-content hide'>
<div class='test-time-info'>
	<span class='label start-time'>Jun 29, 2021 02:14:19 PM</span>
	<span class='label end-time'>Jun 29, 2021 02:16:02 PM</span>
	<span class='label time-taken grey lighten-1 white-text'>0h 1m 43s+400ms</span>
</div>
	<div class='test-attributes'>
			<div class='category-list'>
				<span class='category label white-text'>GETFeeds-HighBillsAndSubscriptions</span>
			</div>
	</div>
	<div class='test-steps'>
		<table class='bordered table-results'>
			<thead>
				<tr>
					<th>Status</th>
					<th>Timestamp</th>
					<th>Details</th>
				</tr>
			</thead>
			<tbody>
				<tr class='log' status='info'>
					<td class='status info' title='info' alt='info'><i class='material-icons'>info_outline</i></td>
					<td class='timestamp'>2:14:19 PM</td>
					<td class='step-details'><b><i>Test Case Name :: </b></i>"testGetNotificationsForHighBillsAndSubscriptionsCostInsight"</td>
				</tr>
				<tr class='log' status='info'>
					<td class='status info' title='info' alt='info'><i class='material-icons'>info_outline</i></td>
					<td class='timestamp'>2:14:19 PM</td>
					<td class='step-details'><b><i>Description of the test :: </b></i> "null"</td>
				</tr>
				<tr class='log' status='info'>
					<td class='status info' title='info' alt='info'><i class='material-icons'>info_outline</i></td>
					<td class='timestamp'>2:16:02 PM</td>
					<td class='step-details'>Total time taken for test case to execute :: 103 Seconds</td>
				</tr>
				<tr class='log' status='pass'>
					<td class='status pass' title='pass' alt='pass'><i class='material-icons'>check_circle</i></td>
					<td class='timestamp'>2:16:02 PM</td>
					<td class='step-details'>testGetNotificationsForHighBillsAndSubscriptionsCostInsight ( AT-HBnS06 , Validate HighBillsAndSubscriptionsCost Insight when Threshold is patched and with user Subscriptions as false , HIGH_BILLS_AND_SUBSCRIPTIONS_COST_BASED_ON_PEERS , FALSE , BANK, CARD , SCHEDULE , 16441 ,  ,  ,  , 1 , account , CHANGE,400,AMOUNT CHANGE,90,PERCENT ,  ,  ,  , 0 , TRUE ,  , FALSE , HighBillsAndSubscriptionCost.json ,  ,  ,  ,  ,  ,  , Account , 201 , TRUE )  test has passed</td>
				</tr>
			</tbody>
		</table>
	</div>
					</div>
				</li>
				
				
				<li class='test displayed active  fail' status='fail' bdd='false' test-id='13'>
					<div class='test-heading'>
						<span class='test-name'>testGetNotificationsForHighBillsAndSubscriptionsCostInsight ( AT-HBnS07 , Validate HighBillsAndSubscriptionsCost Insight when threshold is 1000 as AMOUNT and 101 PERCENT with diff duration , HIGH_BILLS_AND_SUBSCRIPTIONS_COST_BASED_ON_PEERS , FALSE , BANK, CARD , SCHEDULE , 16441 ,  ,  ,  , 1 , account , CHANGE,1000,AMOUNT CHANGE,101,PERCENT ,  ,  ,  , 1 , TRUE ,  , TRUE , HighBillsAndSubscriptionCost.json , LAST_SIX_MONTHS ,  ,  ,  ,  ,  , Account , 201 , TRUE )</span>
						<span class='test-time'>Jun 29, 2021 02:16:03 PM</span>
						<span class='test-status right fail'>fail</span>
					</div>
					<div class='test-content hide'>
<div class='test-time-info'>
	<span class='label start-time'>Jun 29, 2021 02:16:03 PM</span>
	<span class='label end-time'>Jun 29, 2021 02:17:12 PM</span>
	<span class='label time-taken grey lighten-1 white-text'>0h 1m 9s+328ms</span>
</div>
	<div class='test-attributes'>
			<div class='category-list'>
				<span class='category label white-text'>GETFeeds-HighBillsAndSubscriptions</span>
			</div>
	</div>
	<div class='test-steps'>
		<table class='bordered table-results'>
			<thead>
				<tr>
					<th>Status</th>
					<th>Timestamp</th>
					<th>Details</th>
				</tr>
			</thead>
			<tbody>
				<tr class='log' status='info'>
					<td class='status info' title='info' alt='info'><i class='material-icons'>info_outline</i></td>
					<td class='timestamp'>2:16:03 PM</td>
					<td class='step-details'><b><i>Test Case Name :: </b></i>"testGetNotificationsForHighBillsAndSubscriptionsCostInsight"</td>
				</tr>
				<tr class='log' status='info'>
					<td class='status info' title='info' alt='info'><i class='material-icons'>info_outline</i></td>
					<td class='timestamp'>2:16:03 PM</td>
					<td class='step-details'><b><i>Description of the test :: </b></i> "null"</td>
				</tr>
				<tr class='log' status='fail'>
					<td class='status fail' title='fail' alt='fail'><i class='material-icons'>cancel</i></td>
					<td class='timestamp'>2:17:12 PM</td>
					<td class='step-details'><b><i> Failure Message :: </b></i>TEST FAILED</td>
				</tr>
				<tr class='log' status='fail'>
					<td class='status fail' title='fail' alt='fail'><i class='material-icons'>cancel</i></td>
					<td class='timestamp'>2:17:12 PM</td>
					<td class='step-details'><div><b><i> Stacktrace :: </b></i></div><div><textarea>java.lang.AssertionError: TEST FAILED
	at org.testng.Assert.fail(Assert.java:94)
	at com.yodlee.app.yodleeApi.Insights.Notifications.V2.TestGetInsightsForHighBillsAndSubscriptionsCost.testGetNotificationsForHighBillsAndSubscriptionsCostInsight(TestGetInsightsForHighBillsAndSubscriptionsCost.java:296)
	at sun.reflect.NativeMethodAccessorImpl.invoke0(Native Method)
	at sun.reflect.NativeMethodAccessorImpl.invoke(Unknown Source)
	at sun.reflect.DelegatingMethodAccessorImpl.invoke(Unknown Source)
	at java.lang.reflect.Method.invoke(Unknown Source)
	at org.testng.internal.MethodInvocationHelper.invokeMethod(MethodInvocationHelper.java:104)
	at org.testng.internal.Invoker.invokeMethod(Invoker.java:645)
	at org.testng.internal.Invoker.invokeTestMethod(Invoker.java:851)
	at org.testng.internal.Invoker.invokeTestMethods(Invoker.java:1177)
	at org.testng.internal.TestMethodWorker.invokeTestMethods(TestMethodWorker.java:129)
	at org.testng.internal.TestMethodWorker.run(TestMethodWorker.java:112)
	at java.util.concurrent.ThreadPoolExecutor.runWorker(Unknown Source)
	at java.util.concurrent.ThreadPoolExecutor$Worker.run(Unknown Source)
	at java.lang.Thread.run(Unknown Source)
</textarea></div></td>
				</tr>
				<tr class='log' status='info'>
					<td class='status info' title='info' alt='info'><i class='material-icons'>info_outline</i></td>
					<td class='timestamp'>2:17:12 PM</td>
					<td class='step-details'>Total time taken for test case to execute :: 69 Seconds</td>
				</tr>
			</tbody>
		</table>
	</div>
					</div>
				</li>
				
				
				<li class='test displayed active  fail' status='fail' bdd='false' test-id='15'>
					<div class='test-heading'>
						<span class='test-name'>testGetNotificationsForHighBillsAndSubscriptionsCostInsight ( AT-HBnS08 , Validate HighBillsAndSubscriptionsCost Insight when threshold is 1 as AMOUNT and 1 PERCENT with diff duration , HIGH_BILLS_AND_SUBSCRIPTIONS_COST_BASED_ON_PEERS , FALSE , BANK, CARD , SCHEDULE , 16441 ,  ,  ,  , 1 , account , CHANGE,1,AMOUNT CHANGE,1,PERCENT ,  ,  ,  , 1 , TRUE ,  , TRUE , HighBillsAndSubscriptionCost.json , LAST_TWELVE_MONTHS ,  ,  ,  ,  ,  , Account , 201 , TRUE )</span>
						<span class='test-time'>Jun 29, 2021 02:17:12 PM</span>
						<span class='test-status right fail'>fail</span>
					</div>
					<div class='test-content hide'>
<div class='test-time-info'>
	<span class='label start-time'>Jun 29, 2021 02:17:12 PM</span>
	<span class='label end-time'>Jun 29, 2021 02:18:21 PM</span>
	<span class='label time-taken grey lighten-1 white-text'>0h 1m 9s+254ms</span>
</div>
	<div class='test-attributes'>
			<div class='category-list'>
				<span class='category label white-text'>GETFeeds-HighBillsAndSubscriptions</span>
			</div>
	</div>
	<div class='test-steps'>
		<table class='bordered table-results'>
			<thead>
				<tr>
					<th>Status</th>
					<th>Timestamp</th>
					<th>Details</th>
				</tr>
			</thead>
			<tbody>
				<tr class='log' status='info'>
					<td class='status info' title='info' alt='info'><i class='material-icons'>info_outline</i></td>
					<td class='timestamp'>2:17:12 PM</td>
					<td class='step-details'><b><i>Test Case Name :: </b></i>"testGetNotificationsForHighBillsAndSubscriptionsCostInsight"</td>
				</tr>
				<tr class='log' status='info'>
					<td class='status info' title='info' alt='info'><i class='material-icons'>info_outline</i></td>
					<td class='timestamp'>2:17:12 PM</td>
					<td class='step-details'><b><i>Description of the test :: </b></i> "null"</td>
				</tr>
				<tr class='log' status='fail'>
					<td class='status fail' title='fail' alt='fail'><i class='material-icons'>cancel</i></td>
					<td class='timestamp'>2:18:21 PM</td>
					<td class='step-details'><b><i> Failure Message :: </b></i>TEST FAILED</td>
				</tr>
				<tr class='log' status='fail'>
					<td class='status fail' title='fail' alt='fail'><i class='material-icons'>cancel</i></td>
					<td class='timestamp'>2:18:21 PM</td>
					<td class='step-details'><div><b><i> Stacktrace :: </b></i></div><div><textarea>java.lang.AssertionError: TEST FAILED
	at org.testng.Assert.fail(Assert.java:94)
	at com.yodlee.app.yodleeApi.Insights.Notifications.V2.TestGetInsightsForHighBillsAndSubscriptionsCost.testGetNotificationsForHighBillsAndSubscriptionsCostInsight(TestGetInsightsForHighBillsAndSubscriptionsCost.java:296)
	at sun.reflect.NativeMethodAccessorImpl.invoke0(Native Method)
	at sun.reflect.NativeMethodAccessorImpl.invoke(Unknown Source)
	at sun.reflect.DelegatingMethodAccessorImpl.invoke(Unknown Source)
	at java.lang.reflect.Method.invoke(Unknown Source)
	at org.testng.internal.MethodInvocationHelper.invokeMethod(MethodInvocationHelper.java:104)
	at org.testng.internal.Invoker.invokeMethod(Invoker.java:645)
	at org.testng.internal.Invoker.invokeTestMethod(Invoker.java:851)
	at org.testng.internal.Invoker.invokeTestMethods(Invoker.java:1177)
	at org.testng.internal.TestMethodWorker.invokeTestMethods(TestMethodWorker.java:129)
	at org.testng.internal.TestMethodWorker.run(TestMethodWorker.java:112)
	at java.util.concurrent.ThreadPoolExecutor.runWorker(Unknown Source)
	at java.util.concurrent.ThreadPoolExecutor$Worker.run(Unknown Source)
	at java.lang.Thread.run(Unknown Source)
</textarea></div></td>
				</tr>
				<tr class='log' status='info'>
					<td class='status info' title='info' alt='info'><i class='material-icons'>info_outline</i></td>
					<td class='timestamp'>2:18:21 PM</td>
					<td class='step-details'>Total time taken for test case to execute :: 69 Seconds</td>
				</tr>
			</tbody>
		</table>
	</div>
					</div>
				</li>
				
				
				<li class='test displayed active  fail' status='fail' bdd='false' test-id='17'>
					<div class='test-heading'>
						<span class='test-name'>testGetNotificationsForHighBillsAndSubscriptionsCostInsight ( AT-HBnS09 , Validate HighBillsAndSubscriptionsCost Insight when threshold is 500 as AMOUNT and 50 PERCENT with diff duration , HIGH_BILLS_AND_SUBSCRIPTIONS_COST_BASED_ON_PEERS , FALSE , BANK, CARD , SCHEDULE , 16441 ,  ,  ,  , 1 , account , CHANGE,500,AMOUNT CHANGE,50,PERCENT ,  ,  ,  , 1 , TRUE ,  , TRUE , HighBillsAndSubscriptionCost.json , LAST_MONTH ,  ,  ,  ,  ,  , Account , 201 , TRUE )</span>
						<span class='test-time'>Jun 29, 2021 02:18:22 PM</span>
						<span class='test-status right fail'>fail</span>
					</div>
					<div class='test-content hide'>
<div class='test-time-info'>
	<span class='label start-time'>Jun 29, 2021 02:18:22 PM</span>
	<span class='label end-time'>Jun 29, 2021 02:19:31 PM</span>
	<span class='label time-taken grey lighten-1 white-text'>0h 1m 9s+740ms</span>
</div>
	<div class='test-attributes'>
			<div class='category-list'>
				<span class='category label white-text'>GETFeeds-HighBillsAndSubscriptions</span>
			</div>
	</div>
	<div class='test-steps'>
		<table class='bordered table-results'>
			<thead>
				<tr>
					<th>Status</th>
					<th>Timestamp</th>
					<th>Details</th>
				</tr>
			</thead>
			<tbody>
				<tr class='log' status='info'>
					<td class='status info' title='info' alt='info'><i class='material-icons'>info_outline</i></td>
					<td class='timestamp'>2:18:22 PM</td>
					<td class='step-details'><b><i>Test Case Name :: </b></i>"testGetNotificationsForHighBillsAndSubscriptionsCostInsight"</td>
				</tr>
				<tr class='log' status='info'>
					<td class='status info' title='info' alt='info'><i class='material-icons'>info_outline</i></td>
					<td class='timestamp'>2:18:22 PM</td>
					<td class='step-details'><b><i>Description of the test :: </b></i> "null"</td>
				</tr>
				<tr class='log' status='fail'>
					<td class='status fail' title='fail' alt='fail'><i class='material-icons'>cancel</i></td>
					<td class='timestamp'>2:19:31 PM</td>
					<td class='step-details'><b><i> Failure Message :: </b></i>TEST FAILED</td>
				</tr>
				<tr class='log' status='fail'>
					<td class='status fail' title='fail' alt='fail'><i class='material-icons'>cancel</i></td>
					<td class='timestamp'>2:19:31 PM</td>
					<td class='step-details'><div><b><i> Stacktrace :: </b></i></div><div><textarea>java.lang.AssertionError: TEST FAILED
	at org.testng.Assert.fail(Assert.java:94)
	at com.yodlee.app.yodleeApi.Insights.Notifications.V2.TestGetInsightsForHighBillsAndSubscriptionsCost.testGetNotificationsForHighBillsAndSubscriptionsCostInsight(TestGetInsightsForHighBillsAndSubscriptionsCost.java:296)
	at sun.reflect.NativeMethodAccessorImpl.invoke0(Native Method)
	at sun.reflect.NativeMethodAccessorImpl.invoke(Unknown Source)
	at sun.reflect.DelegatingMethodAccessorImpl.invoke(Unknown Source)
	at java.lang.reflect.Method.invoke(Unknown Source)
	at org.testng.internal.MethodInvocationHelper.invokeMethod(MethodInvocationHelper.java:104)
	at org.testng.internal.Invoker.invokeMethod(Invoker.java:645)
	at org.testng.internal.Invoker.invokeTestMethod(Invoker.java:851)
	at org.testng.internal.Invoker.invokeTestMethods(Invoker.java:1177)
	at org.testng.internal.TestMethodWorker.invokeTestMethods(TestMethodWorker.java:129)
	at org.testng.internal.TestMethodWorker.run(TestMethodWorker.java:112)
	at java.util.concurrent.ThreadPoolExecutor.runWorker(Unknown Source)
	at java.util.concurrent.ThreadPoolExecutor$Worker.run(Unknown Source)
	at java.lang.Thread.run(Unknown Source)
</textarea></div></td>
				</tr>
				<tr class='log' status='info'>
					<td class='status info' title='info' alt='info'><i class='material-icons'>info_outline</i></td>
					<td class='timestamp'>2:19:31 PM</td>
					<td class='step-details'>Total time taken for test case to execute :: 69 Seconds</td>
				</tr>
			</tbody>
		</table>
	</div>
					</div>
				</li>
				
				
				<li class='test displayed active  pass' status='pass' bdd='false' test-id='19'>
					<div class='test-heading'>
						<span class='test-name'>testGetNotificationsForHighBillsAndSubscriptionsCostInsight ( AT-HBnS10 , Reset HighBIlls and Subscription to default values , HIGH_BILLS_AND_SUBSCRIPTIONS_COST_BASED_ON_PEERS , FALSE , BANK, CARD , SCHEDULE , 16441 ,  ,  ,  , 1 , account , CHANGE,550,AMOUNT CHANGE,150,PERCENT ,  ,  ,  , 0 , TRUE , FALSE ,  , HighBillsAndSubscriptionCost.json , LAST_THREE_MONTHS ,  ,  ,  ,  ,  , Account , 201 , TRUE )</span>
						<span class='test-time'>Jun 29, 2021 02:19:32 PM</span>
						<span class='test-status right pass'>pass</span>
					</div>
					<div class='test-content hide'>
<div class='test-time-info'>
	<span class='label start-time'>Jun 29, 2021 02:19:32 PM</span>
	<span class='label end-time'>Jun 29, 2021 02:21:17 PM</span>
	<span class='label time-taken grey lighten-1 white-text'>0h 1m 45s+462ms</span>
</div>
	<div class='test-attributes'>
			<div class='category-list'>
				<span class='category label white-text'>GETFeeds-HighBillsAndSubscriptions</span>
			</div>
	</div>
	<div class='test-steps'>
		<table class='bordered table-results'>
			<thead>
				<tr>
					<th>Status</th>
					<th>Timestamp</th>
					<th>Details</th>
				</tr>
			</thead>
			<tbody>
				<tr class='log' status='info'>
					<td class='status info' title='info' alt='info'><i class='material-icons'>info_outline</i></td>
					<td class='timestamp'>2:19:32 PM</td>
					<td class='step-details'><b><i>Test Case Name :: </b></i>"testGetNotificationsForHighBillsAndSubscriptionsCostInsight"</td>
				</tr>
				<tr class='log' status='info'>
					<td class='status info' title='info' alt='info'><i class='material-icons'>info_outline</i></td>
					<td class='timestamp'>2:19:32 PM</td>
					<td class='step-details'><b><i>Description of the test :: </b></i> "null"</td>
				</tr>
				<tr class='log' status='info'>
					<td class='status info' title='info' alt='info'><i class='material-icons'>info_outline</i></td>
					<td class='timestamp'>2:21:17 PM</td>
					<td class='step-details'>Total time taken for test case to execute :: 105 Seconds</td>
				</tr>
				<tr class='log' status='pass'>
					<td class='status pass' title='pass' alt='pass'><i class='material-icons'>check_circle</i></td>
					<td class='timestamp'>2:21:17 PM</td>
					<td class='step-details'>testGetNotificationsForHighBillsAndSubscriptionsCostInsight ( AT-HBnS10 , Reset HighBIlls and Subscription to default values , HIGH_BILLS_AND_SUBSCRIPTIONS_COST_BASED_ON_PEERS , FALSE , BANK, CARD , SCHEDULE , 16441 ,  ,  ,  , 1 , account , CHANGE,550,AMOUNT CHANGE,150,PERCENT ,  ,  ,  , 0 , TRUE , FALSE ,  , HighBillsAndSubscriptionCost.json , LAST_THREE_MONTHS ,  ,  ,  ,  ,  , Account , 201 , TRUE )  test has passed</td>
				</tr>
			</tbody>
		</table>
	</div>
					</div>
				</li>
			</ul>
		</div>
	</div>
	<!-- subview left -->

	<div class='subview-right left'>
		<div class='view-summary'>
			<h5 class='test-name'></h5>

			<div id='step-filters' class="right">
				<span class="blue-text" status="info" alt="info" title="info"><i class="material-icons">info_outline</i></span>
				<span class="green-text" status="pass" alt="pass" title="pass"><i class="material-icons">check_circle</i></span>
				<span class="red-text" status="fail" alt="fail" title="fail"><i class="material-icons">cancel</i></span>
				<span class="red-text text-darken-4" status="fatal" alt="fatal" title="fatal"><i class="material-icons">cancel</i></span>
				<span class="pink-text text-lighten-1" status="error" alt="error" title="error"><i class="material-icons">error</i></span>
				<span class="orange-text" alt="warning" status="warning" title="warning"><i class="material-icons">warning</i></span>
				<span class="teal-text" status="skip" alt="skip" title="skip"><i class="material-icons">redo</i></span>
				<span status="clear" alt="Clear filters" title="Clear filters"><i class="material-icons">clear</i></span>
			</div>
		</div>
	</div>
	<!-- subview right -->

</div>
<!-- test view -->
<div id='category-view' class='view hide'>

	<section id='controls'>
		<div class='controls grey lighten-4'>
			<!-- search -->
			<div class='chip transparent' alt='Search Tests' title='Search Tests'>
				<a href="#" class='search-div'>
					<i class='material-icons'>search</i> Search
				</a>
				
				<div class='input-field left hide'>
					<input id='search-tests' type='text' class='validate browser-default' placeholder='Search Tests...'>
				</div>
				
			</div>
			<!-- search -->
		</div>
	</section>

	<div class='subview-left left'>
		
		<div class='view-summary'>
			<h5>Categories</h3>
			<ul id='category-collection' class='category-collection'>
				
				<li class='category displayed active'>
					<div class='category-heading'>
						<span class='category-name'>GETFeeds-HighBillsAndSubscriptions</span>
						<span class='category-status right'>
							<span class='label pass'>4</span>
							<span class='label fail'>6</span>
						</span>
					</div>
					<div class='category-content hide'>
						<div class='category-status-counts'>
							<span class='label green accent-4 white-text'>Passed: 4</span>
							<span class='label red lighten-1 white-text'>Failed: 6</span>
							
						</div>
					
						<div class='category-tests'>
							<table class='bordered table-results'>
								<thead>
									<tr>
										<th>Timestamp</th>
										<th>TestName</th>
										<th>Status</th>
									</tr>
								</thead>
								<tbody>
									<tr>
										<td>Jun 29, 2021 02:06:50 PM</td>
										<td class='linked' test-id='1'>testGetNotificationsForHighBillsAndSubscriptionsCostInsight ( AT-HBnS01 , Validate HighBillsAndSubscriptionsCost Insight when cobrand is not Subscribed , HIGH_BILLS_AND_SUBSCRIPTIONS_COST_BASED_ON_PEERS , FALSE , BANK, CARD , SCHEDULE , 16441 , InsightPDV.bank15 , bank15 ,  , 1 , account ,  ,  ,  ,  , 0 , TRUE , FALSE ,  , HighBillsAndSubscriptionCost.json ,  ,  ,  ,  ,  ,  , Account , 201 , TRUE )</td>
										<td><span class='test-status pass'>pass</span></td>
									</tr>
									<tr>
										<td>Jun 29, 2021 02:09:07 PM</td>
										<td class='linked' test-id='3'>testGetNotificationsForHighBillsAndSubscriptionsCostInsight ( AT-HBnS02 , Validate HighBillsAndSubscriptionsCost Insight when cobrand is  Subscribed and User is not Subscribed , HIGH_BILLS_AND_SUBSCRIPTIONS_COST_BASED_ON_PEERS , FALSE , BANK, CARD , SCHEDULE , 16441 ,  ,  ,  , 1 , account ,  ,  ,  ,  , 0 , TRUE , TRUE , FALSE , HighBillsAndSubscriptionCost.json ,  ,  ,  ,  ,  ,  , Account , 201 , TRUE )</td>
										<td><span class='test-status pass'>pass</span></td>
									</tr>
									<tr>
										<td>Jun 29, 2021 02:10:50 PM</td>
										<td class='linked' test-id='5'>testGetNotificationsForHighBillsAndSubscriptionsCostInsight ( AT-HBnS03 , Validate HighBillsAndSubscriptionsCost Insight when cobrand is  Subscribed and User is not Subscribed(Inheriting Cobrand Thresholds) , HIGH_BILLS_AND_SUBSCRIPTIONS_COST_BASED_ON_PEERS , FALSE , BANK, CARD , SCHEDULE , 16441 ,  ,  ,  , 1 , account ,  ,  ,  ,  , 1 , TRUE , TRUE ,  , HighBillsAndSubscriptionCost.json ,  ,  ,  ,  ,  ,  , Account , 201 , TRUE )</td>
										<td><span class='test-status fail'>fail</span></td>
									</tr>
									<tr>
										<td>Jun 29, 2021 02:12:02 PM</td>
										<td class='linked' test-id='7'>testGetNotificationsForHighBillsAndSubscriptionsCostInsight ( AT-HBnS04 , Validate HighBillsAndSubscriptionsCost Insight when cobrand is subscribed  for different threshold user overides cobrand threshold , HIGH_BILLS_AND_SUBSCRIPTIONS_COST_BASED_ON_PEERS , FALSE , BANK, CARD , SCHEDULE , 16441 ,  ,  ,  , 1 , account , CHANGE,200,AMOUNT CHANGE,20,PERCENT ,  ,  ,  , 1 , TRUE , TRUE , TRUE , HighBillsAndSubscriptionCost.json ,  ,  ,  ,  ,  ,  , Account , 201 , TRUE )</td>
										<td><span class='test-status fail'>fail</span></td>
									</tr>
									<tr>
										<td>Jun 29, 2021 02:13:11 PM</td>
										<td class='linked' test-id='9'>testGetNotificationsForHighBillsAndSubscriptionsCostInsight ( AT-HBnS05 , Validate HighBillsAndSubscriptionsCost Insight when user patch Threshold only AMOUNt and Duration , HIGH_BILLS_AND_SUBSCRIPTIONS_COST_BASED_ON_PEERS , FALSE , BANK, CARD , SCHEDULE , 16441 ,  ,  ,  , 1 , account , CHANGE,300,AMOUNT ,  ,  ,  , 1 , TRUE ,  , TRUE , HighBillsAndSubscriptionCost.json , LAST_THREE_MONTHS ,  ,  ,  ,  ,  , Account , 201 , TRUE )</td>
										<td><span class='test-status fail'>fail</span></td>
									</tr>
									<tr>
										<td>Jun 29, 2021 02:14:19 PM</td>
										<td class='linked' test-id='11'>testGetNotificationsForHighBillsAndSubscriptionsCostInsight ( AT-HBnS06 , Validate HighBillsAndSubscriptionsCost Insight when Threshold is patched and with user Subscriptions as false , HIGH_BILLS_AND_SUBSCRIPTIONS_COST_BASED_ON_PEERS , FALSE , BANK, CARD , SCHEDULE , 16441 ,  ,  ,  , 1 , account , CHANGE,400,AMOUNT CHANGE,90,PERCENT ,  ,  ,  , 0 , TRUE ,  , FALSE , HighBillsAndSubscriptionCost.json ,  ,  ,  ,  ,  ,  , Account , 201 , TRUE )</td>
										<td><span class='test-status pass'>pass</span></td>
									</tr>
									<tr>
										<td>Jun 29, 2021 02:16:03 PM</td>
										<td class='linked' test-id='13'>testGetNotificationsForHighBillsAndSubscriptionsCostInsight ( AT-HBnS07 , Validate HighBillsAndSubscriptionsCost Insight when threshold is 1000 as AMOUNT and 101 PERCENT with diff duration , HIGH_BILLS_AND_SUBSCRIPTIONS_COST_BASED_ON_PEERS , FALSE , BANK, CARD , SCHEDULE , 16441 ,  ,  ,  , 1 , account , CHANGE,1000,AMOUNT CHANGE,101,PERCENT ,  ,  ,  , 1 , TRUE ,  , TRUE , HighBillsAndSubscriptionCost.json , LAST_SIX_MONTHS ,  ,  ,  ,  ,  , Account , 201 , TRUE )</td>
										<td><span class='test-status fail'>fail</span></td>
									</tr>
									<tr>
										<td>Jun 29, 2021 02:17:12 PM</td>
										<td class='linked' test-id='15'>testGetNotificationsForHighBillsAndSubscriptionsCostInsight ( AT-HBnS08 , Validate HighBillsAndSubscriptionsCost Insight when threshold is 1 as AMOUNT and 1 PERCENT with diff duration , HIGH_BILLS_AND_SUBSCRIPTIONS_COST_BASED_ON_PEERS , FALSE , BANK, CARD , SCHEDULE , 16441 ,  ,  ,  , 1 , account , CHANGE,1,AMOUNT CHANGE,1,PERCENT ,  ,  ,  , 1 , TRUE ,  , TRUE , HighBillsAndSubscriptionCost.json , LAST_TWELVE_MONTHS ,  ,  ,  ,  ,  , Account , 201 , TRUE )</td>
										<td><span class='test-status fail'>fail</span></td>
									</tr>
									<tr>
										<td>Jun 29, 2021 02:18:22 PM</td>
										<td class='linked' test-id='17'>testGetNotificationsForHighBillsAndSubscriptionsCostInsight ( AT-HBnS09 , Validate HighBillsAndSubscriptionsCost Insight when threshold is 500 as AMOUNT and 50 PERCENT with diff duration , HIGH_BILLS_AND_SUBSCRIPTIONS_COST_BASED_ON_PEERS , FALSE , BANK, CARD , SCHEDULE , 16441 ,  ,  ,  , 1 , account , CHANGE,500,AMOUNT CHANGE,50,PERCENT ,  ,  ,  , 1 , TRUE ,  , TRUE , HighBillsAndSubscriptionCost.json , LAST_MONTH ,  ,  ,  ,  ,  , Account , 201 , TRUE )</td>
										<td><span class='test-status fail'>fail</span></td>
									</tr>
									<tr>
										<td>Jun 29, 2021 02:19:32 PM</td>
										<td class='linked' test-id='19'>testGetNotificationsForHighBillsAndSubscriptionsCostInsight ( AT-HBnS10 , Reset HighBIlls and Subscription to default values , HIGH_BILLS_AND_SUBSCRIPTIONS_COST_BASED_ON_PEERS , FALSE , BANK, CARD , SCHEDULE , 16441 ,  ,  ,  , 1 , account , CHANGE,550,AMOUNT CHANGE,150,PERCENT ,  ,  ,  , 0 , TRUE , FALSE ,  , HighBillsAndSubscriptionCost.json , LAST_THREE_MONTHS ,  ,  ,  ,  ,  , Account , 201 , TRUE )</td>
										<td><span class='test-status pass'>pass</span></td>
									</tr>
								</tbody>
							</table>
						</div>
					</div>
				</li>

			</ul>
		</div>
	</div>

	<div class='subview-right left'>
		<div class='view-summary'>
			<h5 class='category-name'></h5>
		</div>
	</div>
</div>
<!-- category view -->
<!-- exception view -->
<div id='dashboard-view' class='view hide'>
	<div class='card-panel transparent np-v'>
		<h5>Dashboard</h5>

		<div class='row'>
			<div class='col s2'>
				<div class='card-panel r'>
					Tests
					<div class='panel-lead'>10</div>
				</div>
			</div>
			<div class='col s2'>
				<div class='card-panel r'>
					Steps
					<div class='panel-lead'>46</div>
				</div>
			</div>
			<div class='col s2'>
				<div class='card-panel r'>
					Start
					<div class='panel-lead'>Jun 29, 2021 02:06:32 PM</div>
				</div>
			</div>
			<div class='col s2'>
				<div class='card-panel r'>
			 		End
			 		<div class='panel-lead'>Jun 29, 2021 02:21:17 PM</div>
				</div>
			</div>
			<div class='col s2'>
				<div class='card-panel r'>
					Time Taken
					<div class='panel-lead'>0h 14m 45s+391ms</div>
				</div>
			</div>
			<div class='col s6'>
				<div class='card-panel dashboard-categories'>
					<span class='right label cyan white-text'>Categories</span><p>&nbsp;</p>
					
					<table>
						<tr>
							<th>Name</th>
							<th>Passed</th>
							<th>Failed</th>
							<th>Others</th>
							<th>Passed %</th>
						</tr>
						<tr>
							<td>GETFeeds-HighBillsAndSubscriptions</td>
							<td>4</td>
							<td>6</td>
							<td>0</td>
							<td>
									40%
							</td>
						</tr>
					</table>
				</div>
			</div>
		</div>
	</div>
</div>
<!-- dashboard view -->
<!-- testrunner-logs view -->
		</div>
		<!-- container -->

		<script>
			var statusGroup = {
				passParent: 4,
				failParent: 6,
				fatalParent: 0,
				errorParent: 0,
				warningParent: 0,
				skipParent: 0,
				exceptionsParent: 6,
				
				passChild: 4,
				failChild: 12,
				fatalChild: 0,
				errorChild: 0,
				warningChild: 0,
				skipChild: 0,
				infoChild: 30,
				exceptionsChild: 12,
				
				passGrandChild: 0,
				failGrandChild: 0,
				fatalGrandChild: 0,
				errorGrandChild: 0,
				warningGrandChild: 0,
				skipGrandChild: 0,
				infoGrandChild: 0,
				exceptionsGrandChild: 0,
			};
		</script>
		
			<script src='https://cdn.rawgit.com/anshooarora/extentreports-java/fca20fb7653aade98810546ab96a2a4360e3e712/dist/js/extent.js' type='text/javascript'></script>
		
		
 		<script type='text/javascript'>
 		</script>
	</body>
	
</html>
