<?xml version="1.0" encoding="UTF-8"?>
<testsuite name="Sub Brand Management Tool Publish Workflows"
           tests="9"
           failures="2"
           errors="0"
           skipped="0"
           time="2348.670">
  <properties />
            <testcase name="testCreateAndEditSubBrandAndViewSubBrandOverview" time="1293.474" classname="com.yodlee.customizationtool.EditSubBrand">
                <failure type="java.lang.AssertionError"
                  message="Edit Flow: View List of Sub-Brands Page: Publish Not Completed Even After 5 Minutes. Deployment Status Still Shows:Publish initiated in Public For Sub Brand Lumin14062021140827 expected [true] but found [false]"
              >
<![CDATA[java.lang.AssertionError: Edit Flow: View List of Sub-Brands Page: Publish Not Completed Even After 5 Minutes. Deployment Status Still Shows:Publish initiated in Public For Sub Brand Lumin14062021140827 expected [true] but found [false]
  org.testng.Assert.fail(Assert.java:94)
  org.testng.Assert.failNotEquals(Assert.java:513)
  org.testng.Assert.assertTrue(Assert.java:42)
  com.yodlee.customizationtool.EditSubBrand.testCreateAndEditSubBrandAndViewSubBrandOverview(EditSubBrand.java:1597)
  sun.reflect.NativeMethodAccessorImpl.invoke0(Native Method)
  sun.reflect.NativeMethodAccessorImpl.invoke(Unknown Source)
  sun.reflect.DelegatingMethodAccessorImpl.invoke(Unknown Source)
  java.lang.reflect.Method.invoke(Unknown Source)
  org.testng.internal.MethodInvocationHelper.invokeMethod(MethodInvocationHelper.java:86)
  org.testng.internal.Invoker.invokeMethod(Invoker.java:643)
  org.testng.internal.Invoker.invokeTestMethod(Invoker.java:820)
  org.testng.internal.Invoker.invokeTestMethods(Invoker.java:1128)
  org.testng.internal.TestMethodWorker.invokeTestMethods(TestMethodWorker.java:129)
  org.testng.internal.TestMethodWorker.run(TestMethodWorker.java:112)
  org.testng.TestRunner.privateRun(TestRunner.java:782)
  org.testng.TestRunner.run(TestRunner.java:632)
  org.testng.SuiteRunner.runTest(SuiteRunner.java:366)
  org.testng.SuiteRunner.runSequentially(SuiteRunner.java:361)
  org.testng.SuiteRunner.privateRun(SuiteRunner.java:319)
  org.testng.SuiteRunner.run(SuiteRunner.java:268)
  org.testng.SuiteRunnerWorker.runSuite(SuiteRunnerWorker.java:52)
  org.testng.SuiteRunnerWorker.run(SuiteRunnerWorker.java:86)
  org.testng.TestNG.runSuitesSequentially(TestNG.java:1244)
  org.testng.TestNG.runSuitesLocally(TestNG.java:1169)
  org.testng.TestNG.run(TestNG.java:1064)
  org.testng.remote.AbstractRemoteTestNG.run(AbstractRemoteTestNG.java:115)
  org.testng.remote.RemoteTestNG.initAndRun(RemoteTestNG.java:251)
  org.testng.remote.RemoteTestNG.main(RemoteTestNG.java:77)
]]>
      </failure>

          </testcase>
            <testcase name="testCreateAndEditSubBrandAndViewSubBrandOverview" time="1014.927" classname="com.yodlee.customizationtool.EditSubBrand">
                <failure type="java.lang.AssertionError"
                  message="The following asserts failed:
	Edit Sub-Brand: Contact Details Page: Contact One User Id Text Box Is Enabled In Contact Details Page. expected [true] but found [false],
	Edit Sub-Brand: Review Page: The Actual And Expected Aggregation Sub Products Do Not Match. Actual is: enabled Expected Is: Document Download enabled expected [Document Download enabled] but found [enabled],
	Edit Sub-Brand: Review Page: The Actual And Expected Selected Contact 1 Details Do Not Match. Actual is: First Name : RaviRanjan;Last Name : Shrivastav;Contact Number : 9735173173;Email Address : rshrivastav@yodlee.com;User ID : Lumin14062021143002rshrivastav Expected Is: First Name : RaviRanjan;Last Name : Shrivastav;Contact Number : 9735173173;Email Address : rshrivastav@yodlee.com;User ID : Lumin14062021143002rshrivastavEdit expected [First Name : RaviRanjan;Last Name : Shrivastav;Contact Number : 9735173173;Email Address : rshrivastav@yodlee.com;User ID : Lumin14062021143002rshrivastavEdit] but found [First Name : RaviRanjan;Last Name : Shrivastav;Contact Number : 9735173173;Email Address : rshrivastav@yodlee.com;User ID : Lumin14062021143002rshrivastav]"
              >
<![CDATA[java.lang.AssertionError: The following asserts failed:
	Edit Sub-Brand: Contact Details Page: Contact One User Id Text Box Is Enabled In Contact Details Page. expected [true] but found [false],
	Edit Sub-Brand: Review Page: The Actual And Expected Aggregation Sub Products Do Not Match. Actual is: enabled Expected Is: Document Download enabled expected [Document Download enabled] but found [enabled],
	Edit Sub-Brand: Review Page: The Actual And Expected Selected Contact 1 Details Do Not Match. Actual is: First Name : RaviRanjan;Last Name : Shrivastav;Contact Number : 9735173173;Email Address : rshrivastav@yodlee.com;User ID : Lumin14062021143002rshrivastav Expected Is: First Name : RaviRanjan;Last Name : Shrivastav;Contact Number : 9735173173;Email Address : rshrivastav@yodlee.com;User ID : Lumin14062021143002rshrivastavEdit expected [First Name : RaviRanjan;Last Name : Shrivastav;Contact Number : 9735173173;Email Address : rshrivastav@yodlee.com;User ID : Lumin14062021143002rshrivastavEdit] but found [First Name : RaviRanjan;Last Name : Shrivastav;Contact Number : 9735173173;Email Address : rshrivastav@yodlee.com;User ID : Lumin14062021143002rshrivastav]
  org.testng.asserts.SoftAssert.assertAll(SoftAssert.java:43)
  com.yodlee.customizationtool.EditSubBrand.testCreateAndEditSubBrandAndViewSubBrandOverview(EditSubBrand.java:2149)
  sun.reflect.NativeMethodAccessorImpl.invoke0(Native Method)
  sun.reflect.NativeMethodAccessorImpl.invoke(Unknown Source)
  sun.reflect.DelegatingMethodAccessorImpl.invoke(Unknown Source)
  java.lang.reflect.Method.invoke(Unknown Source)
  org.testng.internal.MethodInvocationHelper.invokeMethod(MethodInvocationHelper.java:86)
  org.testng.internal.Invoker.invokeMethod(Invoker.java:643)
  org.testng.internal.Invoker.invokeTestMethod(Invoker.java:820)
  org.testng.internal.Invoker.invokeTestMethods(Invoker.java:1128)
  org.testng.internal.TestMethodWorker.invokeTestMethods(TestMethodWorker.java:129)
  org.testng.internal.TestMethodWorker.run(TestMethodWorker.java:112)
  org.testng.TestRunner.privateRun(TestRunner.java:782)
  org.testng.TestRunner.run(TestRunner.java:632)
  org.testng.SuiteRunner.runTest(SuiteRunner.java:366)
  org.testng.SuiteRunner.runSequentially(SuiteRunner.java:361)
  org.testng.SuiteRunner.privateRun(SuiteRunner.java:319)
  org.testng.SuiteRunner.run(SuiteRunner.java:268)
  org.testng.SuiteRunnerWorker.runSuite(SuiteRunnerWorker.java:52)
  org.testng.SuiteRunnerWorker.run(SuiteRunnerWorker.java:86)
  org.testng.TestNG.runSuitesSequentially(TestNG.java:1244)
  org.testng.TestNG.runSuitesLocally(TestNG.java:1169)
  org.testng.TestNG.run(TestNG.java:1064)
  org.testng.remote.AbstractRemoteTestNG.run(AbstractRemoteTestNG.java:115)
  org.testng.remote.RemoteTestNG.initAndRun(RemoteTestNG.java:251)
  org.testng.remote.RemoteTestNG.main(RemoteTestNG.java:77)
]]>
      </failure>

          </testcase>
  
  
            <testcase name="testEditFlowStepperLinksAndBackLinksAndButton" time="25.004" classname="com.yodlee.customizationtool.EditSubBrand" />
                <testcase name="testCreateAndEditSubBrandAndViewSubBrandOverview" time="2.444" classname="com.yodlee.customizationtool.EditSubBrand" />
                <testcase name="testCreateAndEditSubBrandAndViewSubBrandOverview" time="2.487" classname="com.yodlee.customizationtool.EditSubBrand" />
                <testcase name="testCreateAndEditSubBrandAndViewSubBrandOverview" time="2.497" classname="com.yodlee.customizationtool.EditSubBrand" />
                <testcase name="testCreateAndEditSubBrandAndViewSubBrandOverview" time="2.711" classname="com.yodlee.customizationtool.EditSubBrand" />
                <testcase name="testCreateAndEditSubBrandAndViewSubBrandOverview" time="2.416" classname="com.yodlee.customizationtool.EditSubBrand" />
                <testcase name="testCreateAndEditSubBrandAndViewSubBrandOverview" time="2.710" classname="com.yodlee.customizationtool.EditSubBrand" />
      
</testsuite>
