<?xml version="1.0" encoding="UTF-8"?>
<testsuite name="Sub Brand Management Tool Publish Workflows"
           tests="3"
           failures="1"
           errors="0"
           skipped="2"
           time="0.028">
  <properties />
            <testcase name="driverInit" time="0.000" classname="com.yodlee.customizationtool.NewTest">
                <failure type="java.lang.IllegalStateException"
                  message="The path to the driver executable must be set by the webdriver.chrome.driver system property; for more information, see https://github.com/SeleniumHQ/selenium/wiki/ChromeDriver. The latest version can be downloaded from http://chromedriver.storage.googleapis.com/index.html"
              >
<![CDATA[java.lang.IllegalStateException: The path to the driver executable must be set by the webdriver.chrome.driver system property; for more information, see https://github.com/SeleniumHQ/selenium/wiki/ChromeDriver. The latest version can be downloaded from http://chromedriver.storage.googleapis.com/index.html
  com.google.common.base.Preconditions.checkState(Preconditions.java:847)
  org.openqa.selenium.remote.service.DriverService.findExecutable(DriverService.java:134)
  org.openqa.selenium.chrome.ChromeDriverService.access$000(ChromeDriverService.java:35)
  org.openqa.selenium.chrome.ChromeDriverService$Builder.findDefaultExecutable(ChromeDriverService.java:159)
  org.openqa.selenium.remote.service.DriverService$Builder.build(DriverService.java:355)
  org.openqa.selenium.chrome.ChromeDriverService.createDefaultService(ChromeDriverService.java:94)
  org.openqa.selenium.chrome.ChromeDriver.<init>(ChromeDriver.java:123)
  com.yodlee.customizationtool.NewTest.driverInit(NewTest.java:15)
  sun.reflect.NativeMethodAccessorImpl.invoke0(Native Method)
  sun.reflect.NativeMethodAccessorImpl.invoke(Unknown Source)
  sun.reflect.DelegatingMethodAccessorImpl.invoke(Unknown Source)
  java.lang.reflect.Method.invoke(Unknown Source)
  org.testng.internal.MethodInvocationHelper.invokeMethod(MethodInvocationHelper.java:86)
  org.testng.internal.Invoker.invokeConfigurationMethod(Invoker.java:514)
  org.testng.internal.Invoker.invokeConfigurations(Invoker.java:215)
  org.testng.internal.Invoker.invokeConfigurations(Invoker.java:142)
  org.testng.TestRunner.beforeRun(TestRunner.java:656)
  org.testng.TestRunner.run(TestRunner.java:624)
  org.testng.SuiteRunner.runTest(SuiteRunner.java:366)
  org.testng.SuiteRunner.runSequentially(SuiteRunner.java:361)
  org.testng.SuiteRunner.privateRun(SuiteRunner.java:319)
  org.testng.SuiteRunner.run(SuiteRunner.java:268)
  org.testng.SuiteRunnerWorker.runSuite(SuiteRunnerWorker.java:52)
  org.testng.SuiteRunnerWorker.run(SuiteRunnerWorker.java:86)
  org.testng.TestNG.runSuitesSequentially(TestNG.java:1244)
  org.testng.TestNG.runSuitesLocally(TestNG.java:1169)
  org.testng.TestNG.run(TestNG.java:1064)
  org.testng.remote.AbstractRemoteTestNG.run(AbstractRemoteTestNG.java:115)
  org.testng.remote.RemoteTestNG.initAndRun(RemoteTestNG.java:251)
  org.testng.remote.RemoteTestNG.main(RemoteTestNG.java:77)
]]>
      </failure>

          </testcase>
  
            <testcase name="closeSessions" time="0.0" classname="com.yodlee.customizationtool.NewTest">
          <skipped />
    </testcase>
            <testcase name="LaunchWeb" time="0.0" classname="com.yodlee.customizationtool.NewTest">
          <skipped />
    </testcase>
  
  
</testsuite>
