<?xml version="1.0" encoding="UTF-8"?>
<!-- Generated by org.testng.reporters.JUnitReportReporter -->
<testsuite hostname="IN-L2504" failures="0" tests="15" name="com.org.WebAppAutomation.PurchaseProduct" time="37.032" errors="1" timestamp="25 Feb 2021 05:47:39 GMT" skipped="0">
  <testcase classname="com.org.WebAppAutomation.PurchaseProduct" name="verifyLandingPage" time="7.668"/>
  <testcase classname="com.org.WebAppAutomation.PurchaseProduct" name="SelectCategory" time="2.755"/>
  <testcase classname="com.org.WebAppAutomation.PurchaseProduct" name="ApplyFiltersOnProducts" time="0.004">
    <error message="Cannot invoke &quot;com.org.pages.ApplyFiltersToSelectProducts.applyConditionFilter()&quot; because &quot;this.filters&quot; is null" type="java.lang.NullPointerException">
      <![CDATA[java.lang.NullPointerException: Cannot invoke "com.org.pages.ApplyFiltersToSelectProducts.applyConditionFilter()" because "this.filters" is null
at com.org.WebAppAutomation.PurchaseProduct.ApplyFiltersOnProducts(PurchaseProduct.java:37)
at java.base/jdk.internal.reflect.NativeMethodAccessorImpl.invoke0(Native Method)
at java.base/jdk.internal.reflect.NativeMethodAccessorImpl.invoke(NativeMethodAccessorImpl.java:64)
at java.base/jdk.internal.reflect.DelegatingMethodAccessorImpl.invoke(DelegatingMethodAccessorImpl.java:43)
at java.base/java.lang.reflect.Method.invoke(Method.java:564)
at org.testng.internal.MethodInvocationHelper.invokeMethod(MethodInvocationHelper.java:124)
at org.testng.internal.Invoker.invokeMethod(Invoker.java:583)
at org.testng.internal.Invoker.invokeTestMethod(Invoker.java:719)
at org.testng.internal.Invoker.invokeTestMethods(Invoker.java:989)
at org.testng.internal.TestMethodWorker.invokeTestMethods(TestMethodWorker.java:125)
at org.testng.internal.TestMethodWorker.run(TestMethodWorker.java:109)
at org.testng.TestRunner.privateRun(TestRunner.java:648)
at org.testng.TestRunner.run(TestRunner.java:505)
at org.testng.SuiteRunner.runTest(SuiteRunner.java:455)
at org.testng.SuiteRunner.runSequentially(SuiteRunner.java:450)
at org.testng.SuiteRunner.privateRun(SuiteRunner.java:415)
at org.testng.SuiteRunner.run(SuiteRunner.java:364)
at org.testng.SuiteRunnerWorker.runSuite(SuiteRunnerWorker.java:52)
at org.testng.SuiteRunnerWorker.run(SuiteRunnerWorker.java:84)
at org.testng.TestNG.runSuitesSequentially(TestNG.java:1208)
at org.testng.TestNG.runSuitesLocally(TestNG.java:1137)
at org.testng.TestNG.runSuites(TestNG.java:1049)
at org.testng.TestNG.run(TestNG.java:1017)
at org.testng.remote.AbstractRemoteTestNG.run(AbstractRemoteTestNG.java:115)
at org.testng.remote.RemoteTestNG.initAndRun(RemoteTestNG.java:251)
at org.testng.remote.RemoteTestNG.main(RemoteTestNG.java:77)
]]>
    </error>
  </testcase> <!-- ApplyFiltersOnProducts -->
  <testcase classname="com.org.WebAppAutomation.PurchaseProduct" name="selectProductWithSpecificPrice" time="0.801"/>
  <testcase classname="com.org.WebAppAutomation.PurchaseProduct" name="changeColorOfProductIfOptionsAvailable" time="2.070"/>
  <testcase classname="com.org.WebAppAutomation.PurchaseProduct" name="changeQuantityOfProduct" time="0.170"/>
  <testcase classname="com.org.WebAppAutomation.PurchaseProduct" name="selectSizeOfProduct" time="0.183"/>
  <testcase classname="com.org.WebAppAutomation.PurchaseProduct" name="submitTheProduct" time="0.304"/>
  <testcase classname="com.org.WebAppAutomation.PurchaseProduct" name="proceedToCheckOut" time="3.948"/>
  <testcase classname="com.org.WebAppAutomation.PurchaseProduct" name="reviewAndProceedToCheckOutProduct" time="4.171"/>
  <testcase classname="com.org.WebAppAutomation.PurchaseProduct" name="loginToPortal" time="2.456"/>
  <testcase classname="com.org.WebAppAutomation.PurchaseProduct" name="updateOrAddAddress" time="7.865"/>
  <testcase classname="com.org.WebAppAutomation.PurchaseProduct" name="shippingPageAcceptTnC" time="1.402"/>
  <testcase classname="com.org.WebAppAutomation.PurchaseProduct" name="paymentPageForOder" time="3.124"/>
  <testcase classname="com.org.WebAppAutomation.PurchaseProduct" name="orderConfirmationsPage" time="0.111"/>
</testsuite> <!-- com.org.WebAppAutomation.PurchaseProduct -->
